<?xml version="1.0" encoding="UTF-8"?>
<!-- Generated by org.testng.reporters.JUnitXMLReporter -->
<testsuite ignored="27" hostname="dPLAP166" failures="6" tests="17" name="About_network_test" time="1695.353" errors="0" timestamp="2023-09-29T21:40:48 IST">
  <testcase classname="XGLT_15177_Test" name="About" time="2.836"/>
  <testcase classname="XGLT_6748_Test" name="CreateNewSalesPerson" time="25.617"/>
  <testcase classname="XGLT_6693_Test" name="MissonControlReset" time="6.577"/>
  <testcase classname="XGLT_6688_Test" name="NetworkInstanceCurrentWeekPA" time="57.921">
    <failure type="java.lang.AssertionError" message="expected [true] but found [false]">
      <![CDATA[java.lang.AssertionError: expected [true] but found [false]
at XGLT_6688_Test.NetworkInstanceCurrentWeekPA(XGLT_6688_Test.java:47)
at java.base/java.util.ArrayList.forEach(ArrayList.java:1511)
... Removed 33 stack frames]]>
    </failure>
  </testcase> <!-- NetworkInstanceCurrentWeekPA -->
  <testcase classname="XGLT_6688_Test" name="NetworkInstanceCurrentWeekPB" time="251.37">
    <failure type="org.openqa.selenium.NoSuchElementException" message="no such element: Unable to locate element: {&amp;quot;method&amp;quot;:&amp;quot;xpath&amp;quot;,&amp;quot;selector&amp;quot;:&amp;quot;//div[contains(@ng-click,&amp;apos;PendingBuild&amp;apos;)]/div[@class=&amp;apos;ng-binding&amp;apos;]&amp;quot;}
  (Session info: chrome=117.0.5938.132)
For documentation on this error, please visit: https://www.seleniumhq.org/exceptions/no_such_element.html
Build info: version: &amp;apos;3.141.59&amp;apos;, revision: &amp;apos;e82be7d358&amp;apos;, time: &amp;apos;2018-11-14T08:17:03&amp;apos;
System info: host: &amp;apos;DPLAP166&amp;apos;, ip: &amp;apos;137.237.2.110&amp;apos;, os.name: &amp;apos;Windows 10&amp;apos;, os.arch: &amp;apos;amd64&amp;apos;, os.version: &amp;apos;10.0&amp;apos;, java.version: &amp;apos;19.0.1&amp;apos;
Driver info: org.openqa.selenium.chrome.ChromeDriver
Capabilities {acceptInsecureCerts: false, browserName: chrome, browserVersion: 117.0.5938.132, chrome: {chromedriverVersion: 117.0.5938.92 (67649b10b92b..., userDataDir: C:\Users\dP-PL\AppData\Loca...}, fedcm:accounts: true, goog:chromeOptions: {debuggerAddress: localhost:53490}, javascriptEnabled: true, networkConnectionEnabled: false, pageLoadStrategy: normal, platform: WINDOWS, platformName: WINDOWS, proxy: Proxy(), setWindowRect: true, strictFileInteractability: false, timeouts: {implicit: 0, pageLoad: 300000, script: 30000}, unhandledPromptBehavior: dismiss and notify, webauthn:extension:credBlob: true, webauthn:extension:largeBlob: true, webauthn:extension:minPinLength: true, webauthn:extension:prf: true, webauthn:virtualAuthenticators: true}
Session ID: 56d42ac2ed049fb5aefa376e3a0b9cf8
*** Element info: {Using=xpath, value=//div[contains(@ng-click,&amp;apos;PendingBuild&amp;apos;)]/div[@class=&amp;apos;ng-binding&amp;apos;]}">
      <![CDATA[org.openqa.selenium.NoSuchElementException: no such element: Unable to locate element: {"method":"xpath","selector":"//div[contains(@ng-click,'PendingBuild')]/div[@class='ng-binding']"}
  (Session info: chrome=117.0.5938.132)
For documentation on this error, please visit: https://www.seleniumhq.org/exceptions/no_such_element.html
Build info: version: '3.141.59', revision: 'e82be7d358', time: '2018-11-14T08:17:03'
System info: host: 'DPLAP166', ip: '137.237.2.110', os.name: 'Windows 10', os.arch: 'amd64', os.version: '10.0', java.version: '19.0.1'
Driver info: org.openqa.selenium.chrome.ChromeDriver
Capabilities {acceptInsecureCerts: false, browserName: chrome, browserVersion: 117.0.5938.132, chrome: {chromedriverVersion: 117.0.5938.92 (67649b10b92b..., userDataDir: C:\Users\dP-PL\AppData\Loca...}, fedcm:accounts: true, goog:chromeOptions: {debuggerAddress: localhost:53490}, javascriptEnabled: true, networkConnectionEnabled: false, pageLoadStrategy: normal, platform: WINDOWS, platformName: WINDOWS, proxy: Proxy(), setWindowRect: true, strictFileInteractability: false, timeouts: {implicit: 0, pageLoad: 300000, script: 30000}, unhandledPromptBehavior: dismiss and notify, webauthn:extension:credBlob: true, webauthn:extension:largeBlob: true, webauthn:extension:minPinLength: true, webauthn:extension:prf: true, webauthn:virtualAuthenticators: true}
Session ID: 56d42ac2ed049fb5aefa376e3a0b9cf8
*** Element info: {Using=xpath, value=//div[contains(@ng-click,'PendingBuild')]/div[@class='ng-binding']}
at org.openqa.selenium.remote.http.W3CHttpResponseCodec.createException(W3CHttpResponseCodec.java:187)
at org.openqa.selenium.remote.http.W3CHttpResponseCodec.decode(W3CHttpResponseCodec.java:122)
at org.openqa.selenium.remote.http.W3CHttpResponseCodec.decode(W3CHttpResponseCodec.java:49)
at org.openqa.selenium.remote.HttpCommandExecutor.execute(HttpCommandExecutor.java:158)
at org.openqa.selenium.remote.service.DriverCommandExecutor.execute(DriverCommandExecutor.java:83)
at org.openqa.selenium.remote.RemoteWebDriver.execute(RemoteWebDriver.java:552)
at org.openqa.selenium.remote.RemoteWebDriver.findElement(RemoteWebDriver.java:323)
at org.openqa.selenium.remote.RemoteWebDriver.findElementByXPath(RemoteWebDriver.java:428)
at org.openqa.selenium.By$ByXPath.findElement(By.java:353)
at org.openqa.selenium.remote.RemoteWebDriver.findElement(RemoteWebDriver.java:315)
at org.openqa.selenium.support.events.EventFiringWebDriver.lambda$new$1(EventFiringWebDriver.java:105)
at jdk.proxy2/jdk.proxy2.$Proxy24.findElement(Unknown Source)
at org.openqa.selenium.support.events.EventFiringWebDriver.findElement(EventFiringWebDriver.java:194)
at org.openqa.selenium.support.pagefactory.DefaultElementLocator.findElement(DefaultElementLocator.java:69)
at org.openqa.selenium.support.pagefactory.internal.LocatingElementHandler.invoke(LocatingElementHandler.java:38)
at jdk.proxy2/jdk.proxy2.$Proxy27.getText(Unknown Source)
at pages.NetworkInstancePage.getmcpendingbuildcount(NetworkInstancePage.java:165)
at pages.NetworkInstancePage.verifypendingbuildcount(NetworkInstancePage.java:180)
at XGLT_6688_Test.NetworkInstanceCurrentWeekPB(XGLT_6688_Test.java:57)
at java.base/java.util.ArrayList.forEach(ArrayList.java:1511)
... Removed 34 stack frames]]>
    </failure>
  </testcase> <!-- NetworkInstanceCurrentWeekPB -->
  <testcase classname="XGLT_6688_Test" name="NextfourDaysPA" time="113.411">
    <failure type="java.lang.AssertionError" message="expected [true] but found [false]">
      <![CDATA[java.lang.AssertionError: expected [true] but found [false]
at XGLT_6688_Test.NextfourDaysPA(XGLT_6688_Test.java:70)
at java.base/java.util.ArrayList.forEach(ArrayList.java:1511)
... Removed 33 stack frames]]>
    </failure>
  </testcase> <!-- NextfourDaysPA -->
  <testcase classname="XGLT_6688_Test" name="NextfourDaysPB" time="301.642">
    <failure type="org.openqa.selenium.NoSuchElementException" message="no such element: Unable to locate element: {&amp;quot;method&amp;quot;:&amp;quot;xpath&amp;quot;,&amp;quot;selector&amp;quot;:&amp;quot;//div[contains(@ng-click,&amp;apos;PendingBuild&amp;apos;)]/div[@class=&amp;apos;ng-binding&amp;apos;]&amp;quot;}
  (Session info: chrome=117.0.5938.132)
For documentation on this error, please visit: https://www.seleniumhq.org/exceptions/no_such_element.html
Build info: version: &amp;apos;3.141.59&amp;apos;, revision: &amp;apos;e82be7d358&amp;apos;, time: &amp;apos;2018-11-14T08:17:03&amp;apos;
System info: host: &amp;apos;DPLAP166&amp;apos;, ip: &amp;apos;137.237.2.110&amp;apos;, os.name: &amp;apos;Windows 10&amp;apos;, os.arch: &amp;apos;amd64&amp;apos;, os.version: &amp;apos;10.0&amp;apos;, java.version: &amp;apos;19.0.1&amp;apos;
Driver info: org.openqa.selenium.chrome.ChromeDriver
Capabilities {acceptInsecureCerts: false, browserName: chrome, browserVersion: 117.0.5938.132, chrome: {chromedriverVersion: 117.0.5938.92 (67649b10b92b..., userDataDir: C:\Users\dP-PL\AppData\Loca...}, fedcm:accounts: true, goog:chromeOptions: {debuggerAddress: localhost:53490}, javascriptEnabled: true, networkConnectionEnabled: false, pageLoadStrategy: normal, platform: WINDOWS, platformName: WINDOWS, proxy: Proxy(), setWindowRect: true, strictFileInteractability: false, timeouts: {implicit: 0, pageLoad: 300000, script: 30000}, unhandledPromptBehavior: dismiss and notify, webauthn:extension:credBlob: true, webauthn:extension:largeBlob: true, webauthn:extension:minPinLength: true, webauthn:extension:prf: true, webauthn:virtualAuthenticators: true}
Session ID: 56d42ac2ed049fb5aefa376e3a0b9cf8
*** Element info: {Using=xpath, value=//div[contains(@ng-click,&amp;apos;PendingBuild&amp;apos;)]/div[@class=&amp;apos;ng-binding&amp;apos;]}">
      <![CDATA[org.openqa.selenium.NoSuchElementException: no such element: Unable to locate element: {"method":"xpath","selector":"//div[contains(@ng-click,'PendingBuild')]/div[@class='ng-binding']"}
  (Session info: chrome=117.0.5938.132)
For documentation on this error, please visit: https://www.seleniumhq.org/exceptions/no_such_element.html
Build info: version: '3.141.59', revision: 'e82be7d358', time: '2018-11-14T08:17:03'
System info: host: 'DPLAP166', ip: '137.237.2.110', os.name: 'Windows 10', os.arch: 'amd64', os.version: '10.0', java.version: '19.0.1'
Driver info: org.openqa.selenium.chrome.ChromeDriver
Capabilities {acceptInsecureCerts: false, browserName: chrome, browserVersion: 117.0.5938.132, chrome: {chromedriverVersion: 117.0.5938.92 (67649b10b92b..., userDataDir: C:\Users\dP-PL\AppData\Loca...}, fedcm:accounts: true, goog:chromeOptions: {debuggerAddress: localhost:53490}, javascriptEnabled: true, networkConnectionEnabled: false, pageLoadStrategy: normal, platform: WINDOWS, platformName: WINDOWS, proxy: Proxy(), setWindowRect: true, strictFileInteractability: false, timeouts: {implicit: 0, pageLoad: 300000, script: 30000}, unhandledPromptBehavior: dismiss and notify, webauthn:extension:credBlob: true, webauthn:extension:largeBlob: true, webauthn:extension:minPinLength: true, webauthn:extension:prf: true, webauthn:virtualAuthenticators: true}
Session ID: 56d42ac2ed049fb5aefa376e3a0b9cf8
*** Element info: {Using=xpath, value=//div[contains(@ng-click,'PendingBuild')]/div[@class='ng-binding']}
at org.openqa.selenium.remote.http.W3CHttpResponseCodec.createException(W3CHttpResponseCodec.java:187)
at org.openqa.selenium.remote.http.W3CHttpResponseCodec.decode(W3CHttpResponseCodec.java:122)
at org.openqa.selenium.remote.http.W3CHttpResponseCodec.decode(W3CHttpResponseCodec.java:49)
at org.openqa.selenium.remote.HttpCommandExecutor.execute(HttpCommandExecutor.java:158)
at org.openqa.selenium.remote.service.DriverCommandExecutor.execute(DriverCommandExecutor.java:83)
at org.openqa.selenium.remote.RemoteWebDriver.execute(RemoteWebDriver.java:552)
at org.openqa.selenium.remote.RemoteWebDriver.findElement(RemoteWebDriver.java:323)
at org.openqa.selenium.remote.RemoteWebDriver.findElementByXPath(RemoteWebDriver.java:428)
at org.openqa.selenium.By$ByXPath.findElement(By.java:353)
at org.openqa.selenium.remote.RemoteWebDriver.findElement(RemoteWebDriver.java:315)
at org.openqa.selenium.support.events.EventFiringWebDriver.lambda$new$1(EventFiringWebDriver.java:105)
at jdk.proxy2/jdk.proxy2.$Proxy24.findElement(Unknown Source)
at org.openqa.selenium.support.events.EventFiringWebDriver.findElement(EventFiringWebDriver.java:194)
at org.openqa.selenium.support.pagefactory.DefaultElementLocator.findElement(DefaultElementLocator.java:69)
at org.openqa.selenium.support.pagefactory.internal.LocatingElementHandler.invoke(LocatingElementHandler.java:38)
at jdk.proxy2/jdk.proxy2.$Proxy27.getText(Unknown Source)
at pages.NetworkInstancePage.getmcpendingbuildcount(NetworkInstancePage.java:165)
at pages.NetworkInstancePage.verifypendingbuildcount(NetworkInstancePage.java:180)
at XGLT_6688_Test.NextfourDaysPB(XGLT_6688_Test.java:83)
at java.base/java.util.ArrayList.forEach(ArrayList.java:1511)
... Removed 34 stack frames]]>
    </failure>
  </testcase> <!-- NextfourDaysPB -->
  <testcase classname="XGLT_6688_Test" name="CustomDatePA" time="50.541">
    <failure type="org.openqa.selenium.ElementNotInteractableException" message="element not interactable
  (Session info: chrome=117.0.5938.132)
Build info: version: &amp;apos;3.141.59&amp;apos;, revision: &amp;apos;e82be7d358&amp;apos;, time: &amp;apos;2018-11-14T08:17:03&amp;apos;
System info: host: &amp;apos;DPLAP166&amp;apos;, ip: &amp;apos;137.237.2.110&amp;apos;, os.name: &amp;apos;Windows 10&amp;apos;, os.arch: &amp;apos;amd64&amp;apos;, os.version: &amp;apos;10.0&amp;apos;, java.version: &amp;apos;19.0.1&amp;apos;
Driver info: org.openqa.selenium.chrome.ChromeDriver
Capabilities {acceptInsecureCerts: false, browserName: chrome, browserVersion: 117.0.5938.132, chrome: {chromedriverVersion: 117.0.5938.92 (67649b10b92b..., userDataDir: C:\Users\dP-PL\AppData\Loca...}, fedcm:accounts: true, goog:chromeOptions: {debuggerAddress: localhost:53490}, javascriptEnabled: true, networkConnectionEnabled: false, pageLoadStrategy: normal, platform: WINDOWS, platformName: WINDOWS, proxy: Proxy(), setWindowRect: true, strictFileInteractability: false, timeouts: {implicit: 0, pageLoad: 300000, script: 30000}, unhandledPromptBehavior: dismiss and notify, webauthn:extension:credBlob: true, webauthn:extension:largeBlob: true, webauthn:extension:minPinLength: true, webauthn:extension:prf: true, webauthn:virtualAuthenticators: true}
Session ID: 56d42ac2ed049fb5aefa376e3a0b9cf8">
      <![CDATA[org.openqa.selenium.ElementNotInteractableException: element not interactable
  (Session info: chrome=117.0.5938.132)
Build info: version: '3.141.59', revision: 'e82be7d358', time: '2018-11-14T08:17:03'
System info: host: 'DPLAP166', ip: '137.237.2.110', os.name: 'Windows 10', os.arch: 'amd64', os.version: '10.0', java.version: '19.0.1'
Driver info: org.openqa.selenium.chrome.ChromeDriver
Capabilities {acceptInsecureCerts: false, browserName: chrome, browserVersion: 117.0.5938.132, chrome: {chromedriverVersion: 117.0.5938.92 (67649b10b92b..., userDataDir: C:\Users\dP-PL\AppData\Loca...}, fedcm:accounts: true, goog:chromeOptions: {debuggerAddress: localhost:53490}, javascriptEnabled: true, networkConnectionEnabled: false, pageLoadStrategy: normal, platform: WINDOWS, platformName: WINDOWS, proxy: Proxy(), setWindowRect: true, strictFileInteractability: false, timeouts: {implicit: 0, pageLoad: 300000, script: 30000}, unhandledPromptBehavior: dismiss and notify, webauthn:extension:credBlob: true, webauthn:extension:largeBlob: true, webauthn:extension:minPinLength: true, webauthn:extension:prf: true, webauthn:virtualAuthenticators: true}
Session ID: 56d42ac2ed049fb5aefa376e3a0b9cf8
at org.openqa.selenium.remote.http.W3CHttpResponseCodec.createException(W3CHttpResponseCodec.java:187)
at org.openqa.selenium.remote.http.W3CHttpResponseCodec.decode(W3CHttpResponseCodec.java:122)
at org.openqa.selenium.remote.http.W3CHttpResponseCodec.decode(W3CHttpResponseCodec.java:49)
at org.openqa.selenium.remote.HttpCommandExecutor.execute(HttpCommandExecutor.java:158)
at org.openqa.selenium.remote.service.DriverCommandExecutor.execute(DriverCommandExecutor.java:83)
at org.openqa.selenium.remote.RemoteWebDriver.execute(RemoteWebDriver.java:552)
at org.openqa.selenium.remote.RemoteWebElement.execute(RemoteWebElement.java:285)
at org.openqa.selenium.remote.RemoteWebElement.click(RemoteWebElement.java:84)
at org.openqa.selenium.support.events.EventFiringWebDriver$EventFiringWebElement.lambda$new$0(EventFiringWebDriver.java:404)
at jdk.proxy2/jdk.proxy2.$Proxy28.click(Unknown Source)
at org.openqa.selenium.support.events.EventFiringWebDriver$EventFiringWebElement.click(EventFiringWebDriver.java:417)
at org.openqa.selenium.support.pagefactory.internal.LocatingElementHandler.invoke(LocatingElementHandler.java:51)
at jdk.proxy2/jdk.proxy2.$Proxy27.click(Unknown Source)
at pages.NetworkInstancePage.selectDate(NetworkInstancePage.java:126)
at XGLT_6688_Test.CustomDatePA(XGLT_6688_Test.java:96)
at java.base/java.util.ArrayList.forEach(ArrayList.java:1511)
... Removed 36 stack frames]]>
    </failure>
  </testcase> <!-- CustomDatePA -->
  <testcase classname="XGLT_6688_Test" name="CustomDatePB" time="112.819">
    <failure type="java.lang.AssertionError" message="expected [true] but found [false]">
      <![CDATA[java.lang.AssertionError: expected [true] but found [false]
at XGLT_6688_Test.CustomDatePB(XGLT_6688_Test.java:110)
at java.base/java.util.ArrayList.forEach(ArrayList.java:1511)
... Removed 33 stack frames]]>
    </failure>
  </testcase> <!-- CustomDatePB -->
  <testcase classname="XGLT_6992_Test" name="MCsetUser" time="5.513"/>
  <testcase classname="XGLT_6992_Test" name="getMCUsercounts" time="7.448"/>
  <testcase classname="XGLT_6749_Test" name="CreateNewSalesoffice" time="1.285"/>
  <testcase classname="XGLT_6150_Test" name="CreateNewrevenuType" time="21.504"/>
  <testcase classname="XGLT_6753_Test" name="CreateCommodityCode" time="22.049"/>
  <testcase classname="XGLT_6751_Test" name="CreateNewRetailUnit" time="2.352"/>
  <testcase classname="XGLT_6752_Test" name="CreateNewHardRegion" time="3.757"/>
  <testcase classname="XGLT_6752_Test" name="CreateNewSoftRegion" time="3.611"/>
  <testcase classname="base.BaseClass" name="@BeforeSuite setupLog4j" time="0.0">
    <ignored/>
  </testcase> <!-- @BeforeSuite setupLog4j -->
  <testcase classname="base.BaseClass" name="@BeforeSuite archive_old" time="0.0">
    <ignored/>
  </testcase> <!-- @BeforeSuite archive_old -->
  <testcase classname="base.BaseClass" name="@BeforeSuite archive_old" time="0.0">
    <ignored/>
  </testcase> <!-- @BeforeSuite archive_old -->
  <testcase classname="base.BaseClass" name="@BeforeSuite initOR" time="0.0">
    <ignored/>
  </testcase> <!-- @BeforeSuite initOR -->
  <testcase classname="base.BaseClass" name="@BeforeSuite initOR" time="0.0">
    <ignored/>
  </testcase> <!-- @BeforeSuite initOR -->
  <testcase classname="base.BaseClass" name="@BeforeSuite initOR" time="0.0">
    <ignored/>
  </testcase> <!-- @BeforeSuite initOR -->
  <testcase classname="base.BaseClass" name="@BeforeSuite setupLog4j" time="0.0">
    <ignored/>
  </testcase> <!-- @BeforeSuite setupLog4j -->
  <testcase classname="base.BaseClass" name="@BeforeSuite setupLog4j" time="0.0">
    <ignored/>
  </testcase> <!-- @BeforeSuite setupLog4j -->
  <testcase classname="base.BaseClass" name="@BeforeSuite initOR" time="0.0">
    <ignored/>
  </testcase> <!-- @BeforeSuite initOR -->
  <testcase classname="base.BaseClass" name="@BeforeSuite setupLog4j" time="0.0">
    <ignored/>
  </testcase> <!-- @BeforeSuite setupLog4j -->
  <testcase classname="base.BaseClass" name="@BeforeSuite archive_old" time="0.0">
    <ignored/>
  </testcase> <!-- @BeforeSuite archive_old -->
  <testcase classname="base.BaseClass" name="@BeforeSuite initOR" time="0.0">
    <ignored/>
  </testcase> <!-- @BeforeSuite initOR -->
  <testcase classname="base.BaseClass" name="@BeforeSuite archive_old" time="0.0">
    <ignored/>
  </testcase> <!-- @BeforeSuite archive_old -->
  <testcase classname="base.BaseClass" name="@BeforeSuite archive_old" time="0.0">
    <ignored/>
  </testcase> <!-- @BeforeSuite archive_old -->
  <testcase classname="base.BaseClass" name="@BeforeSuite initOR" time="0.0">
    <ignored/>
  </testcase> <!-- @BeforeSuite initOR -->
  <testcase classname="base.BaseClass" name="@BeforeSuite setupLog4j" time="0.0">
    <ignored/>
  </testcase> <!-- @BeforeSuite setupLog4j -->
  <testcase classname="base.BaseClass" name="@BeforeSuite archive_old" time="0.0">
    <ignored/>
  </testcase> <!-- @BeforeSuite archive_old -->
  <testcase classname="base.BaseClass" name="@BeforeSuite setupLog4j" time="0.0">
    <ignored/>
  </testcase> <!-- @BeforeSuite setupLog4j -->
  <testcase classname="base.BaseClass" name="@BeforeSuite setupLog4j" time="0.0">
    <ignored/>
  </testcase> <!-- @BeforeSuite setupLog4j -->
  <testcase classname="base.BaseClass" name="@BeforeSuite archive_old" time="0.0">
    <ignored/>
  </testcase> <!-- @BeforeSuite archive_old -->
  <testcase classname="base.BaseClass" name="@BeforeSuite archive_old" time="0.0">
    <ignored/>
  </testcase> <!-- @BeforeSuite archive_old -->
  <testcase classname="base.BaseClass" name="@BeforeSuite initOR" time="0.0">
    <ignored/>
  </testcase> <!-- @BeforeSuite initOR -->
  <testcase classname="base.BaseClass" name="@BeforeSuite setupLog4j" time="0.0">
    <ignored/>
  </testcase> <!-- @BeforeSuite setupLog4j -->
  <testcase classname="base.BaseClass" name="@BeforeSuite archive_old" time="0.0">
    <ignored/>
  </testcase> <!-- @BeforeSuite archive_old -->
  <testcase classname="base.BaseClass" name="@BeforeSuite setupLog4j" time="0.0">
    <ignored/>
  </testcase> <!-- @BeforeSuite setupLog4j -->
  <testcase classname="base.BaseClass" name="@BeforeSuite initOR" time="0.0">
    <ignored/>
  </testcase> <!-- @BeforeSuite initOR -->
  <testcase classname="base.BaseClass" name="@BeforeSuite initOR" time="0.0">
    <ignored/>
  </testcase> <!-- @BeforeSuite initOR -->
</testsuite> <!-- About_network_test -->
