<?xml version="1.0" encoding="UTF-8"?>
<!-- Generated by org.testng.reporters.JUnitXMLReporter -->
<testsuite ignored="50" hostname="dPLAP166" failures="6" tests="29" name="Maintainance Tests" time="8527.862" errors="0" timestamp="2024-01-26T00:05:09 IST">
  <testcase classname="XGLT_15177_Test" name="About" time="62.726"/>
  <testcase classname="Create_Network" name="search_Network" time="213.794"/>
  <testcase classname="Create_Network" name="create_Network" time="61.376"/>
  <testcase classname="XGLT_6748_Test" name="CreateNewSalesPerson" time="266.337"/>
  <testcase classname="XGLT_6693_Test" name="MissonControlReset" time="427.335"/>
  <testcase classname="XGLT_6688_Test" name="NetworkInstanceCurrentWeekPA" time="699.153">
    <failure type="org.openqa.selenium.NoSuchElementException" message="no such element: Unable to locate element: {&amp;quot;method&amp;quot;:&amp;quot;xpath&amp;quot;,&amp;quot;selector&amp;quot;:&amp;quot;//h1[contains(text(),&amp;apos;Pending Allocation&amp;apos;)]/following-sibling::h1&amp;quot;}
  (Session info: chrome=121.0.6167.86)
For documentation on this error, please visit: https://www.seleniumhq.org/exceptions/no_such_element.html
Build info: version: &amp;apos;3.141.59&amp;apos;, revision: &amp;apos;e82be7d358&amp;apos;, time: &amp;apos;2018-11-14T08:17:03&amp;apos;
System info: host: &amp;apos;DPLAP166&amp;apos;, ip: &amp;apos;137.237.3.67&amp;apos;, os.name: &amp;apos;Windows 10&amp;apos;, os.arch: &amp;apos;amd64&amp;apos;, os.version: &amp;apos;10.0&amp;apos;, java.version: &amp;apos;19.0.1&amp;apos;
Driver info: org.openqa.selenium.chrome.ChromeDriver
Capabilities {acceptInsecureCerts: true, browserName: chrome, browserVersion: 121.0.6167.86, chrome: {chromedriverVersion: 121.0.6167.85 (3f98d690ad7e..., userDataDir: C:\Users\dP-PL\AppData\Loca...}, fedcm:accounts: true, goog:chromeOptions: {debuggerAddress: localhost:55824}, javascriptEnabled: true, networkConnectionEnabled: false, pageLoadStrategy: normal, platform: WINDOWS, platformName: WINDOWS, proxy: Proxy(), setWindowRect: true, strictFileInteractability: false, timeouts: {implicit: 0, pageLoad: 300000, script: 30000}, unhandledPromptBehavior: dismiss and notify, webauthn:extension:credBlob: true, webauthn:extension:largeBlob: true, webauthn:extension:minPinLength: true, webauthn:extension:prf: true, webauthn:virtualAuthenticators: true}
Session ID: e5e3d20ecd4947491b936a0f47975d85
*** Element info: {Using=xpath, value=//h1[contains(text(),&amp;apos;Pending Allocation&amp;apos;)]/following-sibling::h1}">
      <![CDATA[org.openqa.selenium.NoSuchElementException: no such element: Unable to locate element: {"method":"xpath","selector":"//h1[contains(text(),'Pending Allocation')]/following-sibling::h1"}
  (Session info: chrome=121.0.6167.86)
For documentation on this error, please visit: https://www.seleniumhq.org/exceptions/no_such_element.html
Build info: version: '3.141.59', revision: 'e82be7d358', time: '2018-11-14T08:17:03'
System info: host: 'DPLAP166', ip: '137.237.3.67', os.name: 'Windows 10', os.arch: 'amd64', os.version: '10.0', java.version: '19.0.1'
Driver info: org.openqa.selenium.chrome.ChromeDriver
Capabilities {acceptInsecureCerts: true, browserName: chrome, browserVersion: 121.0.6167.86, chrome: {chromedriverVersion: 121.0.6167.85 (3f98d690ad7e..., userDataDir: C:\Users\dP-PL\AppData\Loca...}, fedcm:accounts: true, goog:chromeOptions: {debuggerAddress: localhost:55824}, javascriptEnabled: true, networkConnectionEnabled: false, pageLoadStrategy: normal, platform: WINDOWS, platformName: WINDOWS, proxy: Proxy(), setWindowRect: true, strictFileInteractability: false, timeouts: {implicit: 0, pageLoad: 300000, script: 30000}, unhandledPromptBehavior: dismiss and notify, webauthn:extension:credBlob: true, webauthn:extension:largeBlob: true, webauthn:extension:minPinLength: true, webauthn:extension:prf: true, webauthn:virtualAuthenticators: true}
Session ID: e5e3d20ecd4947491b936a0f47975d85
*** Element info: {Using=xpath, value=//h1[contains(text(),'Pending Allocation')]/following-sibling::h1}
at org.openqa.selenium.remote.http.W3CHttpResponseCodec.createException(W3CHttpResponseCodec.java:187)
at org.openqa.selenium.remote.http.W3CHttpResponseCodec.decode(W3CHttpResponseCodec.java:122)
at org.openqa.selenium.remote.http.W3CHttpResponseCodec.decode(W3CHttpResponseCodec.java:49)
at org.openqa.selenium.remote.HttpCommandExecutor.execute(HttpCommandExecutor.java:158)
at org.openqa.selenium.remote.service.DriverCommandExecutor.execute(DriverCommandExecutor.java:83)
at org.openqa.selenium.remote.RemoteWebDriver.execute(RemoteWebDriver.java:552)
at org.openqa.selenium.remote.RemoteWebDriver.findElement(RemoteWebDriver.java:323)
at org.openqa.selenium.remote.RemoteWebDriver.findElementByXPath(RemoteWebDriver.java:428)
at org.openqa.selenium.By$ByXPath.findElement(By.java:353)
at org.openqa.selenium.remote.RemoteWebDriver.findElement(RemoteWebDriver.java:315)
at org.openqa.selenium.support.events.EventFiringWebDriver.lambda$new$1(EventFiringWebDriver.java:105)
at jdk.proxy2/jdk.proxy2.$Proxy25.findElement(Unknown Source)
at org.openqa.selenium.support.events.EventFiringWebDriver.findElement(EventFiringWebDriver.java:194)
at org.openqa.selenium.support.pagefactory.DefaultElementLocator.findElement(DefaultElementLocator.java:69)
at org.openqa.selenium.support.pagefactory.internal.LocatingElementHandler.invoke(LocatingElementHandler.java:38)
at jdk.proxy2/jdk.proxy2.$Proxy28.getText(Unknown Source)
at pages.NetworkInstancePage.getactualpendingallocationcount(NetworkInstancePage.java:139)
at pages.NetworkInstancePage.verifypendingallocationcount(NetworkInstancePage.java:149)
at XGLT_6688_Test.NetworkInstanceCurrentWeekPA(XGLT_6688_Test.java:48)
at java.base/java.util.ArrayList.forEach(ArrayList.java:1511)
... Removed 34 stack frames]]>
    </failure>
  </testcase> <!-- NetworkInstanceCurrentWeekPA -->
  <testcase classname="XGLT_6688_Test" name="NetworkInstanceCurrentWeekPB" time="221.405">
    <failure type="org.openqa.selenium.NoSuchElementException" message="no such element: Unable to locate element: {&amp;quot;method&amp;quot;:&amp;quot;xpath&amp;quot;,&amp;quot;selector&amp;quot;:&amp;quot;//h1[contains(text(),&amp;apos;Pending Build&amp;apos;)]/following-sibling::h1&amp;quot;}
  (Session info: chrome=121.0.6167.86)
For documentation on this error, please visit: https://www.seleniumhq.org/exceptions/no_such_element.html
Build info: version: &amp;apos;3.141.59&amp;apos;, revision: &amp;apos;e82be7d358&amp;apos;, time: &amp;apos;2018-11-14T08:17:03&amp;apos;
System info: host: &amp;apos;DPLAP166&amp;apos;, ip: &amp;apos;137.237.3.67&amp;apos;, os.name: &amp;apos;Windows 10&amp;apos;, os.arch: &amp;apos;amd64&amp;apos;, os.version: &amp;apos;10.0&amp;apos;, java.version: &amp;apos;19.0.1&amp;apos;
Driver info: org.openqa.selenium.chrome.ChromeDriver
Capabilities {acceptInsecureCerts: true, browserName: chrome, browserVersion: 121.0.6167.86, chrome: {chromedriverVersion: 121.0.6167.85 (3f98d690ad7e..., userDataDir: C:\Users\dP-PL\AppData\Loca...}, fedcm:accounts: true, goog:chromeOptions: {debuggerAddress: localhost:55824}, javascriptEnabled: true, networkConnectionEnabled: false, pageLoadStrategy: normal, platform: WINDOWS, platformName: WINDOWS, proxy: Proxy(), setWindowRect: true, strictFileInteractability: false, timeouts: {implicit: 0, pageLoad: 300000, script: 30000}, unhandledPromptBehavior: dismiss and notify, webauthn:extension:credBlob: true, webauthn:extension:largeBlob: true, webauthn:extension:minPinLength: true, webauthn:extension:prf: true, webauthn:virtualAuthenticators: true}
Session ID: e5e3d20ecd4947491b936a0f47975d85
*** Element info: {Using=xpath, value=//h1[contains(text(),&amp;apos;Pending Build&amp;apos;)]/following-sibling::h1}">
      <![CDATA[org.openqa.selenium.NoSuchElementException: no such element: Unable to locate element: {"method":"xpath","selector":"//h1[contains(text(),'Pending Build')]/following-sibling::h1"}
  (Session info: chrome=121.0.6167.86)
For documentation on this error, please visit: https://www.seleniumhq.org/exceptions/no_such_element.html
Build info: version: '3.141.59', revision: 'e82be7d358', time: '2018-11-14T08:17:03'
System info: host: 'DPLAP166', ip: '137.237.3.67', os.name: 'Windows 10', os.arch: 'amd64', os.version: '10.0', java.version: '19.0.1'
Driver info: org.openqa.selenium.chrome.ChromeDriver
Capabilities {acceptInsecureCerts: true, browserName: chrome, browserVersion: 121.0.6167.86, chrome: {chromedriverVersion: 121.0.6167.85 (3f98d690ad7e..., userDataDir: C:\Users\dP-PL\AppData\Loca...}, fedcm:accounts: true, goog:chromeOptions: {debuggerAddress: localhost:55824}, javascriptEnabled: true, networkConnectionEnabled: false, pageLoadStrategy: normal, platform: WINDOWS, platformName: WINDOWS, proxy: Proxy(), setWindowRect: true, strictFileInteractability: false, timeouts: {implicit: 0, pageLoad: 300000, script: 30000}, unhandledPromptBehavior: dismiss and notify, webauthn:extension:credBlob: true, webauthn:extension:largeBlob: true, webauthn:extension:minPinLength: true, webauthn:extension:prf: true, webauthn:virtualAuthenticators: true}
Session ID: e5e3d20ecd4947491b936a0f47975d85
*** Element info: {Using=xpath, value=//h1[contains(text(),'Pending Build')]/following-sibling::h1}
at org.openqa.selenium.remote.http.W3CHttpResponseCodec.createException(W3CHttpResponseCodec.java:187)
at org.openqa.selenium.remote.http.W3CHttpResponseCodec.decode(W3CHttpResponseCodec.java:122)
at org.openqa.selenium.remote.http.W3CHttpResponseCodec.decode(W3CHttpResponseCodec.java:49)
at org.openqa.selenium.remote.HttpCommandExecutor.execute(HttpCommandExecutor.java:158)
at org.openqa.selenium.remote.service.DriverCommandExecutor.execute(DriverCommandExecutor.java:83)
at org.openqa.selenium.remote.RemoteWebDriver.execute(RemoteWebDriver.java:552)
at org.openqa.selenium.remote.RemoteWebDriver.findElement(RemoteWebDriver.java:323)
at org.openqa.selenium.remote.RemoteWebDriver.findElementByXPath(RemoteWebDriver.java:428)
at org.openqa.selenium.By$ByXPath.findElement(By.java:353)
at org.openqa.selenium.remote.RemoteWebDriver.findElement(RemoteWebDriver.java:315)
at org.openqa.selenium.support.events.EventFiringWebDriver.lambda$new$1(EventFiringWebDriver.java:105)
at jdk.proxy2/jdk.proxy2.$Proxy25.findElement(Unknown Source)
at org.openqa.selenium.support.events.EventFiringWebDriver.findElement(EventFiringWebDriver.java:194)
at org.openqa.selenium.support.pagefactory.DefaultElementLocator.findElement(DefaultElementLocator.java:69)
at org.openqa.selenium.support.pagefactory.internal.LocatingElementHandler.invoke(LocatingElementHandler.java:38)
at jdk.proxy2/jdk.proxy2.$Proxy28.getText(Unknown Source)
at pages.NetworkInstancePage.getactualpendingbuildcount(NetworkInstancePage.java:170)
at pages.NetworkInstancePage.verifypendingbuildcount(NetworkInstancePage.java:180)
at XGLT_6688_Test.NetworkInstanceCurrentWeekPB(XGLT_6688_Test.java:57)
at java.base/java.util.ArrayList.forEach(ArrayList.java:1511)
... Removed 34 stack frames]]>
    </failure>
  </testcase> <!-- NetworkInstanceCurrentWeekPB -->
  <testcase classname="XGLT_6688_Test" name="NextfourDaysPA" time="332.644">
    <failure type="org.openqa.selenium.NoSuchElementException" message="no such element: Unable to locate element: {&amp;quot;method&amp;quot;:&amp;quot;xpath&amp;quot;,&amp;quot;selector&amp;quot;:&amp;quot;//h1[contains(text(),&amp;apos;Pending Allocation&amp;apos;)]/following-sibling::h1&amp;quot;}
  (Session info: chrome=121.0.6167.86)
For documentation on this error, please visit: https://www.seleniumhq.org/exceptions/no_such_element.html
Build info: version: &amp;apos;3.141.59&amp;apos;, revision: &amp;apos;e82be7d358&amp;apos;, time: &amp;apos;2018-11-14T08:17:03&amp;apos;
System info: host: &amp;apos;DPLAP166&amp;apos;, ip: &amp;apos;137.237.3.67&amp;apos;, os.name: &amp;apos;Windows 10&amp;apos;, os.arch: &amp;apos;amd64&amp;apos;, os.version: &amp;apos;10.0&amp;apos;, java.version: &amp;apos;19.0.1&amp;apos;
Driver info: org.openqa.selenium.chrome.ChromeDriver
Capabilities {acceptInsecureCerts: true, browserName: chrome, browserVersion: 121.0.6167.86, chrome: {chromedriverVersion: 121.0.6167.85 (3f98d690ad7e..., userDataDir: C:\Users\dP-PL\AppData\Loca...}, fedcm:accounts: true, goog:chromeOptions: {debuggerAddress: localhost:55824}, javascriptEnabled: true, networkConnectionEnabled: false, pageLoadStrategy: normal, platform: WINDOWS, platformName: WINDOWS, proxy: Proxy(), setWindowRect: true, strictFileInteractability: false, timeouts: {implicit: 0, pageLoad: 300000, script: 30000}, unhandledPromptBehavior: dismiss and notify, webauthn:extension:credBlob: true, webauthn:extension:largeBlob: true, webauthn:extension:minPinLength: true, webauthn:extension:prf: true, webauthn:virtualAuthenticators: true}
Session ID: e5e3d20ecd4947491b936a0f47975d85
*** Element info: {Using=xpath, value=//h1[contains(text(),&amp;apos;Pending Allocation&amp;apos;)]/following-sibling::h1}">
      <![CDATA[org.openqa.selenium.NoSuchElementException: no such element: Unable to locate element: {"method":"xpath","selector":"//h1[contains(text(),'Pending Allocation')]/following-sibling::h1"}
  (Session info: chrome=121.0.6167.86)
For documentation on this error, please visit: https://www.seleniumhq.org/exceptions/no_such_element.html
Build info: version: '3.141.59', revision: 'e82be7d358', time: '2018-11-14T08:17:03'
System info: host: 'DPLAP166', ip: '137.237.3.67', os.name: 'Windows 10', os.arch: 'amd64', os.version: '10.0', java.version: '19.0.1'
Driver info: org.openqa.selenium.chrome.ChromeDriver
Capabilities {acceptInsecureCerts: true, browserName: chrome, browserVersion: 121.0.6167.86, chrome: {chromedriverVersion: 121.0.6167.85 (3f98d690ad7e..., userDataDir: C:\Users\dP-PL\AppData\Loca...}, fedcm:accounts: true, goog:chromeOptions: {debuggerAddress: localhost:55824}, javascriptEnabled: true, networkConnectionEnabled: false, pageLoadStrategy: normal, platform: WINDOWS, platformName: WINDOWS, proxy: Proxy(), setWindowRect: true, strictFileInteractability: false, timeouts: {implicit: 0, pageLoad: 300000, script: 30000}, unhandledPromptBehavior: dismiss and notify, webauthn:extension:credBlob: true, webauthn:extension:largeBlob: true, webauthn:extension:minPinLength: true, webauthn:extension:prf: true, webauthn:virtualAuthenticators: true}
Session ID: e5e3d20ecd4947491b936a0f47975d85
*** Element info: {Using=xpath, value=//h1[contains(text(),'Pending Allocation')]/following-sibling::h1}
at org.openqa.selenium.remote.http.W3CHttpResponseCodec.createException(W3CHttpResponseCodec.java:187)
at org.openqa.selenium.remote.http.W3CHttpResponseCodec.decode(W3CHttpResponseCodec.java:122)
at org.openqa.selenium.remote.http.W3CHttpResponseCodec.decode(W3CHttpResponseCodec.java:49)
at org.openqa.selenium.remote.HttpCommandExecutor.execute(HttpCommandExecutor.java:158)
at org.openqa.selenium.remote.service.DriverCommandExecutor.execute(DriverCommandExecutor.java:83)
at org.openqa.selenium.remote.RemoteWebDriver.execute(RemoteWebDriver.java:552)
at org.openqa.selenium.remote.RemoteWebDriver.findElement(RemoteWebDriver.java:323)
at org.openqa.selenium.remote.RemoteWebDriver.findElementByXPath(RemoteWebDriver.java:428)
at org.openqa.selenium.By$ByXPath.findElement(By.java:353)
at org.openqa.selenium.remote.RemoteWebDriver.findElement(RemoteWebDriver.java:315)
at org.openqa.selenium.support.events.EventFiringWebDriver.lambda$new$1(EventFiringWebDriver.java:105)
at jdk.proxy2/jdk.proxy2.$Proxy25.findElement(Unknown Source)
at org.openqa.selenium.support.events.EventFiringWebDriver.findElement(EventFiringWebDriver.java:194)
at org.openqa.selenium.support.pagefactory.DefaultElementLocator.findElement(DefaultElementLocator.java:69)
at org.openqa.selenium.support.pagefactory.internal.LocatingElementHandler.invoke(LocatingElementHandler.java:38)
at jdk.proxy2/jdk.proxy2.$Proxy28.getText(Unknown Source)
at pages.NetworkInstancePage.getactualpendingallocationcount(NetworkInstancePage.java:139)
at pages.NetworkInstancePage.verifypendingallocationcount(NetworkInstancePage.java:149)
at XGLT_6688_Test.NextfourDaysPA(XGLT_6688_Test.java:70)
at java.base/java.util.ArrayList.forEach(ArrayList.java:1511)
... Removed 34 stack frames]]>
    </failure>
  </testcase> <!-- NextfourDaysPA -->
  <testcase classname="XGLT_6688_Test" name="NextfourDaysPB" time="252.284">
    <failure type="org.openqa.selenium.NoSuchElementException" message="no such element: Unable to locate element: {&amp;quot;method&amp;quot;:&amp;quot;xpath&amp;quot;,&amp;quot;selector&amp;quot;:&amp;quot;//h1[contains(text(),&amp;apos;Pending Build&amp;apos;)]/following-sibling::h1&amp;quot;}
  (Session info: chrome=121.0.6167.86)
For documentation on this error, please visit: https://www.seleniumhq.org/exceptions/no_such_element.html
Build info: version: &amp;apos;3.141.59&amp;apos;, revision: &amp;apos;e82be7d358&amp;apos;, time: &amp;apos;2018-11-14T08:17:03&amp;apos;
System info: host: &amp;apos;DPLAP166&amp;apos;, ip: &amp;apos;137.237.3.67&amp;apos;, os.name: &amp;apos;Windows 10&amp;apos;, os.arch: &amp;apos;amd64&amp;apos;, os.version: &amp;apos;10.0&amp;apos;, java.version: &amp;apos;19.0.1&amp;apos;
Driver info: org.openqa.selenium.chrome.ChromeDriver
Capabilities {acceptInsecureCerts: true, browserName: chrome, browserVersion: 121.0.6167.86, chrome: {chromedriverVersion: 121.0.6167.85 (3f98d690ad7e..., userDataDir: C:\Users\dP-PL\AppData\Loca...}, fedcm:accounts: true, goog:chromeOptions: {debuggerAddress: localhost:55824}, javascriptEnabled: true, networkConnectionEnabled: false, pageLoadStrategy: normal, platform: WINDOWS, platformName: WINDOWS, proxy: Proxy(), setWindowRect: true, strictFileInteractability: false, timeouts: {implicit: 0, pageLoad: 300000, script: 30000}, unhandledPromptBehavior: dismiss and notify, webauthn:extension:credBlob: true, webauthn:extension:largeBlob: true, webauthn:extension:minPinLength: true, webauthn:extension:prf: true, webauthn:virtualAuthenticators: true}
Session ID: e5e3d20ecd4947491b936a0f47975d85
*** Element info: {Using=xpath, value=//h1[contains(text(),&amp;apos;Pending Build&amp;apos;)]/following-sibling::h1}">
      <![CDATA[org.openqa.selenium.NoSuchElementException: no such element: Unable to locate element: {"method":"xpath","selector":"//h1[contains(text(),'Pending Build')]/following-sibling::h1"}
  (Session info: chrome=121.0.6167.86)
For documentation on this error, please visit: https://www.seleniumhq.org/exceptions/no_such_element.html
Build info: version: '3.141.59', revision: 'e82be7d358', time: '2018-11-14T08:17:03'
System info: host: 'DPLAP166', ip: '137.237.3.67', os.name: 'Windows 10', os.arch: 'amd64', os.version: '10.0', java.version: '19.0.1'
Driver info: org.openqa.selenium.chrome.ChromeDriver
Capabilities {acceptInsecureCerts: true, browserName: chrome, browserVersion: 121.0.6167.86, chrome: {chromedriverVersion: 121.0.6167.85 (3f98d690ad7e..., userDataDir: C:\Users\dP-PL\AppData\Loca...}, fedcm:accounts: true, goog:chromeOptions: {debuggerAddress: localhost:55824}, javascriptEnabled: true, networkConnectionEnabled: false, pageLoadStrategy: normal, platform: WINDOWS, platformName: WINDOWS, proxy: Proxy(), setWindowRect: true, strictFileInteractability: false, timeouts: {implicit: 0, pageLoad: 300000, script: 30000}, unhandledPromptBehavior: dismiss and notify, webauthn:extension:credBlob: true, webauthn:extension:largeBlob: true, webauthn:extension:minPinLength: true, webauthn:extension:prf: true, webauthn:virtualAuthenticators: true}
Session ID: e5e3d20ecd4947491b936a0f47975d85
*** Element info: {Using=xpath, value=//h1[contains(text(),'Pending Build')]/following-sibling::h1}
at org.openqa.selenium.remote.http.W3CHttpResponseCodec.createException(W3CHttpResponseCodec.java:187)
at org.openqa.selenium.remote.http.W3CHttpResponseCodec.decode(W3CHttpResponseCodec.java:122)
at org.openqa.selenium.remote.http.W3CHttpResponseCodec.decode(W3CHttpResponseCodec.java:49)
at org.openqa.selenium.remote.HttpCommandExecutor.execute(HttpCommandExecutor.java:158)
at org.openqa.selenium.remote.service.DriverCommandExecutor.execute(DriverCommandExecutor.java:83)
at org.openqa.selenium.remote.RemoteWebDriver.execute(RemoteWebDriver.java:552)
at org.openqa.selenium.remote.RemoteWebDriver.findElement(RemoteWebDriver.java:323)
at org.openqa.selenium.remote.RemoteWebDriver.findElementByXPath(RemoteWebDriver.java:428)
at org.openqa.selenium.By$ByXPath.findElement(By.java:353)
at org.openqa.selenium.remote.RemoteWebDriver.findElement(RemoteWebDriver.java:315)
at org.openqa.selenium.support.events.EventFiringWebDriver.lambda$new$1(EventFiringWebDriver.java:105)
at jdk.proxy2/jdk.proxy2.$Proxy25.findElement(Unknown Source)
at org.openqa.selenium.support.events.EventFiringWebDriver.findElement(EventFiringWebDriver.java:194)
at org.openqa.selenium.support.pagefactory.DefaultElementLocator.findElement(DefaultElementLocator.java:69)
at org.openqa.selenium.support.pagefactory.internal.LocatingElementHandler.invoke(LocatingElementHandler.java:38)
at jdk.proxy2/jdk.proxy2.$Proxy28.getText(Unknown Source)
at pages.NetworkInstancePage.getactualpendingbuildcount(NetworkInstancePage.java:170)
at pages.NetworkInstancePage.verifypendingbuildcount(NetworkInstancePage.java:180)
at XGLT_6688_Test.NextfourDaysPB(XGLT_6688_Test.java:82)
at java.base/java.util.ArrayList.forEach(ArrayList.java:1511)
... Removed 34 stack frames]]>
    </failure>
  </testcase> <!-- NextfourDaysPB -->
  <testcase classname="XGLT_6688_Test" name="CustomDatePA" time="363.447">
    <failure type="org.openqa.selenium.NoSuchElementException" message="no such element: Unable to locate element: {&amp;quot;method&amp;quot;:&amp;quot;xpath&amp;quot;,&amp;quot;selector&amp;quot;:&amp;quot;//h1[contains(text(),&amp;apos;Pending Allocation&amp;apos;)]/following-sibling::h1&amp;quot;}
  (Session info: chrome=121.0.6167.86)
For documentation on this error, please visit: https://www.seleniumhq.org/exceptions/no_such_element.html
Build info: version: &amp;apos;3.141.59&amp;apos;, revision: &amp;apos;e82be7d358&amp;apos;, time: &amp;apos;2018-11-14T08:17:03&amp;apos;
System info: host: &amp;apos;DPLAP166&amp;apos;, ip: &amp;apos;137.237.3.67&amp;apos;, os.name: &amp;apos;Windows 10&amp;apos;, os.arch: &amp;apos;amd64&amp;apos;, os.version: &amp;apos;10.0&amp;apos;, java.version: &amp;apos;19.0.1&amp;apos;
Driver info: org.openqa.selenium.chrome.ChromeDriver
Capabilities {acceptInsecureCerts: true, browserName: chrome, browserVersion: 121.0.6167.86, chrome: {chromedriverVersion: 121.0.6167.85 (3f98d690ad7e..., userDataDir: C:\Users\dP-PL\AppData\Loca...}, fedcm:accounts: true, goog:chromeOptions: {debuggerAddress: localhost:55824}, javascriptEnabled: true, networkConnectionEnabled: false, pageLoadStrategy: normal, platform: WINDOWS, platformName: WINDOWS, proxy: Proxy(), setWindowRect: true, strictFileInteractability: false, timeouts: {implicit: 0, pageLoad: 300000, script: 30000}, unhandledPromptBehavior: dismiss and notify, webauthn:extension:credBlob: true, webauthn:extension:largeBlob: true, webauthn:extension:minPinLength: true, webauthn:extension:prf: true, webauthn:virtualAuthenticators: true}
Session ID: e5e3d20ecd4947491b936a0f47975d85
*** Element info: {Using=xpath, value=//h1[contains(text(),&amp;apos;Pending Allocation&amp;apos;)]/following-sibling::h1}">
      <![CDATA[org.openqa.selenium.NoSuchElementException: no such element: Unable to locate element: {"method":"xpath","selector":"//h1[contains(text(),'Pending Allocation')]/following-sibling::h1"}
  (Session info: chrome=121.0.6167.86)
For documentation on this error, please visit: https://www.seleniumhq.org/exceptions/no_such_element.html
Build info: version: '3.141.59', revision: 'e82be7d358', time: '2018-11-14T08:17:03'
System info: host: 'DPLAP166', ip: '137.237.3.67', os.name: 'Windows 10', os.arch: 'amd64', os.version: '10.0', java.version: '19.0.1'
Driver info: org.openqa.selenium.chrome.ChromeDriver
Capabilities {acceptInsecureCerts: true, browserName: chrome, browserVersion: 121.0.6167.86, chrome: {chromedriverVersion: 121.0.6167.85 (3f98d690ad7e..., userDataDir: C:\Users\dP-PL\AppData\Loca...}, fedcm:accounts: true, goog:chromeOptions: {debuggerAddress: localhost:55824}, javascriptEnabled: true, networkConnectionEnabled: false, pageLoadStrategy: normal, platform: WINDOWS, platformName: WINDOWS, proxy: Proxy(), setWindowRect: true, strictFileInteractability: false, timeouts: {implicit: 0, pageLoad: 300000, script: 30000}, unhandledPromptBehavior: dismiss and notify, webauthn:extension:credBlob: true, webauthn:extension:largeBlob: true, webauthn:extension:minPinLength: true, webauthn:extension:prf: true, webauthn:virtualAuthenticators: true}
Session ID: e5e3d20ecd4947491b936a0f47975d85
*** Element info: {Using=xpath, value=//h1[contains(text(),'Pending Allocation')]/following-sibling::h1}
at org.openqa.selenium.remote.http.W3CHttpResponseCodec.createException(W3CHttpResponseCodec.java:187)
at org.openqa.selenium.remote.http.W3CHttpResponseCodec.decode(W3CHttpResponseCodec.java:122)
at org.openqa.selenium.remote.http.W3CHttpResponseCodec.decode(W3CHttpResponseCodec.java:49)
at org.openqa.selenium.remote.HttpCommandExecutor.execute(HttpCommandExecutor.java:158)
at org.openqa.selenium.remote.service.DriverCommandExecutor.execute(DriverCommandExecutor.java:83)
at org.openqa.selenium.remote.RemoteWebDriver.execute(RemoteWebDriver.java:552)
at org.openqa.selenium.remote.RemoteWebDriver.findElement(RemoteWebDriver.java:323)
at org.openqa.selenium.remote.RemoteWebDriver.findElementByXPath(RemoteWebDriver.java:428)
at org.openqa.selenium.By$ByXPath.findElement(By.java:353)
at org.openqa.selenium.remote.RemoteWebDriver.findElement(RemoteWebDriver.java:315)
at org.openqa.selenium.support.events.EventFiringWebDriver.lambda$new$1(EventFiringWebDriver.java:105)
at jdk.proxy2/jdk.proxy2.$Proxy25.findElement(Unknown Source)
at org.openqa.selenium.support.events.EventFiringWebDriver.findElement(EventFiringWebDriver.java:194)
at org.openqa.selenium.support.pagefactory.DefaultElementLocator.findElement(DefaultElementLocator.java:69)
at org.openqa.selenium.support.pagefactory.internal.LocatingElementHandler.invoke(LocatingElementHandler.java:38)
at jdk.proxy2/jdk.proxy2.$Proxy28.getText(Unknown Source)
at pages.NetworkInstancePage.getactualpendingallocationcount(NetworkInstancePage.java:139)
at pages.NetworkInstancePage.verifypendingallocationcount(NetworkInstancePage.java:149)
at XGLT_6688_Test.CustomDatePA(XGLT_6688_Test.java:96)
at java.base/java.util.ArrayList.forEach(ArrayList.java:1511)
... Removed 34 stack frames]]>
    </failure>
  </testcase> <!-- CustomDatePA -->
  <testcase classname="XGLT_6688_Test" name="CustomDatePB" time="434.412">
    <failure type="org.openqa.selenium.NoSuchElementException" message="no such element: Unable to locate element: {&amp;quot;method&amp;quot;:&amp;quot;xpath&amp;quot;,&amp;quot;selector&amp;quot;:&amp;quot;//h1[contains(text(),&amp;apos;Pending Build&amp;apos;)]/following-sibling::h1&amp;quot;}
  (Session info: chrome=121.0.6167.86)
For documentation on this error, please visit: https://www.seleniumhq.org/exceptions/no_such_element.html
Build info: version: &amp;apos;3.141.59&amp;apos;, revision: &amp;apos;e82be7d358&amp;apos;, time: &amp;apos;2018-11-14T08:17:03&amp;apos;
System info: host: &amp;apos;DPLAP166&amp;apos;, ip: &amp;apos;137.237.3.67&amp;apos;, os.name: &amp;apos;Windows 10&amp;apos;, os.arch: &amp;apos;amd64&amp;apos;, os.version: &amp;apos;10.0&amp;apos;, java.version: &amp;apos;19.0.1&amp;apos;
Driver info: org.openqa.selenium.chrome.ChromeDriver
Capabilities {acceptInsecureCerts: true, browserName: chrome, browserVersion: 121.0.6167.86, chrome: {chromedriverVersion: 121.0.6167.85 (3f98d690ad7e..., userDataDir: C:\Users\dP-PL\AppData\Loca...}, fedcm:accounts: true, goog:chromeOptions: {debuggerAddress: localhost:55824}, javascriptEnabled: true, networkConnectionEnabled: false, pageLoadStrategy: normal, platform: WINDOWS, platformName: WINDOWS, proxy: Proxy(), setWindowRect: true, strictFileInteractability: false, timeouts: {implicit: 0, pageLoad: 300000, script: 30000}, unhandledPromptBehavior: dismiss and notify, webauthn:extension:credBlob: true, webauthn:extension:largeBlob: true, webauthn:extension:minPinLength: true, webauthn:extension:prf: true, webauthn:virtualAuthenticators: true}
Session ID: e5e3d20ecd4947491b936a0f47975d85
*** Element info: {Using=xpath, value=//h1[contains(text(),&amp;apos;Pending Build&amp;apos;)]/following-sibling::h1}">
      <![CDATA[org.openqa.selenium.NoSuchElementException: no such element: Unable to locate element: {"method":"xpath","selector":"//h1[contains(text(),'Pending Build')]/following-sibling::h1"}
  (Session info: chrome=121.0.6167.86)
For documentation on this error, please visit: https://www.seleniumhq.org/exceptions/no_such_element.html
Build info: version: '3.141.59', revision: 'e82be7d358', time: '2018-11-14T08:17:03'
System info: host: 'DPLAP166', ip: '137.237.3.67', os.name: 'Windows 10', os.arch: 'amd64', os.version: '10.0', java.version: '19.0.1'
Driver info: org.openqa.selenium.chrome.ChromeDriver
Capabilities {acceptInsecureCerts: true, browserName: chrome, browserVersion: 121.0.6167.86, chrome: {chromedriverVersion: 121.0.6167.85 (3f98d690ad7e..., userDataDir: C:\Users\dP-PL\AppData\Loca...}, fedcm:accounts: true, goog:chromeOptions: {debuggerAddress: localhost:55824}, javascriptEnabled: true, networkConnectionEnabled: false, pageLoadStrategy: normal, platform: WINDOWS, platformName: WINDOWS, proxy: Proxy(), setWindowRect: true, strictFileInteractability: false, timeouts: {implicit: 0, pageLoad: 300000, script: 30000}, unhandledPromptBehavior: dismiss and notify, webauthn:extension:credBlob: true, webauthn:extension:largeBlob: true, webauthn:extension:minPinLength: true, webauthn:extension:prf: true, webauthn:virtualAuthenticators: true}
Session ID: e5e3d20ecd4947491b936a0f47975d85
*** Element info: {Using=xpath, value=//h1[contains(text(),'Pending Build')]/following-sibling::h1}
at org.openqa.selenium.remote.http.W3CHttpResponseCodec.createException(W3CHttpResponseCodec.java:187)
at org.openqa.selenium.remote.http.W3CHttpResponseCodec.decode(W3CHttpResponseCodec.java:122)
at org.openqa.selenium.remote.http.W3CHttpResponseCodec.decode(W3CHttpResponseCodec.java:49)
at org.openqa.selenium.remote.HttpCommandExecutor.execute(HttpCommandExecutor.java:158)
at org.openqa.selenium.remote.service.DriverCommandExecutor.execute(DriverCommandExecutor.java:83)
at org.openqa.selenium.remote.RemoteWebDriver.execute(RemoteWebDriver.java:552)
at org.openqa.selenium.remote.RemoteWebDriver.findElement(RemoteWebDriver.java:323)
at org.openqa.selenium.remote.RemoteWebDriver.findElementByXPath(RemoteWebDriver.java:428)
at org.openqa.selenium.By$ByXPath.findElement(By.java:353)
at org.openqa.selenium.remote.RemoteWebDriver.findElement(RemoteWebDriver.java:315)
at org.openqa.selenium.support.events.EventFiringWebDriver.lambda$new$1(EventFiringWebDriver.java:105)
at jdk.proxy2/jdk.proxy2.$Proxy25.findElement(Unknown Source)
at org.openqa.selenium.support.events.EventFiringWebDriver.findElement(EventFiringWebDriver.java:194)
at org.openqa.selenium.support.pagefactory.DefaultElementLocator.findElement(DefaultElementLocator.java:69)
at org.openqa.selenium.support.pagefactory.internal.LocatingElementHandler.invoke(LocatingElementHandler.java:38)
at jdk.proxy2/jdk.proxy2.$Proxy28.getText(Unknown Source)
at pages.NetworkInstancePage.getactualpendingbuildcount(NetworkInstancePage.java:170)
at pages.NetworkInstancePage.verifypendingbuildcount(NetworkInstancePage.java:180)
at XGLT_6688_Test.CustomDatePB(XGLT_6688_Test.java:109)
at java.base/java.util.ArrayList.forEach(ArrayList.java:1511)
... Removed 34 stack frames]]>
    </failure>
  </testcase> <!-- CustomDatePB -->
  <testcase classname="XGLT_6692_Test" name="MCsetUser" time="427.496"/>
  <testcase classname="XGLT_6692_Test" name="getMCUsercounts" time="6.831"/>
  <testcase classname="XGLT_6749_Test" name="CreateNewSalesoffice" time="153.71"/>
  <testcase classname="XGLT_6150_Test" name="CreateNewrevenuType" time="234.554"/>
  <testcase classname="XGLT_6753_Test" name="CreateCommodityCode" time="265.783"/>
  <testcase classname="XGLT_6751_Test" name="CreateNewRetailUnit" time="214.635"/>
  <testcase classname="XGLT_6752_Test" name="CreateNewSoftRegion" time="367.263"/>
  <testcase classname="XGLT_6666_Test" name="CreateNewStandardCust" time="275.11"/>
  <testcase classname="XGLT_6672_Test" name="CreateAdcopyoflen15" time="388.856"/>
  <testcase classname="XGLT_6685_Test" name="MCActivewithRevenue" time="520.348"/>
  <testcase classname="XGLT_6685_Test" name="MCinactivewithrev" time="122.271"/>
  <testcase classname="XGLT_6685_Test" name="MCCredithold" time="122.171"/>
  <testcase classname="XGLT_6685_Test" name="MCactivewithoutrev" time="121.763"/>
  <testcase classname="XGLT_6687_Test" name="setFinanceWidget" time="429.126"/>
  <testcase classname="XGLT_6687_Test" name="OpenRecord" time="92.258"/>
  <testcase classname="XGLT_6687_Test" name="PreparedRecord" time="291.474"/>
  <testcase classname="XGLT_6687_Test" name="SubmittedRecord" time="122.155"/>
  <testcase classname="pingTest" name="pingTest" time="0.488"/>
  <testcase classname="XGLT_6672_Test" name="CreateSecondAdcopyoflen15" time="0.0">
    <ignored/>
  </testcase> <!-- CreateSecondAdcopyoflen15 -->
  <testcase classname="base.BaseClass" name="@BeforeSuite archive_old" time="0.0">
    <ignored/>
  </testcase> <!-- @BeforeSuite archive_old -->
  <testcase classname="base.BaseClass" name="@BeforeSuite initOR" time="0.0">
    <ignored/>
  </testcase> <!-- @BeforeSuite initOR -->
  <testcase classname="base.BaseClass" name="@BeforeSuite initOR" time="0.0">
    <ignored/>
  </testcase> <!-- @BeforeSuite initOR -->
  <testcase classname="base.BaseClass" name="@BeforeSuite initOR" time="0.0">
    <ignored/>
  </testcase> <!-- @BeforeSuite initOR -->
  <testcase classname="XGLT_6672_Test" name="CreateAdcopyoflen30" time="0.0">
    <ignored/>
  </testcase> <!-- CreateAdcopyoflen30 -->
  <testcase classname="base.BaseClass" name="@BeforeSuite initOR" time="0.0">
    <ignored/>
  </testcase> <!-- @BeforeSuite initOR -->
  <testcase classname="base.BaseClass" name="@BeforeSuite archive_old" time="0.0">
    <ignored/>
  </testcase> <!-- @BeforeSuite archive_old -->
  <testcase classname="base.BaseClass" name="@BeforeSuite setupLog4j" time="0.0">
    <ignored/>
  </testcase> <!-- @BeforeSuite setupLog4j -->
  <testcase classname="base.BaseClass" name="@BeforeSuite setupLog4j" time="0.0">
    <ignored/>
  </testcase> <!-- @BeforeSuite setupLog4j -->
  <testcase classname="XGLT_6666_Test" name="CreateNewRepCust" time="0.0">
    <ignored/>
  </testcase> <!-- CreateNewRepCust -->
  <testcase classname="base.BaseClass" name="@BeforeSuite setupLog4j" time="0.0">
    <ignored/>
  </testcase> <!-- @BeforeSuite setupLog4j -->
  <testcase classname="base.BaseClass" name="@BeforeSuite archive_old" time="0.0">
    <ignored/>
  </testcase> <!-- @BeforeSuite archive_old -->
  <testcase classname="XGLT_6666_Test" name="CreateNewAgencyCust" time="0.0">
    <ignored/>
  </testcase> <!-- CreateNewAgencyCust -->
  <testcase classname="base.BaseClass" name="@BeforeSuite setupLog4j" time="0.0">
    <ignored/>
  </testcase> <!-- @BeforeSuite setupLog4j -->
  <testcase classname="base.BaseClass" name="@BeforeSuite initOR" time="0.0">
    <ignored/>
  </testcase> <!-- @BeforeSuite initOR -->
  <testcase classname="base.BaseClass" name="@BeforeSuite setupLog4j" time="0.0">
    <ignored/>
  </testcase> <!-- @BeforeSuite setupLog4j -->
  <testcase classname="base.BaseClass" name="@BeforeSuite setupLog4j" time="0.0">
    <ignored/>
  </testcase> <!-- @BeforeSuite setupLog4j -->
  <testcase classname="base.BaseClass" name="@BeforeSuite setupLog4j" time="0.0">
    <ignored/>
  </testcase> <!-- @BeforeSuite setupLog4j -->
  <testcase classname="base.BaseClass" name="@BeforeSuite initOR" time="0.0">
    <ignored/>
  </testcase> <!-- @BeforeSuite initOR -->
  <testcase classname="base.BaseClass" name="@BeforeSuite archive_old" time="0.0">
    <ignored/>
  </testcase> <!-- @BeforeSuite archive_old -->
  <testcase classname="base.BaseClass" name="@BeforeSuite setupLog4j" time="0.0">
    <ignored/>
  </testcase> <!-- @BeforeSuite setupLog4j -->
  <testcase classname="base.BaseClass" name="@BeforeSuite setupLog4j" time="0.0">
    <ignored/>
  </testcase> <!-- @BeforeSuite setupLog4j -->
  <testcase classname="base.BaseClass" name="@BeforeSuite archive_old" time="0.0">
    <ignored/>
  </testcase> <!-- @BeforeSuite archive_old -->
  <testcase classname="base.BaseClass" name="@BeforeSuite archive_old" time="0.0">
    <ignored/>
  </testcase> <!-- @BeforeSuite archive_old -->
  <testcase classname="base.BaseClass" name="@BeforeSuite setupLog4j" time="0.0">
    <ignored/>
  </testcase> <!-- @BeforeSuite setupLog4j -->
  <testcase classname="base.BaseClass" name="@BeforeSuite initOR" time="0.0">
    <ignored/>
  </testcase> <!-- @BeforeSuite initOR -->
  <testcase classname="base.BaseClass" name="@BeforeSuite archive_old" time="0.0">
    <ignored/>
  </testcase> <!-- @BeforeSuite archive_old -->
  <testcase classname="base.BaseClass" name="@BeforeSuite setupLog4j" time="0.0">
    <ignored/>
  </testcase> <!-- @BeforeSuite setupLog4j -->
  <testcase classname="base.BaseClass" name="@BeforeSuite setupLog4j" time="0.0">
    <ignored/>
  </testcase> <!-- @BeforeSuite setupLog4j -->
  <testcase classname="base.BaseClass" name="@BeforeSuite archive_old" time="0.0">
    <ignored/>
  </testcase> <!-- @BeforeSuite archive_old -->
  <testcase classname="base.BaseClass" name="@BeforeSuite initOR" time="0.0">
    <ignored/>
  </testcase> <!-- @BeforeSuite initOR -->
  <testcase classname="base.BaseClass" name="@BeforeSuite initOR" time="0.0">
    <ignored/>
  </testcase> <!-- @BeforeSuite initOR -->
  <testcase classname="base.BaseClass" name="@BeforeSuite setupLog4j" time="0.0">
    <ignored/>
  </testcase> <!-- @BeforeSuite setupLog4j -->
  <testcase classname="base.BaseClass" name="@BeforeSuite archive_old" time="0.0">
    <ignored/>
  </testcase> <!-- @BeforeSuite archive_old -->
  <testcase classname="base.BaseClass" name="@BeforeSuite archive_old" time="0.0">
    <ignored/>
  </testcase> <!-- @BeforeSuite archive_old -->
  <testcase classname="base.BaseClass" name="@BeforeSuite initOR" time="0.0">
    <ignored/>
  </testcase> <!-- @BeforeSuite initOR -->
  <testcase classname="base.BaseClass" name="@BeforeSuite initOR" time="0.0">
    <ignored/>
  </testcase> <!-- @BeforeSuite initOR -->
  <testcase classname="base.BaseClass" name="@BeforeSuite initOR" time="0.0">
    <ignored/>
  </testcase> <!-- @BeforeSuite initOR -->
  <testcase classname="base.BaseClass" name="@BeforeSuite initOR" time="0.0">
    <ignored/>
  </testcase> <!-- @BeforeSuite initOR -->
  <testcase classname="base.BaseClass" name="@BeforeSuite archive_old" time="0.0">
    <ignored/>
  </testcase> <!-- @BeforeSuite archive_old -->
  <testcase classname="XGLT_6752_Test" name="CreateNewHardRegion" time="0.0">
    <ignored/>
  </testcase> <!-- CreateNewHardRegion -->
  <testcase classname="base.BaseClass" name="@BeforeSuite setupLog4j" time="0.0">
    <ignored/>
  </testcase> <!-- @BeforeSuite setupLog4j -->
  <testcase classname="base.BaseClass" name="@BeforeSuite setupLog4j" time="0.0">
    <ignored/>
  </testcase> <!-- @BeforeSuite setupLog4j -->
  <testcase classname="base.BaseClass" name="@BeforeSuite archive_old" time="0.0">
    <ignored/>
  </testcase> <!-- @BeforeSuite archive_old -->
  <testcase classname="base.BaseClass" name="@BeforeSuite initOR" time="0.0">
    <ignored/>
  </testcase> <!-- @BeforeSuite initOR -->
  <testcase classname="base.BaseClass" name="@BeforeSuite initOR" time="0.0">
    <ignored/>
  </testcase> <!-- @BeforeSuite initOR -->
  <testcase classname="base.BaseClass" name="@BeforeSuite archive_old" time="0.0">
    <ignored/>
  </testcase> <!-- @BeforeSuite archive_old -->
  <testcase classname="base.BaseClass" name="@BeforeSuite archive_old" time="0.0">
    <ignored/>
  </testcase> <!-- @BeforeSuite archive_old -->
  <testcase classname="base.BaseClass" name="@BeforeSuite archive_old" time="0.0">
    <ignored/>
  </testcase> <!-- @BeforeSuite archive_old -->
</testsuite> <!-- Maintainance Tests -->
