<?xml version="1.0" encoding="UTF-8"?>
<testsuite xmlns:xsi="http://www.w3.org/2001/XMLSchema-instance" xsi:noNamespaceSchemaLocation="https://maven.apache.org/surefire/maven-surefire-plugin/xsd/surefire-test-report-3.0.xsd" version="3.0" name="TestSuite" time="1,697.869" tests="17" errors="0" skipped="0" failures="6">
  <properties>
    <property name="java.specification.version" value="19"/>
    <property name="webdriver.chrome.driver" value="C:\Users\dP-PL\.cache\selenium\chromedriver\win64\117.0.5938.92\chromedriver.exe"/>
    <property name="sun.cpu.isalist" value="amd64"/>
    <property name="sun.jnu.encoding" value="Cp1252"/>
    <property name="java.class.path" value="D:\XGL Final\XGLFinal\target\test-classes;D:\XGL Final\XGLFinal\target\classes;C:\Users\dP-PL\.m2\repository\org\seleniumhq\selenium\selenium-java\3.141.59\selenium-java-3.141.59.jar;C:\Users\dP-PL\.m2\repository\org\seleniumhq\selenium\selenium-api\3.141.59\selenium-api-3.141.59.jar;C:\Users\dP-PL\.m2\repository\org\seleniumhq\selenium\selenium-chrome-driver\3.141.59\selenium-chrome-driver-3.141.59.jar;C:\Users\dP-PL\.m2\repository\org\seleniumhq\selenium\selenium-edge-driver\3.141.59\selenium-edge-driver-3.141.59.jar;C:\Users\dP-PL\.m2\repository\org\seleniumhq\selenium\selenium-firefox-driver\3.141.59\selenium-firefox-driver-3.141.59.jar;C:\Users\dP-PL\.m2\repository\org\seleniumhq\selenium\selenium-ie-driver\3.141.59\selenium-ie-driver-3.141.59.jar;C:\Users\dP-PL\.m2\repository\org\seleniumhq\selenium\selenium-opera-driver\3.141.59\selenium-opera-driver-3.141.59.jar;C:\Users\dP-PL\.m2\repository\org\seleniumhq\selenium\selenium-remote-driver\3.141.59\selenium-remote-driver-3.141.59.jar;C:\Users\dP-PL\.m2\repository\org\seleniumhq\selenium\selenium-safari-driver\3.141.59\selenium-safari-driver-3.141.59.jar;C:\Users\dP-PL\.m2\repository\org\seleniumhq\selenium\selenium-support\3.141.59\selenium-support-3.141.59.jar;C:\Users\dP-PL\.m2\repository\net\bytebuddy\byte-buddy\1.8.15\byte-buddy-1.8.15.jar;C:\Users\dP-PL\.m2\repository\org\apache\commons\commons-exec\1.3\commons-exec-1.3.jar;C:\Users\dP-PL\.m2\repository\com\google\guava\guava\25.0-jre\guava-25.0-jre.jar;C:\Users\dP-PL\.m2\repository\org\checkerframework\checker-compat-qual\2.0.0\checker-compat-qual-2.0.0.jar;C:\Users\dP-PL\.m2\repository\com\google\errorprone\error_prone_annotations\2.1.3\error_prone_annotations-2.1.3.jar;C:\Users\dP-PL\.m2\repository\com\google\j2objc\j2objc-annotations\1.1\j2objc-annotations-1.1.jar;C:\Users\dP-PL\.m2\repository\org\codehaus\mojo\animal-sniffer-annotations\1.14\animal-sniffer-annotations-1.14.jar;C:\Users\dP-PL\.m2\repository\com\squareup\okhttp3\okhttp\3.11.0\okhttp-3.11.0.jar;C:\Users\dP-PL\.m2\repository\com\squareup\okio\okio\1.14.0\okio-1.14.0.jar;C:\Users\dP-PL\.m2\repository\org\seleniumhq\selenium\selenium-http-jdk-client\4.8.1\selenium-http-jdk-client-4.8.1.jar;C:\Users\dP-PL\.m2\repository\com\google\auto\service\auto-service-annotations\1.0.1\auto-service-annotations-1.0.1.jar;C:\Users\dP-PL\.m2\repository\com\google\auto\service\auto-service\1.0.1\auto-service-1.0.1.jar;C:\Users\dP-PL\.m2\repository\com\google\auto\auto-common\1.2\auto-common-1.2.jar;C:\Users\dP-PL\.m2\repository\org\seleniumhq\selenium\selenium-http\4.8.1\selenium-http-4.8.1.jar;C:\Users\dP-PL\.m2\repository\dev\failsafe\failsafe\3.3.0\failsafe-3.3.0.jar;C:\Users\dP-PL\.m2\repository\org\seleniumhq\selenium\selenium-json\4.8.1\selenium-json-4.8.1.jar;C:\Users\dP-PL\.m2\repository\io\github\bonigarcia\webdrivermanager\5.4.1\webdrivermanager-5.4.1.jar;C:\Users\dP-PL\.m2\repository\com\github\docker-java\docker-java\3.3.2\docker-java-3.3.2.jar;C:\Users\dP-PL\.m2\repository\com\github\docker-java\docker-java-core\3.3.2\docker-java-core-3.3.2.jar;C:\Users\dP-PL\.m2\repository\com\github\docker-java\docker-java-api\3.3.2\docker-java-api-3.3.2.jar;C:\Users\dP-PL\.m2\repository\com\github\docker-java\docker-java-transport-httpclient5\3.3.2\docker-java-transport-httpclient5-3.3.2.jar;C:\Users\dP-PL\.m2\repository\com\github\docker-java\docker-java-transport\3.3.2\docker-java-transport-3.3.2.jar;C:\Users\dP-PL\.m2\repository\net\java\dev\jna\jna\5.12.1\jna-5.12.1.jar;C:\Users\dP-PL\.m2\repository\org\brotli\dec\0.1.2\dec-0.1.2.jar;C:\Users\dP-PL\.m2\repository\org\apache\commons\commons-lang3\3.12.0\commons-lang3-3.12.0.jar;C:\Users\dP-PL\.m2\repository\org\apache\httpcomponents\client5\httpclient5\5.2.1\httpclient5-5.2.1.jar;C:\Users\dP-PL\.m2\repository\org\apache\httpcomponents\core5\httpcore5\5.2\httpcore5-5.2.jar;C:\Users\dP-PL\.m2\repository\org\apache\httpcomponents\core5\httpcore5-h2\5.2\httpcore5-h2-5.2.jar;C:\Users\dP-PL\.m2\repository\org\testng\testng\7.6.1\testng-7.6.1.jar;C:\Users\dP-PL\.m2\repository\com\google\code\findbugs\jsr305\3.0.2\jsr305-3.0.2.jar;C:\Users\dP-PL\.m2\repository\com\beust\jcommander\1.82\jcommander-1.82.jar;C:\Users\dP-PL\.m2\repository\org\webjars\jquery\3.6.0\jquery-3.6.0.jar;C:\Users\dP-PL\.m2\repository\net\rcarz\Jira-client\0.5\Jira-client-0.5.jar;C:\Users\dP-PL\.m2\repository\org\apache\httpcomponents\httpmime\4.2.5\httpmime-4.2.5.jar;C:\Users\dP-PL\.m2\repository\net\sf\json-lib\json-lib\2.4\json-lib-2.4-jdk15.jar;C:\Users\dP-PL\.m2\repository\commons-beanutils\commons-beanutils\1.8.0\commons-beanutils-1.8.0.jar;C:\Users\dP-PL\.m2\repository\commons-collections\commons-collections\3.2.1\commons-collections-3.2.1.jar;C:\Users\dP-PL\.m2\repository\commons-lang\commons-lang\2.5\commons-lang-2.5.jar;C:\Users\dP-PL\.m2\repository\net\sf\ezmorph\ezmorph\1.0.6\ezmorph-1.0.6.jar;C:\Users\dP-PL\.m2\repository\joda-time\joda-time\2.3\joda-time-2.3.jar;C:\Users\dP-PL\.m2\repository\junit\junit\4.8.2\junit-4.8.2.jar;C:\Users\dP-PL\.m2\repository\org\mockito\mockito-all\1.9.0\mockito-all-1.9.0.jar;C:\Users\dP-PL\.m2\repository\commons-httpclient\commons-httpclient\3.1\commons-httpclient-3.1.jar;C:\Users\dP-PL\.m2\repository\org\apache\maven\plugins\maven-surefire-plugin\3.0.0-M7\maven-surefire-plugin-3.0.0-M7.jar;C:\Users\dP-PL\.m2\repository\org\apache\maven\surefire\maven-surefire-common\3.0.0-M7\maven-surefire-common-3.0.0-M7.jar;C:\Users\dP-PL\.m2\repository\org\apache\maven\surefire\surefire-api\3.0.0-M7\surefire-api-3.0.0-M7.jar;C:\Users\dP-PL\.m2\repository\org\apache\maven\surefire\surefire-logger-api\3.0.0-M7\surefire-logger-api-3.0.0-M7.jar;C:\Users\dP-PL\.m2\repository\org\apache\maven\surefire\surefire-extensions-api\3.0.0-M7\surefire-extensions-api-3.0.0-M7.jar;C:\Users\dP-PL\.m2\repository\org\apache\maven\surefire\surefire-booter\3.0.0-M7\surefire-booter-3.0.0-M7.jar;C:\Users\dP-PL\.m2\repository\org\apache\maven\surefire\surefire-extensions-spi\3.0.0-M7\surefire-extensions-spi-3.0.0-M7.jar;C:\Users\dP-PL\.m2\repository\org\apache\maven\shared\maven-common-artifact-filters\3.1.1\maven-common-artifact-filters-3.1.1.jar;C:\Users\dP-PL\.m2\repository\org\apache\maven\maven-artifact\3.1.0\maven-artifact-3.1.0.jar;C:\Users\dP-PL\.m2\repository\org\codehaus\plexus\plexus-utils\3.0.10\plexus-utils-3.0.10.jar;C:\Users\dP-PL\.m2\repository\org\apache\maven\maven-core\3.1.0\maven-core-3.1.0.jar;C:\Users\dP-PL\.m2\repository\org\apache\maven\maven-settings\3.1.0\maven-settings-3.1.0.jar;C:\Users\dP-PL\.m2\repository\org\apache\maven\maven-settings-builder\3.1.0\maven-settings-builder-3.1.0.jar;C:\Users\dP-PL\.m2\repository\org\apache\maven\maven-repository-metadata\3.1.0\maven-repository-metadata-3.1.0.jar;C:\Users\dP-PL\.m2\repository\org\apache\maven\maven-model-builder\3.1.0\maven-model-builder-3.1.0.jar;C:\Users\dP-PL\.m2\repository\org\apache\maven\maven-aether-provider\3.1.0\maven-aether-provider-3.1.0.jar;C:\Users\dP-PL\.m2\repository\org\eclipse\aether\aether-spi\0.9.0.M2\aether-spi-0.9.0.M2.jar;C:\Users\dP-PL\.m2\repository\org\eclipse\aether\aether-impl\0.9.0.M2\aether-impl-0.9.0.M2.jar;C:\Users\dP-PL\.m2\repository\org\eclipse\aether\aether-api\0.9.0.M2\aether-api-0.9.0.M2.jar;C:\Users\dP-PL\.m2\repository\org\eclipse\aether\aether-util\0.9.0.M2\aether-util-0.9.0.M2.jar;C:\Users\dP-PL\.m2\repository\org\eclipse\sisu\org.eclipse.sisu.plexus\0.0.0.M2a\org.eclipse.sisu.plexus-0.0.0.M2a.jar;C:\Users\dP-PL\.m2\repository\javax\enterprise\cdi-api\1.0\cdi-api-1.0.jar;C:\Users\dP-PL\.m2\repository\javax\annotation\jsr250-api\1.0\jsr250-api-1.0.jar;C:\Users\dP-PL\.m2\repository\javax\inject\javax.inject\1\javax.inject-1.jar;C:\Users\dP-PL\.m2\repository\org\sonatype\sisu\sisu-guice\3.1.0\sisu-guice-3.1.0-no_aop.jar;C:\Users\dP-PL\.m2\repository\aopalliance\aopalliance\1.0\aopalliance-1.0.jar;C:\Users\dP-PL\.m2\repository\org\eclipse\sisu\org.eclipse.sisu.inject\0.0.0.M2a\org.eclipse.sisu.inject-0.0.0.M2a.jar;C:\Users\dP-PL\.m2\repository\asm\asm\3.3.1\asm-3.3.1.jar;C:\Users\dP-PL\.m2\repository\org\codehaus\plexus\plexus-interpolation\1.16\plexus-interpolation-1.16.jar;C:\Users\dP-PL\.m2\repository\org\codehaus\plexus\plexus-classworlds\2.4.2\plexus-classworlds-2.4.2.jar;C:\Users\dP-PL\.m2\repository\org\codehaus\plexus\plexus-component-annotations\1.5.5\plexus-component-annotations-1.5.5.jar;C:\Users\dP-PL\.m2\repository\org\sonatype\plexus\plexus-sec-dispatcher\1.3\plexus-sec-dispatcher-1.3.jar;C:\Users\dP-PL\.m2\repository\org\sonatype\plexus\plexus-cipher\1.4\plexus-cipher-1.4.jar;C:\Users\dP-PL\.m2\repository\org\apache\maven\maven-plugin-api\3.1.0\maven-plugin-api-3.1.0.jar;C:\Users\dP-PL\.m2\repository\org\codehaus\plexus\plexus-java\1.1.1\plexus-java-1.1.1.jar;C:\Users\dP-PL\.m2\repository\org\ow2\asm\asm\9.2\asm-9.2.jar;C:\Users\dP-PL\.m2\repository\com\thoughtworks\qdox\qdox\2.0.1\qdox-2.0.1.jar;C:\Users\dP-PL\.m2\repository\org\apache\maven\surefire\surefire-shared-utils\3.0.0-M7\surefire-shared-utils-3.0.0-M7.jar;C:\Users\dP-PL\.m2\repository\com\aventstack\extentreports\5.0.8\extentreports-5.0.8.jar;C:\Users\dP-PL\.m2\repository\io\reactivex\rxjava3\rxjava\3.0.4\rxjava-3.0.4.jar;C:\Users\dP-PL\.m2\repository\org\reactivestreams\reactive-streams\1.0.3\reactive-streams-1.0.3.jar;C:\Users\dP-PL\.m2\repository\org\freemarker\freemarker\2.3.30\freemarker-2.3.30.jar;C:\Users\dP-PL\.m2\repository\org\projectlombok\lombok\1.18.22\lombok-1.18.22.jar;C:\Users\dP-PL\.m2\repository\org\apache\poi\poi-ooxml\5.2.2\poi-ooxml-5.2.2.jar;C:\Users\dP-PL\.m2\repository\org\apache\poi\poi\5.2.2\poi-5.2.2.jar;C:\Users\dP-PL\.m2\repository\org\apache\commons\commons-math3\3.6.1\commons-math3-3.6.1.jar;C:\Users\dP-PL\.m2\repository\com\zaxxer\SparseBitSet\1.2\SparseBitSet-1.2.jar;C:\Users\dP-PL\.m2\repository\org\apache\poi\poi-ooxml-lite\5.2.2\poi-ooxml-lite-5.2.2.jar;C:\Users\dP-PL\.m2\repository\org\apache\xmlbeans\xmlbeans\5.0.3\xmlbeans-5.0.3.jar;C:\Users\dP-PL\.m2\repository\org\apache\commons\commons-compress\1.21\commons-compress-1.21.jar;C:\Users\dP-PL\.m2\repository\commons-io\commons-io\2.11.0\commons-io-2.11.0.jar;C:\Users\dP-PL\.m2\repository\com\github\virtuald\curvesapi\1.07\curvesapi-1.07.jar;C:\Users\dP-PL\.m2\repository\org\apache\commons\commons-collections4\4.4\commons-collections4-4.4.jar;C:\Users\dP-PL\.m2\repository\org\apache\logging\log4j\log4j-api\2.17.0\log4j-api-2.17.0.jar;C:\Users\dP-PL\.m2\repository\org\apache\logging\log4j\log4j-core\2.17.0\log4j-core-2.17.0.jar;C:\Users\dP-PL\.m2\repository\org\slf4j\slf4j-api\1.7.32\slf4j-api-1.7.32.jar;C:\Users\dP-PL\.m2\repository\org\apache\logging\log4j\log4j-slf4j-impl\2.17.0\log4j-slf4j-impl-2.17.0.jar;C:\Users\dP-PL\.m2\repository\com\microsoft\sqlserver\mssql-jdbc\12.4.0.jre11\mssql-jdbc-12.4.0.jre11.jar;C:\Users\dP-PL\.m2\repository\com\oracle\database\jdbc\ojdbc11\23.2.0.0\ojdbc11-23.2.0.0.jar;C:\Users\dP-PL\.m2\repository\net\lightbody\bmp\browsermob-core\2.1.5\browsermob-core-2.1.5.jar;C:\Users\dP-PL\.m2\repository\net\lightbody\bmp\littleproxy\1.1.0-beta-bmp-17\littleproxy-1.1.0-beta-bmp-17.jar;C:\Users\dP-PL\.m2\repository\com\fasterxml\jackson\core\jackson-core\2.8.9\jackson-core-2.8.9.jar;C:\Users\dP-PL\.m2\repository\com\fasterxml\jackson\core\jackson-databind\2.8.9\jackson-databind-2.8.9.jar;C:\Users\dP-PL\.m2\repository\com\fasterxml\jackson\core\jackson-annotations\2.8.9\jackson-annotations-2.8.9.jar;C:\Users\dP-PL\.m2\repository\dnsjava\dnsjava\2.1.8\dnsjava-2.1.8.jar;C:\Users\dP-PL\.m2\repository\org\slf4j\jcl-over-slf4j\1.7.25\jcl-over-slf4j-1.7.25.jar;C:\Users\dP-PL\.m2\repository\com\jcraft\jzlib\1.1.3\jzlib-1.1.3.jar;C:\Users\dP-PL\.m2\repository\io\netty\netty-all\4.0.51.Final\netty-all-4.0.51.Final.jar;C:\Users\dP-PL\.m2\repository\org\bouncycastle\bcprov-jdk15on\1.58\bcprov-jdk15on-1.58.jar;C:\Users\dP-PL\.m2\repository\org\bouncycastle\bcpkix-jdk15on\1.58\bcpkix-jdk15on-1.58.jar;C:\Users\dP-PL\.m2\repository\net\lightbody\bmp\mitm\2.1.5\mitm-2.1.5.jar;C:\Users\dP-PL\.m2\repository\dom4j\dom4j\1.1\dom4j-1.1.jar;C:\Users\dP-PL\.m2\repository\org\apache\httpcomponents\httpclient\4.5.13\httpclient-4.5.13.jar;C:\Users\dP-PL\.m2\repository\org\apache\httpcomponents\httpcore\4.4.13\httpcore-4.4.13.jar;C:\Users\dP-PL\.m2\repository\commons-logging\commons-logging\1.2\commons-logging-1.2.jar;C:\Users\dP-PL\.m2\repository\commons-codec\commons-codec\1.11\commons-codec-1.11.jar;C:\Users\dP-PL\.m2\repository\com\google\code\gson\gson\2.8.8\gson-2.8.8.jar;"/>
    <property name="java.vm.vendor" value="Oracle Corporation"/>
    <property name="sun.arch.data.model" value="64"/>
    <property name="user.variant" value=""/>
    <property name="java.vendor.url" value="https://java.oracle.com/"/>
    <property name="user.timezone" value="Asia/Calcutta"/>
    <property name="os.name" value="Windows 10"/>
    <property name="java.vm.specification.version" value="19"/>
    <property name="sun.java.launcher" value="SUN_STANDARD"/>
    <property name="user.country" value="IN"/>
    <property name="sun.boot.library.path" value="C:\Program Files\Java\jdk-19\bin"/>
    <property name="sun.java.command" value="C:\Users\dP-PL\AppData\Local\Temp\surefire18370109540937428669\surefirebooter-20230929211230086_3.jar C:\Users\dP-PL\AppData\Local\Temp\surefire18370109540937428669 2023-09-29T21-12-28_630-jvmRun1 surefire-20230929211230086_1tmp surefire_0-20230929211230086_2tmp"/>
    <property name="jdk.debug" value="release"/>
    <property name="surefire.test.class.path" value="D:\XGL Final\XGLFinal\target\test-classes;D:\XGL Final\XGLFinal\target\classes;C:\Users\dP-PL\.m2\repository\org\seleniumhq\selenium\selenium-java\3.141.59\selenium-java-3.141.59.jar;C:\Users\dP-PL\.m2\repository\org\seleniumhq\selenium\selenium-api\3.141.59\selenium-api-3.141.59.jar;C:\Users\dP-PL\.m2\repository\org\seleniumhq\selenium\selenium-chrome-driver\3.141.59\selenium-chrome-driver-3.141.59.jar;C:\Users\dP-PL\.m2\repository\org\seleniumhq\selenium\selenium-edge-driver\3.141.59\selenium-edge-driver-3.141.59.jar;C:\Users\dP-PL\.m2\repository\org\seleniumhq\selenium\selenium-firefox-driver\3.141.59\selenium-firefox-driver-3.141.59.jar;C:\Users\dP-PL\.m2\repository\org\seleniumhq\selenium\selenium-ie-driver\3.141.59\selenium-ie-driver-3.141.59.jar;C:\Users\dP-PL\.m2\repository\org\seleniumhq\selenium\selenium-opera-driver\3.141.59\selenium-opera-driver-3.141.59.jar;C:\Users\dP-PL\.m2\repository\org\seleniumhq\selenium\selenium-remote-driver\3.141.59\selenium-remote-driver-3.141.59.jar;C:\Users\dP-PL\.m2\repository\org\seleniumhq\selenium\selenium-safari-driver\3.141.59\selenium-safari-driver-3.141.59.jar;C:\Users\dP-PL\.m2\repository\org\seleniumhq\selenium\selenium-support\3.141.59\selenium-support-3.141.59.jar;C:\Users\dP-PL\.m2\repository\net\bytebuddy\byte-buddy\1.8.15\byte-buddy-1.8.15.jar;C:\Users\dP-PL\.m2\repository\org\apache\commons\commons-exec\1.3\commons-exec-1.3.jar;C:\Users\dP-PL\.m2\repository\com\google\guava\guava\25.0-jre\guava-25.0-jre.jar;C:\Users\dP-PL\.m2\repository\org\checkerframework\checker-compat-qual\2.0.0\checker-compat-qual-2.0.0.jar;C:\Users\dP-PL\.m2\repository\com\google\errorprone\error_prone_annotations\2.1.3\error_prone_annotations-2.1.3.jar;C:\Users\dP-PL\.m2\repository\com\google\j2objc\j2objc-annotations\1.1\j2objc-annotations-1.1.jar;C:\Users\dP-PL\.m2\repository\org\codehaus\mojo\animal-sniffer-annotations\1.14\animal-sniffer-annotations-1.14.jar;C:\Users\dP-PL\.m2\repository\com\squareup\okhttp3\okhttp\3.11.0\okhttp-3.11.0.jar;C:\Users\dP-PL\.m2\repository\com\squareup\okio\okio\1.14.0\okio-1.14.0.jar;C:\Users\dP-PL\.m2\repository\org\seleniumhq\selenium\selenium-http-jdk-client\4.8.1\selenium-http-jdk-client-4.8.1.jar;C:\Users\dP-PL\.m2\repository\com\google\auto\service\auto-service-annotations\1.0.1\auto-service-annotations-1.0.1.jar;C:\Users\dP-PL\.m2\repository\com\google\auto\service\auto-service\1.0.1\auto-service-1.0.1.jar;C:\Users\dP-PL\.m2\repository\com\google\auto\auto-common\1.2\auto-common-1.2.jar;C:\Users\dP-PL\.m2\repository\org\seleniumhq\selenium\selenium-http\4.8.1\selenium-http-4.8.1.jar;C:\Users\dP-PL\.m2\repository\dev\failsafe\failsafe\3.3.0\failsafe-3.3.0.jar;C:\Users\dP-PL\.m2\repository\org\seleniumhq\selenium\selenium-json\4.8.1\selenium-json-4.8.1.jar;C:\Users\dP-PL\.m2\repository\io\github\bonigarcia\webdrivermanager\5.4.1\webdrivermanager-5.4.1.jar;C:\Users\dP-PL\.m2\repository\com\github\docker-java\docker-java\3.3.2\docker-java-3.3.2.jar;C:\Users\dP-PL\.m2\repository\com\github\docker-java\docker-java-core\3.3.2\docker-java-core-3.3.2.jar;C:\Users\dP-PL\.m2\repository\com\github\docker-java\docker-java-api\3.3.2\docker-java-api-3.3.2.jar;C:\Users\dP-PL\.m2\repository\com\github\docker-java\docker-java-transport-httpclient5\3.3.2\docker-java-transport-httpclient5-3.3.2.jar;C:\Users\dP-PL\.m2\repository\com\github\docker-java\docker-java-transport\3.3.2\docker-java-transport-3.3.2.jar;C:\Users\dP-PL\.m2\repository\net\java\dev\jna\jna\5.12.1\jna-5.12.1.jar;C:\Users\dP-PL\.m2\repository\org\brotli\dec\0.1.2\dec-0.1.2.jar;C:\Users\dP-PL\.m2\repository\org\apache\commons\commons-lang3\3.12.0\commons-lang3-3.12.0.jar;C:\Users\dP-PL\.m2\repository\org\apache\httpcomponents\client5\httpclient5\5.2.1\httpclient5-5.2.1.jar;C:\Users\dP-PL\.m2\repository\org\apache\httpcomponents\core5\httpcore5\5.2\httpcore5-5.2.jar;C:\Users\dP-PL\.m2\repository\org\apache\httpcomponents\core5\httpcore5-h2\5.2\httpcore5-h2-5.2.jar;C:\Users\dP-PL\.m2\repository\org\testng\testng\7.6.1\testng-7.6.1.jar;C:\Users\dP-PL\.m2\repository\com\google\code\findbugs\jsr305\3.0.2\jsr305-3.0.2.jar;C:\Users\dP-PL\.m2\repository\com\beust\jcommander\1.82\jcommander-1.82.jar;C:\Users\dP-PL\.m2\repository\org\webjars\jquery\3.6.0\jquery-3.6.0.jar;C:\Users\dP-PL\.m2\repository\net\rcarz\Jira-client\0.5\Jira-client-0.5.jar;C:\Users\dP-PL\.m2\repository\org\apache\httpcomponents\httpmime\4.2.5\httpmime-4.2.5.jar;C:\Users\dP-PL\.m2\repository\net\sf\json-lib\json-lib\2.4\json-lib-2.4-jdk15.jar;C:\Users\dP-PL\.m2\repository\commons-beanutils\commons-beanutils\1.8.0\commons-beanutils-1.8.0.jar;C:\Users\dP-PL\.m2\repository\commons-collections\commons-collections\3.2.1\commons-collections-3.2.1.jar;C:\Users\dP-PL\.m2\repository\commons-lang\commons-lang\2.5\commons-lang-2.5.jar;C:\Users\dP-PL\.m2\repository\net\sf\ezmorph\ezmorph\1.0.6\ezmorph-1.0.6.jar;C:\Users\dP-PL\.m2\repository\joda-time\joda-time\2.3\joda-time-2.3.jar;C:\Users\dP-PL\.m2\repository\junit\junit\4.8.2\junit-4.8.2.jar;C:\Users\dP-PL\.m2\repository\org\mockito\mockito-all\1.9.0\mockito-all-1.9.0.jar;C:\Users\dP-PL\.m2\repository\commons-httpclient\commons-httpclient\3.1\commons-httpclient-3.1.jar;C:\Users\dP-PL\.m2\repository\org\apache\maven\plugins\maven-surefire-plugin\3.0.0-M7\maven-surefire-plugin-3.0.0-M7.jar;C:\Users\dP-PL\.m2\repository\org\apache\maven\surefire\maven-surefire-common\3.0.0-M7\maven-surefire-common-3.0.0-M7.jar;C:\Users\dP-PL\.m2\repository\org\apache\maven\surefire\surefire-api\3.0.0-M7\surefire-api-3.0.0-M7.jar;C:\Users\dP-PL\.m2\repository\org\apache\maven\surefire\surefire-logger-api\3.0.0-M7\surefire-logger-api-3.0.0-M7.jar;C:\Users\dP-PL\.m2\repository\org\apache\maven\surefire\surefire-extensions-api\3.0.0-M7\surefire-extensions-api-3.0.0-M7.jar;C:\Users\dP-PL\.m2\repository\org\apache\maven\surefire\surefire-booter\3.0.0-M7\surefire-booter-3.0.0-M7.jar;C:\Users\dP-PL\.m2\repository\org\apache\maven\surefire\surefire-extensions-spi\3.0.0-M7\surefire-extensions-spi-3.0.0-M7.jar;C:\Users\dP-PL\.m2\repository\org\apache\maven\shared\maven-common-artifact-filters\3.1.1\maven-common-artifact-filters-3.1.1.jar;C:\Users\dP-PL\.m2\repository\org\apache\maven\maven-artifact\3.1.0\maven-artifact-3.1.0.jar;C:\Users\dP-PL\.m2\repository\org\codehaus\plexus\plexus-utils\3.0.10\plexus-utils-3.0.10.jar;C:\Users\dP-PL\.m2\repository\org\apache\maven\maven-core\3.1.0\maven-core-3.1.0.jar;C:\Users\dP-PL\.m2\repository\org\apache\maven\maven-settings\3.1.0\maven-settings-3.1.0.jar;C:\Users\dP-PL\.m2\repository\org\apache\maven\maven-settings-builder\3.1.0\maven-settings-builder-3.1.0.jar;C:\Users\dP-PL\.m2\repository\org\apache\maven\maven-repository-metadata\3.1.0\maven-repository-metadata-3.1.0.jar;C:\Users\dP-PL\.m2\repository\org\apache\maven\maven-model-builder\3.1.0\maven-model-builder-3.1.0.jar;C:\Users\dP-PL\.m2\repository\org\apache\maven\maven-aether-provider\3.1.0\maven-aether-provider-3.1.0.jar;C:\Users\dP-PL\.m2\repository\org\eclipse\aether\aether-spi\0.9.0.M2\aether-spi-0.9.0.M2.jar;C:\Users\dP-PL\.m2\repository\org\eclipse\aether\aether-impl\0.9.0.M2\aether-impl-0.9.0.M2.jar;C:\Users\dP-PL\.m2\repository\org\eclipse\aether\aether-api\0.9.0.M2\aether-api-0.9.0.M2.jar;C:\Users\dP-PL\.m2\repository\org\eclipse\aether\aether-util\0.9.0.M2\aether-util-0.9.0.M2.jar;C:\Users\dP-PL\.m2\repository\org\eclipse\sisu\org.eclipse.sisu.plexus\0.0.0.M2a\org.eclipse.sisu.plexus-0.0.0.M2a.jar;C:\Users\dP-PL\.m2\repository\javax\enterprise\cdi-api\1.0\cdi-api-1.0.jar;C:\Users\dP-PL\.m2\repository\javax\annotation\jsr250-api\1.0\jsr250-api-1.0.jar;C:\Users\dP-PL\.m2\repository\javax\inject\javax.inject\1\javax.inject-1.jar;C:\Users\dP-PL\.m2\repository\org\sonatype\sisu\sisu-guice\3.1.0\sisu-guice-3.1.0-no_aop.jar;C:\Users\dP-PL\.m2\repository\aopalliance\aopalliance\1.0\aopalliance-1.0.jar;C:\Users\dP-PL\.m2\repository\org\eclipse\sisu\org.eclipse.sisu.inject\0.0.0.M2a\org.eclipse.sisu.inject-0.0.0.M2a.jar;C:\Users\dP-PL\.m2\repository\asm\asm\3.3.1\asm-3.3.1.jar;C:\Users\dP-PL\.m2\repository\org\codehaus\plexus\plexus-interpolation\1.16\plexus-interpolation-1.16.jar;C:\Users\dP-PL\.m2\repository\org\codehaus\plexus\plexus-classworlds\2.4.2\plexus-classworlds-2.4.2.jar;C:\Users\dP-PL\.m2\repository\org\codehaus\plexus\plexus-component-annotations\1.5.5\plexus-component-annotations-1.5.5.jar;C:\Users\dP-PL\.m2\repository\org\sonatype\plexus\plexus-sec-dispatcher\1.3\plexus-sec-dispatcher-1.3.jar;C:\Users\dP-PL\.m2\repository\org\sonatype\plexus\plexus-cipher\1.4\plexus-cipher-1.4.jar;C:\Users\dP-PL\.m2\repository\org\apache\maven\maven-plugin-api\3.1.0\maven-plugin-api-3.1.0.jar;C:\Users\dP-PL\.m2\repository\org\codehaus\plexus\plexus-java\1.1.1\plexus-java-1.1.1.jar;C:\Users\dP-PL\.m2\repository\org\ow2\asm\asm\9.2\asm-9.2.jar;C:\Users\dP-PL\.m2\repository\com\thoughtworks\qdox\qdox\2.0.1\qdox-2.0.1.jar;C:\Users\dP-PL\.m2\repository\org\apache\maven\surefire\surefire-shared-utils\3.0.0-M7\surefire-shared-utils-3.0.0-M7.jar;C:\Users\dP-PL\.m2\repository\com\aventstack\extentreports\5.0.8\extentreports-5.0.8.jar;C:\Users\dP-PL\.m2\repository\io\reactivex\rxjava3\rxjava\3.0.4\rxjava-3.0.4.jar;C:\Users\dP-PL\.m2\repository\org\reactivestreams\reactive-streams\1.0.3\reactive-streams-1.0.3.jar;C:\Users\dP-PL\.m2\repository\org\freemarker\freemarker\2.3.30\freemarker-2.3.30.jar;C:\Users\dP-PL\.m2\repository\org\projectlombok\lombok\1.18.22\lombok-1.18.22.jar;C:\Users\dP-PL\.m2\repository\org\apache\poi\poi-ooxml\5.2.2\poi-ooxml-5.2.2.jar;C:\Users\dP-PL\.m2\repository\org\apache\poi\poi\5.2.2\poi-5.2.2.jar;C:\Users\dP-PL\.m2\repository\org\apache\commons\commons-math3\3.6.1\commons-math3-3.6.1.jar;C:\Users\dP-PL\.m2\repository\com\zaxxer\SparseBitSet\1.2\SparseBitSet-1.2.jar;C:\Users\dP-PL\.m2\repository\org\apache\poi\poi-ooxml-lite\5.2.2\poi-ooxml-lite-5.2.2.jar;C:\Users\dP-PL\.m2\repository\org\apache\xmlbeans\xmlbeans\5.0.3\xmlbeans-5.0.3.jar;C:\Users\dP-PL\.m2\repository\org\apache\commons\commons-compress\1.21\commons-compress-1.21.jar;C:\Users\dP-PL\.m2\repository\commons-io\commons-io\2.11.0\commons-io-2.11.0.jar;C:\Users\dP-PL\.m2\repository\com\github\virtuald\curvesapi\1.07\curvesapi-1.07.jar;C:\Users\dP-PL\.m2\repository\org\apache\commons\commons-collections4\4.4\commons-collections4-4.4.jar;C:\Users\dP-PL\.m2\repository\org\apache\logging\log4j\log4j-api\2.17.0\log4j-api-2.17.0.jar;C:\Users\dP-PL\.m2\repository\org\apache\logging\log4j\log4j-core\2.17.0\log4j-core-2.17.0.jar;C:\Users\dP-PL\.m2\repository\org\slf4j\slf4j-api\1.7.32\slf4j-api-1.7.32.jar;C:\Users\dP-PL\.m2\repository\org\apache\logging\log4j\log4j-slf4j-impl\2.17.0\log4j-slf4j-impl-2.17.0.jar;C:\Users\dP-PL\.m2\repository\com\microsoft\sqlserver\mssql-jdbc\12.4.0.jre11\mssql-jdbc-12.4.0.jre11.jar;C:\Users\dP-PL\.m2\repository\com\oracle\database\jdbc\ojdbc11\23.2.0.0\ojdbc11-23.2.0.0.jar;C:\Users\dP-PL\.m2\repository\net\lightbody\bmp\browsermob-core\2.1.5\browsermob-core-2.1.5.jar;C:\Users\dP-PL\.m2\repository\net\lightbody\bmp\littleproxy\1.1.0-beta-bmp-17\littleproxy-1.1.0-beta-bmp-17.jar;C:\Users\dP-PL\.m2\repository\com\fasterxml\jackson\core\jackson-core\2.8.9\jackson-core-2.8.9.jar;C:\Users\dP-PL\.m2\repository\com\fasterxml\jackson\core\jackson-databind\2.8.9\jackson-databind-2.8.9.jar;C:\Users\dP-PL\.m2\repository\com\fasterxml\jackson\core\jackson-annotations\2.8.9\jackson-annotations-2.8.9.jar;C:\Users\dP-PL\.m2\repository\dnsjava\dnsjava\2.1.8\dnsjava-2.1.8.jar;C:\Users\dP-PL\.m2\repository\org\slf4j\jcl-over-slf4j\1.7.25\jcl-over-slf4j-1.7.25.jar;C:\Users\dP-PL\.m2\repository\com\jcraft\jzlib\1.1.3\jzlib-1.1.3.jar;C:\Users\dP-PL\.m2\repository\io\netty\netty-all\4.0.51.Final\netty-all-4.0.51.Final.jar;C:\Users\dP-PL\.m2\repository\org\bouncycastle\bcprov-jdk15on\1.58\bcprov-jdk15on-1.58.jar;C:\Users\dP-PL\.m2\repository\org\bouncycastle\bcpkix-jdk15on\1.58\bcpkix-jdk15on-1.58.jar;C:\Users\dP-PL\.m2\repository\net\lightbody\bmp\mitm\2.1.5\mitm-2.1.5.jar;C:\Users\dP-PL\.m2\repository\dom4j\dom4j\1.1\dom4j-1.1.jar;C:\Users\dP-PL\.m2\repository\org\apache\httpcomponents\httpclient\4.5.13\httpclient-4.5.13.jar;C:\Users\dP-PL\.m2\repository\org\apache\httpcomponents\httpcore\4.4.13\httpcore-4.4.13.jar;C:\Users\dP-PL\.m2\repository\commons-logging\commons-logging\1.2\commons-logging-1.2.jar;C:\Users\dP-PL\.m2\repository\commons-codec\commons-codec\1.11\commons-codec-1.11.jar;C:\Users\dP-PL\.m2\repository\com\google\code\gson\gson\2.8.8\gson-2.8.8.jar;"/>
    <property name="sun.cpu.endian" value="little"/>
    <property name="user.home" value="C:\Users\dP-PL"/>
    <property name="user.language" value="en"/>
    <property name="java.specification.vendor" value="Oracle Corporation"/>
    <property name="java.version.date" value="2022-10-18"/>
    <property name="java.home" value="C:\Program Files\Java\jdk-19"/>
    <property name="file.separator" value="\"/>
    <property name="basedir" value="D:\XGL Final\XGLFinal"/>
    <property name="java.vm.compressedOopsMode" value="Zero based"/>
    <property name="line.separator" value="&#10;"/>
    <property name="java.vm.specification.vendor" value="Oracle Corporation"/>
    <property name="java.specification.name" value="Java Platform API Specification"/>
    <property name="surefire.real.class.path" value="C:\Users\dP-PL\AppData\Local\Temp\surefire18370109540937428669\surefirebooter-20230929211230086_3.jar"/>
    <property name="user.script" value=""/>
    <property name="sun.management.compiler" value="HotSpot 64-Bit Tiered Compilers"/>
    <property name="java.runtime.version" value="19.0.1+10-21"/>
    <property name="user.name" value="dP-PL"/>
    <property name="stdout.encoding" value="Cp1252"/>
    <property name="path.separator" value=";"/>
    <property name="os.version" value="10.0"/>
    <property name="java.runtime.name" value="Java(TM) SE Runtime Environment"/>
    <property name="file.encoding" value="UTF-8"/>
    <property name="java.vm.name" value="Java HotSpot(TM) 64-Bit Server VM"/>
    <property name="localRepository" value="C:\Users\dP-PL\.m2\repository"/>
    <property name="java.vendor.url.bug" value="https://bugreport.java.com/bugreport/"/>
    <property name="java.io.tmpdir" value="C:\Users\dP-PL\AppData\Local\Temp\"/>
    <property name="idea.version" value="2022.2.4"/>
    <property name="java.version" value="19.0.1"/>
    <property name="user.dir" value="D:\XGL Final\XGLFinal"/>
    <property name="os.arch" value="amd64"/>
    <property name="java.vm.specification.name" value="Java Virtual Machine Specification"/>
    <property name="sun.os.patch.level" value=""/>
    <property name="native.encoding" value="Cp1252"/>
    <property name="java.library.path" value="C:\Program Files\Java\jdk-19\bin;C:\WINDOWS\Sun\Java\bin;C:\WINDOWS\system32;C:\WINDOWS;C:\Python311\Scripts\;C:\Python311\;C:\Program Files\Common Files\Oracle\Java\javapath;C:\WINDOWS\system32;C:\WINDOWS;C:\WINDOWS\System32\Wbem;C:\WINDOWS\System32\WindowsPowerShell\v1.0\;C:\WINDOWS\System32\OpenSSH\;C:\Program Files (x86)\CrSSL\bin;C:\Program Files\Git\cmd;C:\Users\dP-PL\apache-maven-3.8.6\bin;C:\Program Files\Java\jdk-19\bin;C:\Program Files\nodejs\;C:\ProgramData\chocolatey\bin;C:\Program Files\PuTTY\;C:\Users\dP-PL\AppData\Local\Microsoft\WindowsApps;C:\Program Files\JetBrains\IntelliJ IDEA Community Edition 2022.2.4\bin;;C:\Program Files\Java\jdk-19\bin;C:\Users\dP-PL\AppData\Roaming\npm;C:\Users\dP-PL\AppData\Local\Programs\Microsoft VS Code\bin;C:\Users\dP-PL\apache-jmeter-5.5\bin;;."/>
    <property name="java.vm.info" value="mixed mode, sharing"/>
    <property name="stderr.encoding" value="Cp1252"/>
    <property name="java.vendor" value="Oracle Corporation"/>
    <property name="java.vm.version" value="19.0.1+10-21"/>
    <property name="sun.io.unicode.encoding" value="UnicodeLittle"/>
    <property name="java.class.version" value="63.0"/>
    <property name="webdriver.http.factory" value="jdk-http-client"/>
  </properties>
  <testcase name="About" classname="XGLT_15177_Test" time="3.066">
    <system-out><![CDATA[Archive created successfully.
FileNotFoundException occurred: screenshots (The system cannot find the file specified)
Archive created successfully.
Test Suite started!
2023-09-29 21:12:32,274 [main] INFO  base.BaseClass - Login to XGL
2023-09-29 21:12:32,277 [main] INFO  XGLT_15177_Test - Setting up browser
2023-09-29 21:12:33,656 [main] INFO  io.github.bonigarcia.wdm.WebDriverManager - Using chromedriver 117.0.5938.92 (resolved driver for Chrome 117)
2023-09-29 21:12:33,851 [main] INFO  io.github.bonigarcia.wdm.WebDriverManager - Exporting webdriver.chrome.driver as C:\Users\dP-PL\.cache\selenium\chromedriver\win64\117.0.5938.92\chromedriver.exe
2023-09-29 21:12:38,293 [main] INFO  base.BaseClass - Before navigating to {url}
2023-09-29 21:12:45,838 [main] INFO  base.BaseClass - Navigated to {url}
2023-09-29 21:12:45,882 [main] INFO  base.BaseClass - Trying to find Element By {by.toString()})
2023-09-29 21:12:45,914 [main] INFO  base.BaseClass - Found Element By {by.toString()}
2023-09-29 21:12:46,006 [main] INFO  base.BaseClass - Trying to find Element By {by.toString()})
2023-09-29 21:12:46,024 [main] INFO  base.BaseClass - Found Element By {by.toString()}
2023-09-29 21:12:46,122 [main] INFO  base.BaseClass - Trying to find Element By {by.toString()})
2023-09-29 21:12:46,139 [main] INFO  base.BaseClass - Found Element By {by.toString()}
2023-09-29 21:12:46,140 [main] INFO  base.BaseClass - Trying to click on: {element.toString()}
2023-09-29 21:12:46,188 [main] INFO  base.BaseClass - Clicked on: {element.toString()}
2023-09-29 21:12:46,191 [main] INFO  base.BaseClass - Trying to find Element By {by.toString()})
2023-09-29 21:12:55,152 [main] INFO  base.BaseClass - Found Element By {by.toString()}
2023-09-29 21:12:55,203 [main] INFO  base.BaseClass - Trying to find Element By {by.toString()})
NoSuchElementException occurred: no such element: Unable to locate element: {"method":"xpath","selector":"//div[@class='modal-content']/div/i[contains(@class,'close')]"}
  (Session info: chrome=117.0.5938.132)
For documentation on this error, please visit: https://www.seleniumhq.org/exceptions/no_such_element.html
Build info: version: '3.141.59', revision: 'e82be7d358', time: '2018-11-14T08:17:03'
System info: host: 'DPLAP166', ip: '137.237.2.110', os.name: 'Windows 10', os.arch: 'amd64', os.version: '10.0', java.version: '19.0.1'
Driver info: org.openqa.selenium.chrome.ChromeDriver
Capabilities {acceptInsecureCerts: false, browserName: chrome, browserVersion: 117.0.5938.132, chrome: {chromedriverVersion: 117.0.5938.92 (67649b10b92b..., userDataDir: C:\Users\dP-PL\AppData\Loca...}, fedcm:accounts: true, goog:chromeOptions: {debuggerAddress: localhost:53376}, javascriptEnabled: true, networkConnectionEnabled: false, pageLoadStrategy: normal, platform: WINDOWS, platformName: WINDOWS, proxy: Proxy(), setWindowRect: true, strictFileInteractability: false, timeouts: {implicit: 0, pageLoad: 300000, script: 30000}, unhandledPromptBehavior: dismiss and notify, webauthn:extension:credBlob: true, webauthn:extension:largeBlob: true, webauthn:extension:minPinLength: true, webauthn:extension:prf: true, webauthn:virtualAuthenticators: true}
Session ID: 98b5a7921eacb9a650a7543e56ad4076
*** Element info: {Using=xpath, value=//div[@class='modal-content']/div/i[contains(@class,'close')]}
Before method Test name: About_network_test
About started!
2023-09-29 21:13:45,502 [main] INFO  base.BaseClass - Trying to find Element By {by.toString()})
2023-09-29 21:13:45,530 [main] INFO  base.BaseClass - Found Element By {by.toString()}
2023-09-29 21:13:45,531 [main] INFO  base.BaseClass - Trying to click on: {element.toString()}
2023-09-29 21:13:45,601 [main] INFO  base.BaseClass - Clicked on: {element.toString()}
2023-09-29 21:13:45,605 [main] INFO  base.BaseClass - Trying to find Element By {by.toString()})
2023-09-29 21:13:45,621 [main] INFO  base.BaseClass - Found Element By {by.toString()}
2023-09-29 21:13:45,645 [main] INFO  base.BaseClass - Trying to find Element By {by.toString()})
2023-09-29 21:13:45,657 [main] INFO  base.BaseClass - Found Element By {by.toString()}
2023-09-29 21:13:45,658 [main] INFO  base.BaseClass - Trying to click on: {element.toString()}
2023-09-29 21:13:45,705 [main] INFO  base.BaseClass - Clicked on: {element.toString()}
2023-09-29 21:13:45,710 [main] INFO  base.BaseClass - Trying to find Element By {by.toString()})
2023-09-29 21:13:46,191 [main] INFO  base.BaseClass - Found Element By {by.toString()}
2023-09-29 21:13:46,226 [main] INFO  base.BaseClass - Trying to find Element By {by.toString()})
2023-09-29 21:13:46,266 [main] INFO  base.BaseClass - Found Element By {by.toString()}
2023-09-29 21:13:46,267 [main] INFO  base.BaseClass - Trying to find Element By {by.toString()})
2023-09-29 21:13:46,291 [main] INFO  base.BaseClass - Found Element By {by.toString()}
2023-09-29 21:13:46,294 [main] INFO  base.BaseClass - Trying to find Element By {by.toString()})
2023-09-29 21:13:46,321 [main] INFO  base.BaseClass - Found Element By {by.toString()}
2023-09-29 21:13:46,363 [main] INFO  base.BaseClass - Trying to find Element By {by.toString()})
2023-09-29 21:13:46,384 [main] INFO  base.BaseClass - Found Element By {by.toString()}
2023-09-29 21:13:46,385 [main] INFO  base.BaseClass - Trying to find Element By {by.toString()})
2023-09-29 21:13:46,407 [main] INFO  base.BaseClass - Found Element By {by.toString()}
2023-09-29 21:13:46,407 [main] INFO  base.BaseClass - Trying to find Element By {by.toString()})
2023-09-29 21:13:46,428 [main] INFO  base.BaseClass - Found Element By {by.toString()}
2023-09-29 21:13:46,506 [main] INFO  base.BaseClass - Trying to find Element By {by.toString()})
2023-09-29 21:13:46,519 [main] INFO  base.BaseClass - Found Element By {by.toString()}
2023-09-29 21:13:46,520 [main] INFO  base.BaseClass - Trying to find Element By {by.toString()})
2023-09-29 21:13:46,533 [main] INFO  base.BaseClass - Found Element By {by.toString()}
2023-09-29 21:13:46,533 [main] INFO  base.BaseClass - Trying to find Element By {by.toString()})
2023-09-29 21:13:46,563 [main] INFO  base.BaseClass - Found Element By {by.toString()}
2023-09-29 21:13:46,584 [main] INFO  base.BaseClass - Trying to find Element By {by.toString()})
2023-09-29 21:13:46,598 [main] INFO  base.BaseClass - Found Element By {by.toString()}
2023-09-29 21:13:46,599 [main] INFO  base.BaseClass - Trying to find Element By {by.toString()})
2023-09-29 21:13:46,619 [main] INFO  base.BaseClass - Found Element By {by.toString()}
2023-09-29 21:13:46,620 [main] INFO  base.BaseClass - Trying to find Element By {by.toString()})
2023-09-29 21:13:46,631 [main] INFO  base.BaseClass - Found Element By {by.toString()}
2023-09-29 21:13:46,652 [main] INFO  base.BaseClass - Trying to find Element By {by.toString()})
2023-09-29 21:13:46,672 [main] INFO  base.BaseClass - Found Element By {by.toString()}
2023-09-29 21:13:46,672 [main] INFO  base.BaseClass - Trying to find Element By {by.toString()})
2023-09-29 21:13:46,692 [main] INFO  base.BaseClass - Found Element By {by.toString()}
2023-09-29 21:13:46,692 [main] INFO  base.BaseClass - Trying to find Element By {by.toString()})
2023-09-29 21:13:46,710 [main] INFO  base.BaseClass - Found Element By {by.toString()}
2023-09-29 21:13:46,744 [main] INFO  base.BaseClass - Trying to find Element By {by.toString()})
2023-09-29 21:13:46,759 [main] INFO  base.BaseClass - Found Element By {by.toString()}
2023-09-29 21:13:46,763 [main] INFO  base.BaseClass - Trying to find Element By {by.toString()})
2023-09-29 21:13:46,783 [main] INFO  base.BaseClass - Found Element By {by.toString()}
2023-09-29 21:13:47,811 [main] INFO  base.BaseClass - Trying to find Element By {by.toString()})
2023-09-29 21:13:47,846 [main] INFO  base.BaseClass - Found Element By {by.toString()}
2023-09-29 21:13:48,178 [main] INFO  base.BaseClass - Trying to find Element By {by.toString()})
2023-09-29 21:13:48,209 [main] INFO  base.BaseClass - Found Element By {by.toString()}
2023-09-29 21:13:48,210 [main] INFO  base.BaseClass - Trying to click on: {element.toString()}
2023-09-29 21:13:48,283 [main] INFO  base.BaseClass - Clicked on: {element.toString()}
About passed!
]]></system-out>
    <system-err><![CDATA[Starting ChromeDriver 117.0.5938.92 (67649b10b92bb182fba357831ef7dd6a1baa5648-refs/branch-heads/5938_62@{#14}) on port 12911
Only local connections are allowed.
Please see https://chromedriver.chromium.org/security-considerations for suggestions on keeping ChromeDriver safe.
ChromeDriver was started successfully.
Sept 29, 2023 9:12:38 PM org.openqa.selenium.remote.ProtocolHandshake createSession
INFO: Detected dialect: W3C
]]></system-err>
  </testcase>
  <testcase name="CreateNewSalesPerson" classname="XGLT_6748_Test" time="25.823">
    <system-out><![CDATA[2023-09-29 21:13:48,521 [main] INFO  base.BaseClass - Login to XGL
2023-09-29 21:13:48,522 [main] INFO  XGLT_15177_Test - Setting up browser
2023-09-29 21:13:48,553 [main] INFO  io.github.bonigarcia.wdm.WebDriverManager - Using chromedriver 117.0.5938.92 (resolved driver for Chrome 117)
2023-09-29 21:13:48,589 [main] INFO  io.github.bonigarcia.wdm.WebDriverManager - Exporting webdriver.chrome.driver as C:\Users\dP-PL\.cache\selenium\chromedriver\win64\117.0.5938.92\chromedriver.exe
2023-09-29 21:13:51,003 [main] INFO  base.BaseClass - Before navigating to {url}
2023-09-29 21:14:01,321 [main] INFO  base.BaseClass - Navigated to {url}
2023-09-29 21:14:01,327 [main] INFO  base.BaseClass - Trying to find Element By {by.toString()})
2023-09-29 21:14:01,403 [main] INFO  base.BaseClass - Found Element By {by.toString()}
2023-09-29 21:14:01,467 [main] INFO  base.BaseClass - Trying to find Element By {by.toString()})
2023-09-29 21:14:01,482 [main] INFO  base.BaseClass - Found Element By {by.toString()}
2023-09-29 21:14:01,555 [main] INFO  base.BaseClass - Trying to find Element By {by.toString()})
2023-09-29 21:14:01,574 [main] INFO  base.BaseClass - Found Element By {by.toString()}
2023-09-29 21:14:01,575 [main] INFO  base.BaseClass - Trying to click on: {element.toString()}
2023-09-29 21:14:01,618 [main] INFO  base.BaseClass - Clicked on: {element.toString()}
2023-09-29 21:14:01,619 [main] INFO  base.BaseClass - Trying to find Element By {by.toString()})
2023-09-29 21:14:11,279 [main] INFO  base.BaseClass - Found Element By {by.toString()}
2023-09-29 21:14:11,304 [main] INFO  base.BaseClass - Trying to find Element By {by.toString()})
NoSuchElementException occurred: no such element: Unable to locate element: {"method":"xpath","selector":"//div[@class='modal-content']/div/i[contains(@class,'close')]"}
  (Session info: chrome=117.0.5938.132)
For documentation on this error, please visit: https://www.seleniumhq.org/exceptions/no_such_element.html
Build info: version: '3.141.59', revision: 'e82be7d358', time: '2018-11-14T08:17:03'
System info: host: 'DPLAP166', ip: '137.237.2.110', os.name: 'Windows 10', os.arch: 'amd64', os.version: '10.0', java.version: '19.0.1'
Driver info: org.openqa.selenium.chrome.ChromeDriver
Capabilities {acceptInsecureCerts: false, browserName: chrome, browserVersion: 117.0.5938.132, chrome: {chromedriverVersion: 117.0.5938.92 (67649b10b92b..., userDataDir: C:\Users\dP-PL\AppData\Loca...}, fedcm:accounts: true, goog:chromeOptions: {debuggerAddress: localhost:53425}, javascriptEnabled: true, networkConnectionEnabled: false, pageLoadStrategy: normal, platform: WINDOWS, platformName: WINDOWS, proxy: Proxy(), setWindowRect: true, strictFileInteractability: false, timeouts: {implicit: 0, pageLoad: 300000, script: 30000}, unhandledPromptBehavior: dismiss and notify, webauthn:extension:credBlob: true, webauthn:extension:largeBlob: true, webauthn:extension:minPinLength: true, webauthn:extension:prf: true, webauthn:virtualAuthenticators: true}
Session ID: a30a324cbfdbf2d47df93469108f43c8
*** Element info: {Using=xpath, value=//div[@class='modal-content']/div/i[contains(@class,'close')]}
Before method Test name: About_network_test
CreateNewSalesPerson started!
2023-09-29 21:15:01,372 [main] INFO  base.BaseClass - Trying to find Element By {by.toString()})
2023-09-29 21:15:01,401 [main] INFO  base.BaseClass - Found Element By {by.toString()}
2023-09-29 21:15:01,401 [main] INFO  base.BaseClass - Trying to click on: {element.toString()}
2023-09-29 21:15:01,497 [main] INFO  base.BaseClass - Clicked on: {element.toString()}
2023-09-29 21:15:01,497 [main] INFO  base.BaseClass - Trying to find Element By {by.toString()})
2023-09-29 21:15:01,526 [main] INFO  base.BaseClass - Found Element By {by.toString()}
2023-09-29 21:15:01,527 [main] INFO  base.BaseClass - Trying to click on: {element.toString()}
2023-09-29 21:15:01,672 [main] INFO  base.BaseClass - Clicked on: {element.toString()}
2023-09-29 21:15:01,675 [main] INFO  base.BaseClass - Trying to find Element By {by.toString()})
2023-09-29 21:15:01,696 [main] INFO  base.BaseClass - Found Element By {by.toString()}
2023-09-29 21:15:01,711 [main] INFO  base.BaseClass - Trying to find Element By {by.toString()})
2023-09-29 21:15:01,725 [main] INFO  base.BaseClass - Found Element By {by.toString()}
2023-09-29 21:15:01,725 [main] INFO  base.BaseClass - Trying to click on: {element.toString()}
2023-09-29 21:15:01,812 [main] INFO  base.BaseClass - Clicked on: {element.toString()}
2023-09-29 21:15:01,813 [main] INFO  base.BaseClass - Trying to find Element By {by.toString()})
2023-09-29 21:15:01,827 [main] INFO  base.BaseClass - Found Element By {by.toString()}
2023-09-29 21:15:02,016 [main] INFO  base.BaseClass - Trying to find Element By {by.toString()})
2023-09-29 21:15:02,061 [main] INFO  base.BaseClass - Found Element By {by.toString()}
2023-09-29 21:15:02,299 [main] INFO  base.BaseClass - Trying to find Element By {by.toString()})
2023-09-29 21:15:02,328 [main] INFO  base.BaseClass - Found Element By {by.toString()}
2023-09-29 21:15:02,879 [main] INFO  base.BaseClass - Trying to find Element By {by.toString()})
2023-09-29 21:15:02,913 [main] INFO  base.BaseClass - Found Element By {by.toString()}
2023-09-29 21:15:03,442 [main] INFO  base.BaseClass - Trying to find Element By {by.toString()})
2023-09-29 21:15:03,463 [main] INFO  base.BaseClass - Found Element By {by.toString()}
2023-09-29 21:15:03,989 [main] INFO  base.BaseClass - Trying to find Element By {by.toString()})
2023-09-29 21:15:04,022 [main] INFO  base.BaseClass - Found Element By {by.toString()}
2023-09-29 21:15:04,559 [main] INFO  base.BaseClass - Trying to find Element By {by.toString()})
2023-09-29 21:15:04,592 [main] INFO  base.BaseClass - Found Element By {by.toString()}
2023-09-29 21:15:05,129 [main] INFO  base.BaseClass - Trying to find Element By {by.toString()})
2023-09-29 21:15:05,159 [main] INFO  base.BaseClass - Found Element By {by.toString()}
2023-09-29 21:15:05,700 [main] INFO  base.BaseClass - Trying to find Element By {by.toString()})
2023-09-29 21:15:05,723 [main] INFO  base.BaseClass - Found Element By {by.toString()}
2023-09-29 21:15:06,256 [main] INFO  base.BaseClass - Trying to find Element By {by.toString()})
2023-09-29 21:15:06,277 [main] INFO  base.BaseClass - Found Element By {by.toString()}
2023-09-29 21:15:06,807 [main] INFO  base.BaseClass - Trying to find Element By {by.toString()})
2023-09-29 21:15:06,836 [main] INFO  base.BaseClass - Found Element By {by.toString()}
2023-09-29 21:15:07,389 [main] INFO  base.BaseClass - Trying to find Element By {by.toString()})
2023-09-29 21:15:07,410 [main] INFO  base.BaseClass - Found Element By {by.toString()}
2023-09-29 21:15:07,940 [main] INFO  base.BaseClass - Trying to find Element By {by.toString()})
2023-09-29 21:15:07,966 [main] INFO  base.BaseClass - Found Element By {by.toString()}
2023-09-29 21:15:08,502 [main] INFO  base.BaseClass - Trying to find Element By {by.toString()})
2023-09-29 21:15:08,514 [main] INFO  base.BaseClass - Found Element By {by.toString()}
2023-09-29 21:15:09,028 [main] INFO  base.BaseClass - Trying to find Element By {by.toString()})
2023-09-29 21:15:09,059 [main] INFO  base.BaseClass - Found Element By {by.toString()}
2023-09-29 21:15:09,606 [main] INFO  base.BaseClass - Trying to find Element By {by.toString()})
2023-09-29 21:15:09,626 [main] INFO  base.BaseClass - Found Element By {by.toString()}
2023-09-29 21:15:10,168 [main] INFO  base.BaseClass - Trying to find Element By {by.toString()})
2023-09-29 21:15:10,196 [main] INFO  base.BaseClass - Found Element By {by.toString()}
2023-09-29 21:15:10,737 [main] INFO  base.BaseClass - Trying to find Element By {by.toString()})
2023-09-29 21:15:10,763 [main] INFO  base.BaseClass - Found Element By {by.toString()}
2023-09-29 21:15:11,302 [main] INFO  base.BaseClass - Trying to find Element By {by.toString()})
2023-09-29 21:15:11,330 [main] INFO  base.BaseClass - Found Element By {by.toString()}
2023-09-29 21:15:11,874 [main] INFO  base.BaseClass - Trying to find Element By {by.toString()})
2023-09-29 21:15:11,903 [main] INFO  base.BaseClass - Found Element By {by.toString()}
2023-09-29 21:15:12,450 [main] INFO  base.BaseClass - Trying to find Element By {by.toString()})
2023-09-29 21:15:12,485 [main] INFO  base.BaseClass - Found Element By {by.toString()}
2023-09-29 21:15:13,021 [main] INFO  base.BaseClass - Trying to find Element By {by.toString()})
2023-09-29 21:15:13,044 [main] INFO  base.BaseClass - Found Element By {by.toString()}
2023-09-29 21:15:13,586 [main] INFO  base.BaseClass - Trying to find Element By {by.toString()})
2023-09-29 21:15:13,606 [main] INFO  base.BaseClass - Found Element By {by.toString()}
2023-09-29 21:15:14,135 [main] INFO  base.BaseClass - Trying to find Element By {by.toString()})
2023-09-29 21:15:14,163 [main] INFO  base.BaseClass - Found Element By {by.toString()}
2023-09-29 21:15:14,705 [main] INFO  base.BaseClass - Trying to find Element By {by.toString()})
2023-09-29 21:15:14,734 [main] INFO  base.BaseClass - Found Element By {by.toString()}
2023-09-29 21:15:15,263 [main] INFO  base.BaseClass - Trying to find Element By {by.toString()})
2023-09-29 21:15:15,284 [main] INFO  base.BaseClass - Found Element By {by.toString()}
2023-09-29 21:15:15,811 [main] INFO  base.BaseClass - Trying to find Element By {by.toString()})
2023-09-29 21:15:15,839 [main] INFO  base.BaseClass - Found Element By {by.toString()}
2023-09-29 21:15:16,370 [main] INFO  base.BaseClass - Trying to find Element By {by.toString()})
2023-09-29 21:15:16,397 [main] INFO  base.BaseClass - Found Element By {by.toString()}
2023-09-29 21:15:16,933 [main] INFO  base.BaseClass - Trying to find Element By {by.toString()})
2023-09-29 21:15:16,947 [main] INFO  base.BaseClass - Found Element By {by.toString()}
2023-09-29 21:15:17,474 [main] INFO  base.BaseClass - Trying to find Element By {by.toString()})
2023-09-29 21:15:17,526 [main] INFO  base.BaseClass - Found Element By {by.toString()}
2023-09-29 21:15:18,043 [main] INFO  base.BaseClass - Trying to find Element By {by.toString()})
2023-09-29 21:15:18,074 [main] INFO  base.BaseClass - Found Element By {by.toString()}
2023-09-29 21:15:18,626 [main] INFO  base.BaseClass - Trying to find Element By {by.toString()})
2023-09-29 21:15:18,653 [main] INFO  base.BaseClass - Found Element By {by.toString()}
2023-09-29 21:15:19,196 [main] INFO  base.BaseClass - Trying to find Element By {by.toString()})
2023-09-29 21:15:19,225 [main] INFO  base.BaseClass - Found Element By {by.toString()}
2023-09-29 21:15:19,769 [main] INFO  base.BaseClass - Trying to find Element By {by.toString()})
2023-09-29 21:15:19,788 [main] INFO  base.BaseClass - Found Element By {by.toString()}
2023-09-29 21:15:20,318 [main] INFO  base.BaseClass - Trying to find Element By {by.toString()})
2023-09-29 21:15:20,336 [main] INFO  base.BaseClass - Found Element By {by.toString()}
2023-09-29 21:15:20,864 [main] INFO  base.BaseClass - Trying to find Element By {by.toString()})
2023-09-29 21:15:20,883 [main] INFO  base.BaseClass - Found Element By {by.toString()}
2023-09-29 21:15:21,411 [main] INFO  base.BaseClass - Trying to find Element By {by.toString()})
2023-09-29 21:15:21,439 [main] INFO  base.BaseClass - Found Element By {by.toString()}
2023-09-29 21:15:21,981 [main] INFO  base.BaseClass - Trying to find Element By {by.toString()})
2023-09-29 21:15:22,008 [main] INFO  base.BaseClass - Found Element By {by.toString()}
2023-09-29 21:15:22,532 [main] INFO  base.BaseClass - Trying to find Element By {by.toString()})
2023-09-29 21:15:22,562 [main] INFO  base.BaseClass - Found Element By {by.toString()}
TimeoutException occurred: Expected condition failed: waiting for helper.WaitUtility$4@7f79edee (tried for 20 second(s) with 500 milliseconds interval)
Build info: version: '3.141.59', revision: 'e82be7d358', time: '2018-11-14T08:17:03'
System info: host: 'DPLAP166', ip: '137.237.2.110', os.name: 'Windows 10', os.arch: 'amd64', os.version: '10.0', java.version: '19.0.1'
Driver info: org.openqa.selenium.support.events.EventFiringWebDriver
Capabilities {acceptInsecureCerts: false, browserName: chrome, browserVersion: 117.0.5938.132, chrome: {chromedriverVersion: 117.0.5938.92 (67649b10b92b..., userDataDir: C:\Users\dP-PL\AppData\Loca...}, fedcm:accounts: true, goog:chromeOptions: {debuggerAddress: localhost:53425}, javascriptEnabled: true, networkConnectionEnabled: false, pageLoadStrategy: normal, platform: WINDOWS, platformName: WINDOWS, proxy: Proxy(), setWindowRect: true, strictFileInteractability: false, timeouts: {implicit: 0, pageLoad: 300000, script: 30000}, unhandledPromptBehavior: dismiss and notify, webauthn:extension:credBlob: true, webauthn:extension:largeBlob: true, webauthn:extension:minPinLength: true, webauthn:extension:prf: true, webauthn:virtualAuthenticators: true}
Session ID: a30a324cbfdbf2d47df93469108f43c8
2023-09-29 21:15:22,599 [main] ERROR XGLT_15177_Test - Element did not become visible within the specified time: Expected condition failed: waiting for helper.WaitUtility$4@7f79edee (tried for 20 second(s) with 500 milliseconds interval)
Build info: version: '3.141.59', revision: 'e82be7d358', time: '2018-11-14T08:17:03'
System info: host: 'DPLAP166', ip: '137.237.2.110', os.name: 'Windows 10', os.arch: 'amd64', os.version: '10.0', java.version: '19.0.1'
Driver info: org.openqa.selenium.support.events.EventFiringWebDriver
Capabilities {acceptInsecureCerts: false, browserName: chrome, browserVersion: 117.0.5938.132, chrome: {chromedriverVersion: 117.0.5938.92 (67649b10b92b..., userDataDir: C:\Users\dP-PL\AppData\Loca...}, fedcm:accounts: true, goog:chromeOptions: {debuggerAddress: localhost:53425}, javascriptEnabled: true, networkConnectionEnabled: false, pageLoadStrategy: normal, platform: WINDOWS, platformName: WINDOWS, proxy: Proxy(), setWindowRect: true, strictFileInteractability: false, timeouts: {implicit: 0, pageLoad: 300000, script: 30000}, unhandledPromptBehavior: dismiss and notify, webauthn:extension:credBlob: true, webauthn:extension:largeBlob: true, webauthn:extension:minPinLength: true, webauthn:extension:prf: true, webauthn:virtualAuthenticators: true}
Session ID: a30a324cbfdbf2d47df93469108f43c8
2023-09-29 21:15:22,611 [Forwarding actions on session a30a324cbfdbf2d47df93469108f43c8 to remote] INFO  base.BaseClass - Trying to find Element By {by.toString()})
2023-09-29 21:15:22,631 [Forwarding actions on session a30a324cbfdbf2d47df93469108f43c8 to remote] INFO  base.BaseClass - Found Element By {by.toString()}
2023-09-29 21:15:22,779 [main] INFO  base.BaseClass - Trying to find Element By {by.toString()})
2023-09-29 21:15:22,807 [main] INFO  base.BaseClass - Found Element By {by.toString()}
2023-09-29 21:15:22,808 [main] INFO  base.BaseClass - Trying to click on: {element.toString()}
2023-09-29 21:15:22,912 [main] INFO  base.BaseClass - Clicked on: {element.toString()}
2023-09-29 21:15:22,912 [main] INFO  base.BaseClass - Trying to find Element By {by.toString()})
2023-09-29 21:15:22,926 [main] INFO  base.BaseClass - Found Element By {by.toString()}
2023-09-29 21:15:22,936 [main] INFO  base.BaseClass - Trying to click on: {element.toString()}
2023-09-29 21:15:22,976 [main] INFO  base.BaseClass - Clicked on: {element.toString()}
2023-09-29 21:15:22,976 [Forwarding actions on session a30a324cbfdbf2d47df93469108f43c8 to remote] INFO  base.BaseClass - Trying to find Element By {by.toString()})
2023-09-29 21:15:22,989 [Forwarding actions on session a30a324cbfdbf2d47df93469108f43c8 to remote] INFO  base.BaseClass - Found Element By {by.toString()}
2023-09-29 21:15:23,120 [main] INFO  base.BaseClass - Trying to find Element By {by.toString()})
2023-09-29 21:15:23,133 [main] INFO  base.BaseClass - Found Element By {by.toString()}
2023-09-29 21:15:23,133 [main] INFO  base.BaseClass - Trying to click on: {element.toString()}
2023-09-29 21:15:23,169 [main] INFO  base.BaseClass - Clicked on: {element.toString()}
2023-09-29 21:15:23,169 [main] INFO  base.BaseClass - Trying to find Element By {by.toString()})
2023-09-29 21:15:23,179 [main] INFO  base.BaseClass - Found Element By {by.toString()}
2023-09-29 21:15:23,189 [main] INFO  base.BaseClass - Trying to click on: {element.toString()}
2023-09-29 21:15:23,229 [main] INFO  base.BaseClass - Clicked on: {element.toString()}
2023-09-29 21:15:23,229 [main] INFO  base.BaseClass - Trying to find Element By {by.toString()})
2023-09-29 21:15:23,244 [main] INFO  base.BaseClass - Found Element By {by.toString()}
2023-09-29 21:15:23,245 [main] INFO  base.BaseClass - Trying to click on: {element.toString()}
2023-09-29 21:15:23,302 [main] INFO  base.BaseClass - Clicked on: {element.toString()}
2023-09-29 21:15:23,305 [main] INFO  base.BaseClass - Trying to find Element By {by.toString()})
2023-09-29 21:15:23,326 [main] INFO  base.BaseClass - Found Element By {by.toString()}
2023-09-29 21:15:23,361 [main] INFO  base.BaseClass - Trying to find Element By {by.toString()})
2023-09-29 21:15:23,382 [main] INFO  base.BaseClass - Found Element By {by.toString()}
Writing on Excel file Finished ...
CreateNewSalesPerson passed!
]]></system-out>
    <system-err><![CDATA[Starting ChromeDriver 117.0.5938.92 (67649b10b92bb182fba357831ef7dd6a1baa5648-refs/branch-heads/5938_62@{#14}) on port 43623
Only local connections are allowed.
Please see https://chromedriver.chromium.org/security-considerations for suggestions on keeping ChromeDriver safe.
ChromeDriver was started successfully.
Sept 29, 2023 9:13:50 PM org.openqa.selenium.remote.ProtocolHandshake createSession
INFO: Detected dialect: W3C
]]></system-err>
  </testcase>
  <testcase name="MissonControlReset" classname="XGLT_6693_Test" time="6.899">
    <system-out><![CDATA[2023-09-29 21:15:27,196 [main] INFO  base.BaseClass - Login to XGL
2023-09-29 21:15:27,196 [main] INFO  XGLT_15177_Test - Setting up browser
2023-09-29 21:15:27,222 [main] INFO  io.github.bonigarcia.wdm.WebDriverManager - Using chromedriver 117.0.5938.92 (resolved driver for Chrome 117)
2023-09-29 21:15:27,262 [main] INFO  io.github.bonigarcia.wdm.WebDriverManager - Exporting webdriver.chrome.driver as C:\Users\dP-PL\.cache\selenium\chromedriver\win64\117.0.5938.92\chromedriver.exe
2023-09-29 21:15:28,965 [main] INFO  base.BaseClass - Before navigating to {url}
2023-09-29 21:15:36,022 [main] INFO  base.BaseClass - Navigated to {url}
2023-09-29 21:15:36,026 [main] INFO  base.BaseClass - Trying to find Element By {by.toString()})
2023-09-29 21:15:36,049 [main] INFO  base.BaseClass - Found Element By {by.toString()}
2023-09-29 21:15:36,097 [main] INFO  base.BaseClass - Trying to find Element By {by.toString()})
2023-09-29 21:15:36,110 [main] INFO  base.BaseClass - Found Element By {by.toString()}
2023-09-29 21:15:36,228 [main] INFO  base.BaseClass - Trying to find Element By {by.toString()})
2023-09-29 21:15:36,244 [main] INFO  base.BaseClass - Found Element By {by.toString()}
2023-09-29 21:15:36,244 [main] INFO  base.BaseClass - Trying to click on: {element.toString()}
2023-09-29 21:15:36,292 [main] INFO  base.BaseClass - Clicked on: {element.toString()}
2023-09-29 21:15:36,292 [main] INFO  base.BaseClass - Trying to find Element By {by.toString()})
2023-09-29 21:15:48,027 [main] INFO  base.BaseClass - Found Element By {by.toString()}
2023-09-29 21:15:48,049 [main] INFO  base.BaseClass - Trying to find Element By {by.toString()})
NoSuchElementException occurred: no such element: Unable to locate element: {"method":"xpath","selector":"//div[@class='modal-content']/div/i[contains(@class,'close')]"}
  (Session info: chrome=117.0.5938.132)
For documentation on this error, please visit: https://www.seleniumhq.org/exceptions/no_such_element.html
Build info: version: '3.141.59', revision: 'e82be7d358', time: '2018-11-14T08:17:03'
System info: host: 'DPLAP166', ip: '137.237.2.110', os.name: 'Windows 10', os.arch: 'amd64', os.version: '10.0', java.version: '19.0.1'
Driver info: org.openqa.selenium.chrome.ChromeDriver
Capabilities {acceptInsecureCerts: false, browserName: chrome, browserVersion: 117.0.5938.132, chrome: {chromedriverVersion: 117.0.5938.92 (67649b10b92b..., userDataDir: C:\Users\dP-PL\AppData\Loca...}, fedcm:accounts: true, goog:chromeOptions: {debuggerAddress: localhost:53459}, javascriptEnabled: true, networkConnectionEnabled: false, pageLoadStrategy: normal, platform: WINDOWS, platformName: WINDOWS, proxy: Proxy(), setWindowRect: true, strictFileInteractability: false, timeouts: {implicit: 0, pageLoad: 300000, script: 30000}, unhandledPromptBehavior: dismiss and notify, webauthn:extension:credBlob: true, webauthn:extension:largeBlob: true, webauthn:extension:minPinLength: true, webauthn:extension:prf: true, webauthn:virtualAuthenticators: true}
Session ID: 5574045cc5dbe7b827caa168807faf2b
*** Element info: {Using=xpath, value=//div[@class='modal-content']/div/i[contains(@class,'close')]}
Before method Test name: About_network_test
MissonControlReset started!
2023-09-29 21:16:38,081 [main] INFO  base.BaseClass - Trying to find Element By {by.toString()})
2023-09-29 21:16:38,102 [main] INFO  base.BaseClass - Found Element By {by.toString()}
2023-09-29 21:16:38,154 [main] INFO  base.BaseClass - Trying to find Element By {by.toString()})
2023-09-29 21:16:38,167 [main] INFO  base.BaseClass - Found Element By {by.toString()}
2023-09-29 21:16:39,177 [main] INFO  base.BaseClass - Trying to find Element By {by.toString()})
2023-09-29 21:16:39,198 [main] INFO  base.BaseClass - Found Element By {by.toString()}
2023-09-29 21:16:39,217 [main] INFO  base.BaseClass - Trying to find Element By {by.toString()})
2023-09-29 21:16:39,236 [main] INFO  base.BaseClass - Found Element By {by.toString()}
2023-09-29 21:16:39,278 [main] INFO  base.BaseClass - Trying to find Element By {by.toString()})
2023-09-29 21:16:39,295 [main] INFO  base.BaseClass - Found Element By {by.toString()}
2023-09-29 21:16:39,296 [main] INFO  base.BaseClass - Trying to click on: {element.toString()}
2023-09-29 21:16:39,365 [main] INFO  base.BaseClass - Clicked on: {element.toString()}
2023-09-29 21:16:41,514 [main] INFO  base.BaseClass - Trying to find Element By {by.toString()})
2023-09-29 21:16:41,945 [main] INFO  base.BaseClass - Found Element By {by.toString()}
2023-09-29 21:16:41,954 [main] INFO  base.BaseClass - Trying to find Element By {by.toString()})
2023-09-29 21:16:41,964 [main] INFO  base.BaseClass - Found Element By {by.toString()}
2023-09-29 21:16:42,974 [main] INFO  base.BaseClass - Trying to find Element By {by.toString()})
2023-09-29 21:16:43,048 [main] INFO  base.BaseClass - Found Element By {by.toString()}
2023-09-29 21:16:43,149 [main] INFO  base.BaseClass - Trying to find Element By {by.toString()})
2023-09-29 21:16:43,232 [main] INFO  base.BaseClass - Found Element By {by.toString()}
2023-09-29 21:16:43,353 [main] INFO  base.BaseClass - Trying to find Element By {by.toString()})
2023-09-29 21:16:43,374 [main] INFO  base.BaseClass - Found Element By {by.toString()}
2023-09-29 21:16:43,374 [main] INFO  base.BaseClass - Trying to click on: {element.toString()}
2023-09-29 21:16:43,459 [main] INFO  base.BaseClass - Clicked on: {element.toString()}
2023-09-29 21:16:43,460 [main] INFO  base.BaseClass - Trying to find Element By {by.toString()})
2023-09-29 21:16:43,479 [main] INFO  base.BaseClass - Found Element By {by.toString()}
2023-09-29 21:16:43,616 [main] INFO  base.BaseClass - Trying to click on: {element.toString()}
2023-09-29 21:16:43,656 [main] INFO  base.BaseClass - Clicked on: {element.toString()}
2023-09-29 21:16:43,656 [main] INFO  base.BaseClass - Trying to find Element By {by.toString()})
2023-09-29 21:16:43,671 [main] INFO  base.BaseClass - Found Element By {by.toString()}
2023-09-29 21:16:43,671 [main] INFO  base.BaseClass - Trying to click on: {element.toString()}
2023-09-29 21:16:43,720 [main] INFO  base.BaseClass - Clicked on: {element.toString()}
2023-09-29 21:16:43,721 [main] INFO  base.BaseClass - Trying to find Element By {by.toString()})
2023-09-29 21:16:44,637 [main] INFO  base.BaseClass - Found Element By {by.toString()}
MissonControlReset passed!
]]></system-out>
    <system-err><![CDATA[Starting ChromeDriver 117.0.5938.92 (67649b10b92bb182fba357831ef7dd6a1baa5648-refs/branch-heads/5938_62@{#14}) on port 17958
Only local connections are allowed.
Please see https://chromedriver.chromium.org/security-considerations for suggestions on keeping ChromeDriver safe.
ChromeDriver was started successfully.
Sept 29, 2023 9:15:28 PM org.openqa.selenium.remote.ProtocolHandshake createSession
INFO: Detected dialect: W3C
]]></system-err>
  </testcase>
  <testcase name="NetworkInstanceCurrentWeekPA" classname="XGLT_6688_Test" time="58.103">
    <failure message="expected [true] but found [false]" type="java.lang.AssertionError"><![CDATA[java.lang.AssertionError: expected [true] but found [false]
	at org.testng.Assert.fail(Assert.java:110)
	at org.testng.Assert.failNotEquals(Assert.java:1413)
	at org.testng.Assert.assertTrue(Assert.java:56)
	at org.testng.Assert.assertTrue(Assert.java:66)
	at XGLT_6688_Test.NetworkInstanceCurrentWeekPA(XGLT_6688_Test.java:47)
	at java.base/jdk.internal.reflect.DirectMethodHandleAccessor.invoke(DirectMethodHandleAccessor.java:104)
	at java.base/java.lang.reflect.Method.invoke(Method.java:578)
	at org.testng.internal.invokers.MethodInvocationHelper.invokeMethod(MethodInvocationHelper.java:139)
	at org.testng.internal.invokers.TestInvoker.invokeMethod(TestInvoker.java:677)
	at org.testng.internal.invokers.TestInvoker.invokeTestMethod(TestInvoker.java:221)
	at org.testng.internal.invokers.MethodRunner.runInSequence(MethodRunner.java:50)
	at org.testng.internal.invokers.TestInvoker$MethodInvocationAgent.invoke(TestInvoker.java:962)
	at org.testng.internal.invokers.TestInvoker.invokeTestMethods(TestInvoker.java:194)
	at org.testng.internal.invokers.TestMethodWorker.invokeTestMethods(TestMethodWorker.java:148)
	at org.testng.internal.invokers.TestMethodWorker.run(TestMethodWorker.java:128)
	at java.base/java.util.ArrayList.forEach(ArrayList.java:1511)
	at org.testng.TestRunner.privateRun(TestRunner.java:806)
	at org.testng.TestRunner.run(TestRunner.java:601)
	at org.testng.SuiteRunner.runTest(SuiteRunner.java:433)
	at org.testng.SuiteRunner.runSequentially(SuiteRunner.java:427)
	at org.testng.SuiteRunner.privateRun(SuiteRunner.java:387)
	at org.testng.SuiteRunner.run(SuiteRunner.java:330)
	at org.testng.SuiteRunnerWorker.runSuite(SuiteRunnerWorker.java:52)
	at org.testng.SuiteRunnerWorker.run(SuiteRunnerWorker.java:95)
	at org.testng.TestNG.runSuitesSequentially(TestNG.java:1256)
	at org.testng.TestNG.runSuitesLocally(TestNG.java:1176)
	at org.testng.TestNG.runSuites(TestNG.java:1099)
	at org.testng.TestNG.run(TestNG.java:1067)
	at org.apache.maven.surefire.testng.TestNGExecutor.run(TestNGExecutor.java:324)
	at org.apache.maven.surefire.testng.TestNGXmlTestSuite.execute(TestNGXmlTestSuite.java:74)
	at org.apache.maven.surefire.testng.TestNGProvider.invoke(TestNGProvider.java:123)
	at org.apache.maven.surefire.booter.ForkedBooter.runSuitesInProcess(ForkedBooter.java:456)
	at org.apache.maven.surefire.booter.ForkedBooter.execute(ForkedBooter.java:169)
	at org.apache.maven.surefire.booter.ForkedBooter.run(ForkedBooter.java:595)
	at org.apache.maven.surefire.booter.ForkedBooter.main(ForkedBooter.java:581)
]]></failure>
    <system-out><![CDATA[2023-09-29 21:16:44,980 [main] INFO  base.BaseClass - Login to XGL
2023-09-29 21:16:44,980 [main] INFO  XGLT_15177_Test - Setting up browser
2023-09-29 21:16:45,002 [main] INFO  io.github.bonigarcia.wdm.WebDriverManager - Using chromedriver 117.0.5938.92 (resolved driver for Chrome 117)
2023-09-29 21:16:45,035 [main] INFO  io.github.bonigarcia.wdm.WebDriverManager - Exporting webdriver.chrome.driver as C:\Users\dP-PL\.cache\selenium\chromedriver\win64\117.0.5938.92\chromedriver.exe
2023-09-29 21:16:47,009 [main] INFO  base.BaseClass - Before navigating to {url}
2023-09-29 21:16:54,286 [main] INFO  base.BaseClass - Navigated to {url}
2023-09-29 21:16:54,291 [main] INFO  base.BaseClass - Trying to find Element By {by.toString()})
2023-09-29 21:16:54,316 [main] INFO  base.BaseClass - Found Element By {by.toString()}
2023-09-29 21:16:54,399 [main] INFO  base.BaseClass - Trying to find Element By {by.toString()})
2023-09-29 21:16:54,416 [main] INFO  base.BaseClass - Found Element By {by.toString()}
2023-09-29 21:16:54,483 [main] INFO  base.BaseClass - Trying to find Element By {by.toString()})
2023-09-29 21:16:54,498 [main] INFO  base.BaseClass - Found Element By {by.toString()}
2023-09-29 21:16:54,498 [main] INFO  base.BaseClass - Trying to click on: {element.toString()}
2023-09-29 21:16:54,539 [main] INFO  base.BaseClass - Clicked on: {element.toString()}
2023-09-29 21:16:54,539 [main] INFO  base.BaseClass - Trying to find Element By {by.toString()})
2023-09-29 21:17:02,965 [main] INFO  base.BaseClass - Found Element By {by.toString()}
2023-09-29 21:17:02,990 [main] INFO  base.BaseClass - Trying to find Element By {by.toString()})
NoSuchElementException occurred: no such element: Unable to locate element: {"method":"xpath","selector":"//div[@class='modal-content']/div/i[contains(@class,'close')]"}
  (Session info: chrome=117.0.5938.132)
For documentation on this error, please visit: https://www.seleniumhq.org/exceptions/no_such_element.html
Build info: version: '3.141.59', revision: 'e82be7d358', time: '2018-11-14T08:17:03'
System info: host: 'DPLAP166', ip: '137.237.2.110', os.name: 'Windows 10', os.arch: 'amd64', os.version: '10.0', java.version: '19.0.1'
Driver info: org.openqa.selenium.chrome.ChromeDriver
Capabilities {acceptInsecureCerts: false, browserName: chrome, browserVersion: 117.0.5938.132, chrome: {chromedriverVersion: 117.0.5938.92 (67649b10b92b..., userDataDir: C:\Users\dP-PL\AppData\Loca...}, fedcm:accounts: true, goog:chromeOptions: {debuggerAddress: localhost:53490}, javascriptEnabled: true, networkConnectionEnabled: false, pageLoadStrategy: normal, platform: WINDOWS, platformName: WINDOWS, proxy: Proxy(), setWindowRect: true, strictFileInteractability: false, timeouts: {implicit: 0, pageLoad: 300000, script: 30000}, unhandledPromptBehavior: dismiss and notify, webauthn:extension:credBlob: true, webauthn:extension:largeBlob: true, webauthn:extension:minPinLength: true, webauthn:extension:prf: true, webauthn:virtualAuthenticators: true}
Session ID: 56d42ac2ed049fb5aefa376e3a0b9cf8
*** Element info: {Using=xpath, value=//div[@class='modal-content']/div/i[contains(@class,'close')]}
Before method Test name: About_network_test
NetworkInstanceCurrentWeekPA started!
2023-09-29 21:17:53,048 [main] INFO  base.BaseClass - Trying to find Element By {by.toString()})
2023-09-29 21:17:53,080 [main] INFO  base.BaseClass - Found Element By {by.toString()}
2023-09-29 21:17:53,112 [main] INFO  base.BaseClass - Trying to find Element By {by.toString()})
2023-09-29 21:17:53,133 [main] INFO  base.BaseClass - Found Element By {by.toString()}
2023-09-29 21:17:53,174 [main] INFO  base.BaseClass - Trying to find Element By {by.toString()})
2023-09-29 21:17:53,184 [main] INFO  base.BaseClass - Found Element By {by.toString()}
2023-09-29 21:17:54,192 [main] INFO  base.BaseClass - Trying to find Element By {by.toString()})
2023-09-29 21:17:54,225 [main] INFO  base.BaseClass - Found Element By {by.toString()}
2023-09-29 21:17:54,253 [main] INFO  base.BaseClass - Trying to find Element By {by.toString()})
2023-09-29 21:17:54,281 [main] INFO  base.BaseClass - Found Element By {by.toString()}
2023-09-29 21:17:54,328 [main] INFO  base.BaseClass - Trying to find Element By {by.toString()})
2023-09-29 21:17:54,343 [main] INFO  base.BaseClass - Found Element By {by.toString()}
2023-09-29 21:17:54,343 [main] INFO  base.BaseClass - Trying to click on: {element.toString()}
2023-09-29 21:17:54,400 [main] INFO  base.BaseClass - Clicked on: {element.toString()}
2023-09-29 21:17:55,412 [main] INFO  base.BaseClass - Trying to find Element By {by.toString()})
2023-09-29 21:17:55,819 [main] INFO  base.BaseClass - Found Element By {by.toString()}
2023-09-29 21:17:55,829 [main] INFO  base.BaseClass - Trying to find Element By {by.toString()})
2023-09-29 21:17:55,839 [main] INFO  base.BaseClass - Found Element By {by.toString()}
2023-09-29 21:17:56,846 [main] INFO  base.BaseClass - Trying to find Element By {by.toString()})
2023-09-29 21:17:56,928 [main] INFO  base.BaseClass - Found Element By {by.toString()}
2023-09-29 21:17:57,028 [main] INFO  base.BaseClass - Trying to find Element By {by.toString()})
2023-09-29 21:17:57,111 [main] INFO  base.BaseClass - Found Element By {by.toString()}
2023-09-29 21:17:57,240 [main] INFO  base.BaseClass - Trying to find Element By {by.toString()})
2023-09-29 21:17:57,263 [main] INFO  base.BaseClass - Found Element By {by.toString()}
2023-09-29 21:17:57,263 [main] INFO  base.BaseClass - Trying to click on: {element.toString()}
2023-09-29 21:17:57,340 [main] INFO  base.BaseClass - Clicked on: {element.toString()}
2023-09-29 21:17:57,340 [main] INFO  base.BaseClass - Trying to find Element By {by.toString()})
2023-09-29 21:17:57,359 [main] INFO  base.BaseClass - Found Element By {by.toString()}
2023-09-29 21:17:57,431 [main] INFO  base.BaseClass - Trying to click on: {element.toString()}
2023-09-29 21:17:57,474 [main] INFO  base.BaseClass - Clicked on: {element.toString()}
2023-09-29 21:17:57,475 [main] INFO  base.BaseClass - Trying to find Element By {by.toString()})
2023-09-29 21:17:57,494 [main] INFO  base.BaseClass - Found Element By {by.toString()}
2023-09-29 21:17:57,494 [main] INFO  base.BaseClass - Trying to click on: {element.toString()}
2023-09-29 21:17:57,540 [main] INFO  base.BaseClass - Clicked on: {element.toString()}
2023-09-29 21:17:57,541 [main] INFO  base.BaseClass - Trying to find Element By {by.toString()})
2023-09-29 21:17:58,615 [main] INFO  base.BaseClass - Found Element By {by.toString()}
2023-09-29 21:17:58,681 [main] INFO  base.BaseClass - Trying to find Element By {by.toString()})
2023-09-29 21:17:58,711 [main] INFO  base.BaseClass - Found Element By {by.toString()}
2023-09-29 21:17:58,729 [main] INFO  base.BaseClass - Trying to click on: {element.toString()}
2023-09-29 21:17:58,809 [main] INFO  base.BaseClass - Clicked on: {element.toString()}
2023-09-29 21:17:58,812 [main] INFO  base.BaseClass - Trying to find Element By {by.toString()})
2023-09-29 21:17:58,839 [main] INFO  base.BaseClass - Found Element By {by.toString()}
2023-09-29 21:17:58,866 [main] INFO  base.BaseClass - Trying to find Element By {by.toString()})
2023-09-29 21:17:58,893 [main] INFO  base.BaseClass - Found Element By {by.toString()}
2023-09-29 21:17:58,917 [main] INFO  base.BaseClass - Trying to find Element By {by.toString()})
2023-09-29 21:17:58,932 [main] INFO  base.BaseClass - Found Element By {by.toString()}
Mc count 97
2023-09-29 21:17:59,197 [main] INFO  base.BaseClass - Trying to find Element By {by.toString()})
TimeoutException occurred: Expected condition failed: waiting for helper.WaitUtility$4@323e026d (tried for 50 second(s) with 500 milliseconds interval)
2023-09-29 21:18:49,285 [main] ERROR XGLT_15177_Test - Element did not become visible within the specified time: Expected condition failed: waiting for helper.WaitUtility$4@323e026d (tried for 50 second(s) with 500 milliseconds interval)
2023-09-29 21:18:49,287 [main] INFO  base.BaseClass - Trying to find Element By {by.toString()})
2023-09-29 21:18:49,316 [main] INFO  base.BaseClass - Found Element By {by.toString()}
2023-09-29 21:18:49,317 [main] INFO  base.BaseClass - Trying to click on: {element.toString()}
2023-09-29 21:18:49,561 [main] INFO  base.BaseClass - Clicked on: {element.toString()}
2023-09-29 21:18:49,562 [main] INFO  base.BaseClass - Trying to find Element By {by.toString()})
2023-09-29 21:18:49,583 [main] INFO  base.BaseClass - Found Element By {by.toString()}
2023-09-29 21:18:50,100 [main] INFO  base.BaseClass - Trying to find Element By {by.toString()})
2023-09-29 21:18:50,113 [main] INFO  base.BaseClass - Found Element By {by.toString()}
2023-09-29 21:18:50,631 [main] INFO  base.BaseClass - Trying to find Element By {by.toString()})
2023-09-29 21:18:50,658 [main] INFO  base.BaseClass - Found Element By {by.toString()}
2023-09-29 21:18:50,688 [main] INFO  base.BaseClass - Trying to find Element By {by.toString()})
2023-09-29 21:18:50,710 [main] INFO  base.BaseClass - Found Element By {by.toString()}
2023-09-29 21:18:50,727 [main] INFO  base.BaseClass - Trying to find Element By {by.toString()})
2023-09-29 21:18:50,746 [main] INFO  base.BaseClass - Found Element By {by.toString()}
Actual page count 
NetworkInstanceCurrentWeekPA failed!
]]></system-out>
    <system-err><![CDATA[Starting ChromeDriver 117.0.5938.92 (67649b10b92bb182fba357831ef7dd6a1baa5648-refs/branch-heads/5938_62@{#14}) on port 24285
Only local connections are allowed.
Please see https://chromedriver.chromium.org/security-considerations for suggestions on keeping ChromeDriver safe.
ChromeDriver was started successfully.
Sept 29, 2023 9:16:46 PM org.openqa.selenium.remote.ProtocolHandshake createSession
INFO: Detected dialect: W3C
]]></system-err>
  </testcase>
  <testcase name="NetworkInstanceCurrentWeekPB" classname="XGLT_6688_Test" time="251.636">
    <failure message="no such element: Unable to locate element: {&quot;method&quot;:&quot;xpath&quot;,&quot;selector&quot;:&quot;//div[contains(@ng-click,&apos;PendingBuild&apos;)]/div[@class=&apos;ng-binding&apos;]&quot;}&#10;  (Session info: chrome=117.0.5938.132)&#10;For documentation on this error, please visit: https://www.seleniumhq.org/exceptions/no_such_element.html&#10;Build info: version: &apos;3.141.59&apos;, revision: &apos;e82be7d358&apos;, time: &apos;2018-11-14T08:17:03&apos;&#10;System info: host: &apos;DPLAP166&apos;, ip: &apos;137.237.2.110&apos;, os.name: &apos;Windows 10&apos;, os.arch: &apos;amd64&apos;, os.version: &apos;10.0&apos;, java.version: &apos;19.0.1&apos;&#10;Driver info: org.openqa.selenium.chrome.ChromeDriver&#10;Capabilities {acceptInsecureCerts: false, browserName: chrome, browserVersion: 117.0.5938.132, chrome: {chromedriverVersion: 117.0.5938.92 (67649b10b92b..., userDataDir: C:\Users\dP-PL\AppData\Loca...}, fedcm:accounts: true, goog:chromeOptions: {debuggerAddress: localhost:53490}, javascriptEnabled: true, networkConnectionEnabled: false, pageLoadStrategy: normal, platform: WINDOWS, platformName: WINDOWS, proxy: Proxy(), setWindowRect: true, strictFileInteractability: false, timeouts: {implicit: 0, pageLoad: 300000, script: 30000}, unhandledPromptBehavior: dismiss and notify, webauthn:extension:credBlob: true, webauthn:extension:largeBlob: true, webauthn:extension:minPinLength: true, webauthn:extension:prf: true, webauthn:virtualAuthenticators: true}&#10;Session ID: 56d42ac2ed049fb5aefa376e3a0b9cf8&#10;*** Element info: {Using=xpath, value=//div[contains(@ng-click,&apos;PendingBuild&apos;)]/div[@class=&apos;ng-binding&apos;]}" type="org.openqa.selenium.NoSuchElementException"><![CDATA[org.openqa.selenium.NoSuchElementException: 
no such element: Unable to locate element: {"method":"xpath","selector":"//div[contains(@ng-click,'PendingBuild')]/div[@class='ng-binding']"}
  (Session info: chrome=117.0.5938.132)
For documentation on this error, please visit: https://www.seleniumhq.org/exceptions/no_such_element.html
Build info: version: '3.141.59', revision: 'e82be7d358', time: '2018-11-14T08:17:03'
System info: host: 'DPLAP166', ip: '137.237.2.110', os.name: 'Windows 10', os.arch: 'amd64', os.version: '10.0', java.version: '19.0.1'
Driver info: org.openqa.selenium.chrome.ChromeDriver
Capabilities {acceptInsecureCerts: false, browserName: chrome, browserVersion: 117.0.5938.132, chrome: {chromedriverVersion: 117.0.5938.92 (67649b10b92b..., userDataDir: C:\Users\dP-PL\AppData\Loca...}, fedcm:accounts: true, goog:chromeOptions: {debuggerAddress: localhost:53490}, javascriptEnabled: true, networkConnectionEnabled: false, pageLoadStrategy: normal, platform: WINDOWS, platformName: WINDOWS, proxy: Proxy(), setWindowRect: true, strictFileInteractability: false, timeouts: {implicit: 0, pageLoad: 300000, script: 30000}, unhandledPromptBehavior: dismiss and notify, webauthn:extension:credBlob: true, webauthn:extension:largeBlob: true, webauthn:extension:minPinLength: true, webauthn:extension:prf: true, webauthn:virtualAuthenticators: true}
Session ID: 56d42ac2ed049fb5aefa376e3a0b9cf8
*** Element info: {Using=xpath, value=//div[contains(@ng-click,'PendingBuild')]/div[@class='ng-binding']}
	at java.base/jdk.internal.reflect.DirectConstructorHandleAccessor.newInstance(DirectConstructorHandleAccessor.java:67)
	at java.base/java.lang.reflect.Constructor.newInstanceWithCaller(Constructor.java:500)
	at java.base/java.lang.reflect.Constructor.newInstance(Constructor.java:484)
	at org.openqa.selenium.remote.http.W3CHttpResponseCodec.createException(W3CHttpResponseCodec.java:187)
	at org.openqa.selenium.remote.http.W3CHttpResponseCodec.decode(W3CHttpResponseCodec.java:122)
	at org.openqa.selenium.remote.http.W3CHttpResponseCodec.decode(W3CHttpResponseCodec.java:49)
	at org.openqa.selenium.remote.HttpCommandExecutor.execute(HttpCommandExecutor.java:158)
	at org.openqa.selenium.remote.service.DriverCommandExecutor.execute(DriverCommandExecutor.java:83)
	at org.openqa.selenium.remote.RemoteWebDriver.execute(RemoteWebDriver.java:552)
	at org.openqa.selenium.remote.RemoteWebDriver.findElement(RemoteWebDriver.java:323)
	at org.openqa.selenium.remote.RemoteWebDriver.findElementByXPath(RemoteWebDriver.java:428)
	at org.openqa.selenium.By$ByXPath.findElement(By.java:353)
	at org.openqa.selenium.remote.RemoteWebDriver.findElement(RemoteWebDriver.java:315)
	at java.base/jdk.internal.reflect.DirectMethodHandleAccessor.invoke(DirectMethodHandleAccessor.java:104)
	at java.base/java.lang.reflect.Method.invoke(Method.java:578)
	at org.openqa.selenium.support.events.EventFiringWebDriver.lambda$new$1(EventFiringWebDriver.java:105)
	at jdk.proxy2/jdk.proxy2.$Proxy24.findElement(Unknown Source)
	at org.openqa.selenium.support.events.EventFiringWebDriver.findElement(EventFiringWebDriver.java:194)
	at org.openqa.selenium.support.pagefactory.DefaultElementLocator.findElement(DefaultElementLocator.java:69)
	at org.openqa.selenium.support.pagefactory.internal.LocatingElementHandler.invoke(LocatingElementHandler.java:38)
	at jdk.proxy2/jdk.proxy2.$Proxy27.getText(Unknown Source)
	at pages.NetworkInstancePage.getmcpendingbuildcount(NetworkInstancePage.java:165)
	at pages.NetworkInstancePage.verifypendingbuildcount(NetworkInstancePage.java:180)
	at XGLT_6688_Test.NetworkInstanceCurrentWeekPB(XGLT_6688_Test.java:57)
	at java.base/jdk.internal.reflect.DirectMethodHandleAccessor.invoke(DirectMethodHandleAccessor.java:104)
	at java.base/java.lang.reflect.Method.invoke(Method.java:578)
	at org.testng.internal.invokers.MethodInvocationHelper.invokeMethod(MethodInvocationHelper.java:139)
	at org.testng.internal.invokers.TestInvoker.invokeMethod(TestInvoker.java:677)
	at org.testng.internal.invokers.TestInvoker.invokeTestMethod(TestInvoker.java:221)
	at org.testng.internal.invokers.MethodRunner.runInSequence(MethodRunner.java:50)
	at org.testng.internal.invokers.TestInvoker$MethodInvocationAgent.invoke(TestInvoker.java:962)
	at org.testng.internal.invokers.TestInvoker.invokeTestMethods(TestInvoker.java:194)
	at org.testng.internal.invokers.TestMethodWorker.invokeTestMethods(TestMethodWorker.java:148)
	at org.testng.internal.invokers.TestMethodWorker.run(TestMethodWorker.java:128)
	at java.base/java.util.ArrayList.forEach(ArrayList.java:1511)
	at org.testng.TestRunner.privateRun(TestRunner.java:806)
	at org.testng.TestRunner.run(TestRunner.java:601)
	at org.testng.SuiteRunner.runTest(SuiteRunner.java:433)
	at org.testng.SuiteRunner.runSequentially(SuiteRunner.java:427)
	at org.testng.SuiteRunner.privateRun(SuiteRunner.java:387)
	at org.testng.SuiteRunner.run(SuiteRunner.java:330)
	at org.testng.SuiteRunnerWorker.runSuite(SuiteRunnerWorker.java:52)
	at org.testng.SuiteRunnerWorker.run(SuiteRunnerWorker.java:95)
	at org.testng.TestNG.runSuitesSequentially(TestNG.java:1256)
	at org.testng.TestNG.runSuitesLocally(TestNG.java:1176)
	at org.testng.TestNG.runSuites(TestNG.java:1099)
	at org.testng.TestNG.run(TestNG.java:1067)
	at org.apache.maven.surefire.testng.TestNGExecutor.run(TestNGExecutor.java:324)
	at org.apache.maven.surefire.testng.TestNGXmlTestSuite.execute(TestNGXmlTestSuite.java:74)
	at org.apache.maven.surefire.testng.TestNGProvider.invoke(TestNGProvider.java:123)
	at org.apache.maven.surefire.booter.ForkedBooter.runSuitesInProcess(ForkedBooter.java:456)
	at org.apache.maven.surefire.booter.ForkedBooter.execute(ForkedBooter.java:169)
	at org.apache.maven.surefire.booter.ForkedBooter.run(ForkedBooter.java:595)
	at org.apache.maven.surefire.booter.ForkedBooter.main(ForkedBooter.java:581)
]]></failure>
    <system-out><![CDATA[Before method Test name: About_network_test
NetworkInstanceCurrentWeekPB started!
2023-09-29 21:18:51,161 [main] INFO  base.BaseClass - Trying to find Element By {by.toString()})
2023-09-29 21:18:51,183 [main] INFO  base.BaseClass - Found Element By {by.toString()}
2023-09-29 21:18:51,195 [main] INFO  base.BaseClass - Trying to click on: {element.toString()}
2023-09-29 21:18:51,275 [main] INFO  base.BaseClass - Clicked on: {element.toString()}
2023-09-29 21:18:51,276 [main] INFO  base.BaseClass - Trying to find Element By {by.toString()})
2023-09-29 21:19:41,833 [main] INFO  base.BaseClass - Trying to find Element By {by.toString()})
TimeoutException occurred: Expected condition failed: waiting for helper.WaitUtility$1@29892a77 (tried for 60 second(s) with 500 milliseconds interval)
2023-09-29 21:20:31,857 [main] ERROR XGLT_15177_Test - Element did not become visible within the specified time: Expected condition failed: waiting for helper.WaitUtility$1@29892a77 (tried for 60 second(s) with 500 milliseconds interval)
2023-09-29 21:20:31,857 [main] INFO  base.BaseClass - Trying to find Element By {by.toString()})
2023-09-29 21:21:22,450 [main] INFO  base.BaseClass - Trying to find Element By {by.toString()})
TimeoutException occurred: Expected condition failed: waiting for helper.WaitUtility$3@53ba7997 (tried for 60 second(s) with 500 milliseconds interval)
2023-09-29 21:22:12,473 [main] ERROR XGLT_15177_Test - Element did not become visible within the specified time: Expected condition failed: waiting for helper.WaitUtility$3@53ba7997 (tried for 60 second(s) with 500 milliseconds interval)
2023-09-29 21:22:12,474 [main] INFO  base.BaseClass - Trying to find Element By {by.toString()})
NetworkInstanceCurrentWeekPB failed!
]]></system-out>
  </testcase>
  <testcase name="NextfourDaysPA" classname="XGLT_6688_Test" time="113.624">
    <failure message="expected [true] but found [false]" type="java.lang.AssertionError"><![CDATA[java.lang.AssertionError: expected [true] but found [false]
	at org.testng.Assert.fail(Assert.java:110)
	at org.testng.Assert.failNotEquals(Assert.java:1413)
	at org.testng.Assert.assertTrue(Assert.java:56)
	at org.testng.Assert.assertTrue(Assert.java:66)
	at XGLT_6688_Test.NextfourDaysPA(XGLT_6688_Test.java:70)
	at java.base/jdk.internal.reflect.DirectMethodHandleAccessor.invoke(DirectMethodHandleAccessor.java:104)
	at java.base/java.lang.reflect.Method.invoke(Method.java:578)
	at org.testng.internal.invokers.MethodInvocationHelper.invokeMethod(MethodInvocationHelper.java:139)
	at org.testng.internal.invokers.TestInvoker.invokeMethod(TestInvoker.java:677)
	at org.testng.internal.invokers.TestInvoker.invokeTestMethod(TestInvoker.java:221)
	at org.testng.internal.invokers.MethodRunner.runInSequence(MethodRunner.java:50)
	at org.testng.internal.invokers.TestInvoker$MethodInvocationAgent.invoke(TestInvoker.java:962)
	at org.testng.internal.invokers.TestInvoker.invokeTestMethods(TestInvoker.java:194)
	at org.testng.internal.invokers.TestMethodWorker.invokeTestMethods(TestMethodWorker.java:148)
	at org.testng.internal.invokers.TestMethodWorker.run(TestMethodWorker.java:128)
	at java.base/java.util.ArrayList.forEach(ArrayList.java:1511)
	at org.testng.TestRunner.privateRun(TestRunner.java:806)
	at org.testng.TestRunner.run(TestRunner.java:601)
	at org.testng.SuiteRunner.runTest(SuiteRunner.java:433)
	at org.testng.SuiteRunner.runSequentially(SuiteRunner.java:427)
	at org.testng.SuiteRunner.privateRun(SuiteRunner.java:387)
	at org.testng.SuiteRunner.run(SuiteRunner.java:330)
	at org.testng.SuiteRunnerWorker.runSuite(SuiteRunnerWorker.java:52)
	at org.testng.SuiteRunnerWorker.run(SuiteRunnerWorker.java:95)
	at org.testng.TestNG.runSuitesSequentially(TestNG.java:1256)
	at org.testng.TestNG.runSuitesLocally(TestNG.java:1176)
	at org.testng.TestNG.runSuites(TestNG.java:1099)
	at org.testng.TestNG.run(TestNG.java:1067)
	at org.apache.maven.surefire.testng.TestNGExecutor.run(TestNGExecutor.java:324)
	at org.apache.maven.surefire.testng.TestNGXmlTestSuite.execute(TestNGXmlTestSuite.java:74)
	at org.apache.maven.surefire.testng.TestNGProvider.invoke(TestNGProvider.java:123)
	at org.apache.maven.surefire.booter.ForkedBooter.runSuitesInProcess(ForkedBooter.java:456)
	at org.apache.maven.surefire.booter.ForkedBooter.execute(ForkedBooter.java:169)
	at org.apache.maven.surefire.booter.ForkedBooter.run(ForkedBooter.java:595)
	at org.apache.maven.surefire.booter.ForkedBooter.main(ForkedBooter.java:581)
]]></failure>
    <system-out><![CDATA[Before method Test name: About_network_test
NextfourDaysPA started!
2023-09-29 21:23:02,805 [main] INFO  base.BaseClass - Trying to find Element By {by.toString()})
2023-09-29 21:23:02,842 [main] INFO  base.BaseClass - Found Element By {by.toString()}
2023-09-29 21:23:02,844 [main] INFO  base.BaseClass - Trying to click on: {element.toString()}
2023-09-29 21:23:03,004 [main] INFO  base.BaseClass - Clicked on: {element.toString()}
2023-09-29 21:23:03,004 [main] INFO  base.BaseClass - Trying to find Element By {by.toString()})
2023-09-29 21:23:03,868 [main] INFO  base.BaseClass - Found Element By {by.toString()}
2023-09-29 21:23:03,913 [main] INFO  base.BaseClass - Trying to click on: {element.toString()}
2023-09-29 21:23:03,998 [main] INFO  base.BaseClass - Clicked on: {element.toString()}
2023-09-29 21:23:03,998 [main] INFO  base.BaseClass - Trying to find Element By {by.toString()})
2023-09-29 21:23:04,018 [main] INFO  base.BaseClass - Found Element By {by.toString()}
2023-09-29 21:23:04,053 [main] INFO  base.BaseClass - Trying to click on: {element.toString()}
2023-09-29 21:23:04,144 [main] INFO  base.BaseClass - Clicked on: {element.toString()}
2023-09-29 21:23:04,145 [main] INFO  base.BaseClass - Trying to find Element By {by.toString()})
2023-09-29 21:23:04,168 [main] INFO  base.BaseClass - Found Element By {by.toString()}
2023-09-29 21:23:04,181 [main] INFO  base.BaseClass - Trying to find Element By {by.toString()})
2023-09-29 21:23:04,203 [main] INFO  base.BaseClass - Found Element By {by.toString()}
2023-09-29 21:23:04,721 [main] INFO  base.BaseClass - Trying to find Element By {by.toString()})
2023-09-29 21:23:04,750 [main] INFO  base.BaseClass - Found Element By {by.toString()}
2023-09-29 21:23:05,283 [main] INFO  base.BaseClass - Trying to find Element By {by.toString()})
2023-09-29 21:23:05,312 [main] INFO  base.BaseClass - Found Element By {by.toString()}
2023-09-29 21:23:05,844 [main] INFO  base.BaseClass - Trying to find Element By {by.toString()})
2023-09-29 21:23:05,868 [main] INFO  base.BaseClass - Found Element By {by.toString()}
2023-09-29 21:23:06,398 [main] INFO  base.BaseClass - Trying to find Element By {by.toString()})
2023-09-29 21:23:06,418 [main] INFO  base.BaseClass - Found Element By {by.toString()}
2023-09-29 21:23:06,948 [main] INFO  base.BaseClass - Trying to find Element By {by.toString()})
2023-09-29 21:23:06,974 [main] INFO  base.BaseClass - Found Element By {by.toString()}
2023-09-29 21:23:07,512 [main] INFO  base.BaseClass - Trying to find Element By {by.toString()})
2023-09-29 21:23:07,539 [main] INFO  base.BaseClass - Found Element By {by.toString()}
2023-09-29 21:23:08,072 [main] INFO  base.BaseClass - Trying to find Element By {by.toString()})
2023-09-29 21:23:08,090 [main] INFO  base.BaseClass - Found Element By {by.toString()}
2023-09-29 21:23:08,618 [main] INFO  base.BaseClass - Trying to find Element By {by.toString()})
2023-09-29 21:23:08,645 [main] INFO  base.BaseClass - Found Element By {by.toString()}
2023-09-29 21:23:09,168 [main] INFO  base.BaseClass - Trying to find Element By {by.toString()})
2023-09-29 21:23:09,196 [main] INFO  base.BaseClass - Found Element By {by.toString()}
2023-09-29 21:23:09,720 [main] INFO  base.BaseClass - Trying to find Element By {by.toString()})
2023-09-29 21:23:09,741 [main] INFO  base.BaseClass - Found Element By {by.toString()}
2023-09-29 21:23:10,254 [main] INFO  base.BaseClass - Trying to find Element By {by.toString()})
2023-09-29 21:23:10,281 [main] INFO  base.BaseClass - Found Element By {by.toString()}
2023-09-29 21:23:10,804 [main] INFO  base.BaseClass - Trying to find Element By {by.toString()})
2023-09-29 21:23:10,824 [main] INFO  base.BaseClass - Found Element By {by.toString()}
2023-09-29 21:23:11,355 [main] INFO  base.BaseClass - Trying to find Element By {by.toString()})
2023-09-29 21:23:11,378 [main] INFO  base.BaseClass - Found Element By {by.toString()}
2023-09-29 21:23:11,902 [main] INFO  base.BaseClass - Trying to find Element By {by.toString()})
2023-09-29 21:23:11,931 [main] INFO  base.BaseClass - Found Element By {by.toString()}
2023-09-29 21:23:12,464 [main] INFO  base.BaseClass - Trying to find Element By {by.toString()})
2023-09-29 21:23:12,491 [main] INFO  base.BaseClass - Found Element By {by.toString()}
2023-09-29 21:23:13,027 [main] INFO  base.BaseClass - Trying to find Element By {by.toString()})
2023-09-29 21:23:13,058 [main] INFO  base.BaseClass - Found Element By {by.toString()}
2023-09-29 21:23:13,580 [main] INFO  base.BaseClass - Trying to find Element By {by.toString()})
2023-09-29 21:23:13,609 [main] INFO  base.BaseClass - Found Element By {by.toString()}
2023-09-29 21:23:14,144 [main] INFO  base.BaseClass - Trying to find Element By {by.toString()})
2023-09-29 21:23:14,167 [main] INFO  base.BaseClass - Found Element By {by.toString()}
2023-09-29 21:23:14,691 [main] INFO  base.BaseClass - Trying to find Element By {by.toString()})
2023-09-29 21:23:14,718 [main] INFO  base.BaseClass - Found Element By {by.toString()}
2023-09-29 21:23:15,240 [main] INFO  base.BaseClass - Trying to find Element By {by.toString()})
2023-09-29 21:23:15,266 [main] INFO  base.BaseClass - Found Element By {by.toString()}
2023-09-29 21:23:15,799 [main] INFO  base.BaseClass - Trying to find Element By {by.toString()})
2023-09-29 21:23:15,823 [main] INFO  base.BaseClass - Found Element By {by.toString()}
2023-09-29 21:23:16,350 [main] INFO  base.BaseClass - Trying to find Element By {by.toString()})
2023-09-29 21:23:16,375 [main] INFO  base.BaseClass - Found Element By {by.toString()}
2023-09-29 21:23:16,899 [main] INFO  base.BaseClass - Trying to find Element By {by.toString()})
2023-09-29 21:23:16,924 [main] INFO  base.BaseClass - Found Element By {by.toString()}
2023-09-29 21:23:17,453 [main] INFO  base.BaseClass - Trying to find Element By {by.toString()})
2023-09-29 21:23:17,479 [main] INFO  base.BaseClass - Found Element By {by.toString()}
2023-09-29 21:23:18,001 [main] INFO  base.BaseClass - Trying to find Element By {by.toString()})
2023-09-29 21:23:18,028 [main] INFO  base.BaseClass - Found Element By {by.toString()}
2023-09-29 21:23:18,564 [main] INFO  base.BaseClass - Trying to find Element By {by.toString()})
2023-09-29 21:23:18,592 [main] INFO  base.BaseClass - Found Element By {by.toString()}
2023-09-29 21:23:19,126 [main] INFO  base.BaseClass - Trying to find Element By {by.toString()})
2023-09-29 21:23:19,144 [main] INFO  base.BaseClass - Found Element By {by.toString()}
2023-09-29 21:23:19,669 [main] INFO  base.BaseClass - Trying to find Element By {by.toString()})
2023-09-29 21:23:19,686 [main] INFO  base.BaseClass - Found Element By {by.toString()}
2023-09-29 21:23:20,216 [main] INFO  base.BaseClass - Trying to find Element By {by.toString()})
2023-09-29 21:23:20,242 [main] INFO  base.BaseClass - Found Element By {by.toString()}
2023-09-29 21:23:20,769 [main] INFO  base.BaseClass - Trying to find Element By {by.toString()})
2023-09-29 21:23:20,794 [main] INFO  base.BaseClass - Found Element By {by.toString()}
2023-09-29 21:23:21,319 [main] INFO  base.BaseClass - Trying to find Element By {by.toString()})
2023-09-29 21:23:21,350 [main] INFO  base.BaseClass - Found Element By {by.toString()}
2023-09-29 21:23:21,884 [main] INFO  base.BaseClass - Trying to find Element By {by.toString()})
2023-09-29 21:23:21,904 [main] INFO  base.BaseClass - Found Element By {by.toString()}
2023-09-29 21:23:22,430 [main] INFO  base.BaseClass - Trying to find Element By {by.toString()})
2023-09-29 21:23:22,449 [main] INFO  base.BaseClass - Found Element By {by.toString()}
2023-09-29 21:23:22,977 [main] INFO  base.BaseClass - Trying to find Element By {by.toString()})
2023-09-29 21:23:23,003 [main] INFO  base.BaseClass - Found Element By {by.toString()}
2023-09-29 21:23:23,527 [main] INFO  base.BaseClass - Trying to find Element By {by.toString()})
2023-09-29 21:23:23,547 [main] INFO  base.BaseClass - Found Element By {by.toString()}
2023-09-29 21:23:24,076 [main] INFO  base.BaseClass - Trying to find Element By {by.toString()})
2023-09-29 21:23:24,104 [main] INFO  base.BaseClass - Found Element By {by.toString()}
2023-09-29 21:23:24,640 [main] INFO  base.BaseClass - Trying to find Element By {by.toString()})
2023-09-29 21:23:24,666 [main] INFO  base.BaseClass - Found Element By {by.toString()}
2023-09-29 21:23:25,202 [main] INFO  base.BaseClass - Trying to find Element By {by.toString()})
2023-09-29 21:23:25,230 [main] INFO  base.BaseClass - Found Element By {by.toString()}
2023-09-29 21:23:25,755 [main] INFO  base.BaseClass - Trying to find Element By {by.toString()})
2023-09-29 21:23:25,785 [main] INFO  base.BaseClass - Found Element By {by.toString()}
2023-09-29 21:23:26,315 [main] INFO  base.BaseClass - Trying to find Element By {by.toString()})
2023-09-29 21:23:26,342 [main] INFO  base.BaseClass - Found Element By {by.toString()}
2023-09-29 21:23:26,867 [main] INFO  base.BaseClass - Trying to find Element By {by.toString()})
2023-09-29 21:23:26,888 [main] INFO  base.BaseClass - Found Element By {by.toString()}
2023-09-29 21:23:27,418 [main] INFO  base.BaseClass - Trying to find Element By {by.toString()})
2023-09-29 21:23:27,437 [main] INFO  base.BaseClass - Found Element By {by.toString()}
2023-09-29 21:23:27,953 [main] INFO  base.BaseClass - Trying to find Element By {by.toString()})
2023-09-29 21:23:27,979 [main] INFO  base.BaseClass - Found Element By {by.toString()}
2023-09-29 21:23:28,505 [main] INFO  base.BaseClass - Trying to find Element By {by.toString()})
2023-09-29 21:23:28,530 [main] INFO  base.BaseClass - Found Element By {by.toString()}
2023-09-29 21:23:29,052 [main] INFO  base.BaseClass - Trying to find Element By {by.toString()})
2023-09-29 21:23:29,077 [main] INFO  base.BaseClass - Found Element By {by.toString()}
2023-09-29 21:23:29,601 [main] INFO  base.BaseClass - Trying to find Element By {by.toString()})
2023-09-29 21:23:29,624 [main] INFO  base.BaseClass - Found Element By {by.toString()}
2023-09-29 21:23:30,148 [main] INFO  base.BaseClass - Trying to find Element By {by.toString()})
2023-09-29 21:23:30,175 [main] INFO  base.BaseClass - Found Element By {by.toString()}
2023-09-29 21:23:30,699 [main] INFO  base.BaseClass - Trying to find Element By {by.toString()})
2023-09-29 21:23:30,726 [main] INFO  base.BaseClass - Found Element By {by.toString()}
2023-09-29 21:23:31,247 [main] INFO  base.BaseClass - Trying to find Element By {by.toString()})
2023-09-29 21:23:31,275 [main] INFO  base.BaseClass - Found Element By {by.toString()}
2023-09-29 21:23:31,807 [main] INFO  base.BaseClass - Trying to find Element By {by.toString()})
2023-09-29 21:23:31,827 [main] INFO  base.BaseClass - Found Element By {by.toString()}
2023-09-29 21:23:32,351 [main] INFO  base.BaseClass - Trying to find Element By {by.toString()})
2023-09-29 21:23:32,381 [main] INFO  base.BaseClass - Found Element By {by.toString()}
2023-09-29 21:23:32,918 [main] INFO  base.BaseClass - Trying to find Element By {by.toString()})
2023-09-29 21:23:32,945 [main] INFO  base.BaseClass - Found Element By {by.toString()}
2023-09-29 21:23:33,482 [main] INFO  base.BaseClass - Trying to find Element By {by.toString()})
2023-09-29 21:23:33,507 [main] INFO  base.BaseClass - Found Element By {by.toString()}
2023-09-29 21:23:34,031 [main] INFO  base.BaseClass - Trying to find Element By {by.toString()})
2023-09-29 21:23:34,058 [main] INFO  base.BaseClass - Found Element By {by.toString()}
2023-09-29 21:23:34,581 [main] INFO  base.BaseClass - Trying to find Element By {by.toString()})
2023-09-29 21:23:34,607 [main] INFO  base.BaseClass - Found Element By {by.toString()}
2023-09-29 21:23:35,130 [main] INFO  base.BaseClass - Trying to find Element By {by.toString()})
2023-09-29 21:23:35,158 [main] INFO  base.BaseClass - Found Element By {by.toString()}
2023-09-29 21:23:35,681 [main] INFO  base.BaseClass - Trying to find Element By {by.toString()})
2023-09-29 21:23:35,706 [main] INFO  base.BaseClass - Found Element By {by.toString()}
2023-09-29 21:23:36,227 [main] INFO  base.BaseClass - Trying to find Element By {by.toString()})
2023-09-29 21:23:36,252 [main] INFO  base.BaseClass - Found Element By {by.toString()}
2023-09-29 21:23:36,779 [main] INFO  base.BaseClass - Trying to find Element By {by.toString()})
2023-09-29 21:23:36,799 [main] INFO  base.BaseClass - Found Element By {by.toString()}
2023-09-29 21:23:37,330 [main] INFO  base.BaseClass - Trying to find Element By {by.toString()})
2023-09-29 21:23:37,357 [main] INFO  base.BaseClass - Found Element By {by.toString()}
2023-09-29 21:23:37,893 [main] INFO  base.BaseClass - Trying to find Element By {by.toString()})
2023-09-29 21:23:37,915 [main] INFO  base.BaseClass - Found Element By {by.toString()}
2023-09-29 21:23:38,443 [main] INFO  base.BaseClass - Trying to find Element By {by.toString()})
2023-09-29 21:23:38,468 [main] INFO  base.BaseClass - Found Element By {by.toString()}
2023-09-29 21:23:38,995 [main] INFO  base.BaseClass - Trying to find Element By {by.toString()})
2023-09-29 21:23:39,021 [main] INFO  base.BaseClass - Found Element By {by.toString()}
2023-09-29 21:23:39,550 [main] INFO  base.BaseClass - Trying to find Element By {by.toString()})
2023-09-29 21:23:39,570 [main] INFO  base.BaseClass - Found Element By {by.toString()}
2023-09-29 21:23:40,084 [main] INFO  base.BaseClass - Trying to find Element By {by.toString()})
2023-09-29 21:23:40,117 [main] INFO  base.BaseClass - Found Element By {by.toString()}
2023-09-29 21:23:40,647 [main] INFO  base.BaseClass - Trying to find Element By {by.toString()})
2023-09-29 21:23:40,658 [main] INFO  base.BaseClass - Found Element By {by.toString()}
2023-09-29 21:23:41,167 [main] INFO  base.BaseClass - Trying to find Element By {by.toString()})
2023-09-29 21:23:41,191 [main] INFO  base.BaseClass - Found Element By {by.toString()}
2023-09-29 21:23:41,717 [main] INFO  base.BaseClass - Trying to find Element By {by.toString()})
2023-09-29 21:23:41,742 [main] INFO  base.BaseClass - Found Element By {by.toString()}
2023-09-29 21:23:42,265 [main] INFO  base.BaseClass - Trying to find Element By {by.toString()})
2023-09-29 21:23:42,287 [main] INFO  base.BaseClass - Found Element By {by.toString()}
2023-09-29 21:23:42,818 [main] INFO  base.BaseClass - Trying to find Element By {by.toString()})
2023-09-29 21:23:42,846 [main] INFO  base.BaseClass - Found Element By {by.toString()}
2023-09-29 21:23:43,381 [main] INFO  base.BaseClass - Trying to find Element By {by.toString()})
2023-09-29 21:23:43,408 [main] INFO  base.BaseClass - Found Element By {by.toString()}
2023-09-29 21:23:43,932 [main] INFO  base.BaseClass - Trying to find Element By {by.toString()})
2023-09-29 21:23:43,956 [main] INFO  base.BaseClass - Found Element By {by.toString()}
2023-09-29 21:23:44,480 [main] INFO  base.BaseClass - Trying to find Element By {by.toString()})
2023-09-29 21:23:44,506 [main] INFO  base.BaseClass - Found Element By {by.toString()}
2023-09-29 21:23:45,030 [main] INFO  base.BaseClass - Trying to find Element By {by.toString()})
2023-09-29 21:23:45,050 [main] INFO  base.BaseClass - Found Element By {by.toString()}
2023-09-29 21:23:45,578 [main] INFO  base.BaseClass - Trying to find Element By {by.toString()})
2023-09-29 21:23:45,605 [main] INFO  base.BaseClass - Found Element By {by.toString()}
2023-09-29 21:23:46,128 [main] INFO  base.BaseClass - Trying to find Element By {by.toString()})
2023-09-29 21:23:46,156 [main] INFO  base.BaseClass - Found Element By {by.toString()}
2023-09-29 21:23:46,681 [main] INFO  base.BaseClass - Trying to find Element By {by.toString()})
2023-09-29 21:23:46,703 [main] INFO  base.BaseClass - Found Element By {by.toString()}
2023-09-29 21:23:47,230 [main] INFO  base.BaseClass - Trying to find Element By {by.toString()})
2023-09-29 21:23:47,251 [main] INFO  base.BaseClass - Found Element By {by.toString()}
2023-09-29 21:23:47,766 [main] INFO  base.BaseClass - Trying to find Element By {by.toString()})
2023-09-29 21:23:47,790 [main] INFO  base.BaseClass - Found Element By {by.toString()}
2023-09-29 21:23:48,328 [main] INFO  base.BaseClass - Trying to find Element By {by.toString()})
2023-09-29 21:23:48,347 [main] INFO  base.BaseClass - Found Element By {by.toString()}
2023-09-29 21:23:48,864 [main] INFO  base.BaseClass - Trying to find Element By {by.toString()})
2023-09-29 21:23:48,890 [main] INFO  base.BaseClass - Found Element By {by.toString()}
2023-09-29 21:23:49,414 [main] INFO  base.BaseClass - Trying to find Element By {by.toString()})
2023-09-29 21:23:49,431 [main] INFO  base.BaseClass - Found Element By {by.toString()}
2023-09-29 21:23:49,952 [main] INFO  base.BaseClass - Trying to find Element By {by.toString()})
2023-09-29 21:23:49,977 [main] INFO  base.BaseClass - Found Element By {by.toString()}
2023-09-29 21:23:50,501 [main] INFO  base.BaseClass - Trying to find Element By {by.toString()})
2023-09-29 21:23:50,526 [main] INFO  base.BaseClass - Found Element By {by.toString()}
2023-09-29 21:23:51,053 [main] INFO  base.BaseClass - Trying to find Element By {by.toString()})
2023-09-29 21:23:51,079 [main] INFO  base.BaseClass - Found Element By {by.toString()}
2023-09-29 21:23:51,606 [main] INFO  base.BaseClass - Trying to find Element By {by.toString()})
2023-09-29 21:23:51,630 [main] INFO  base.BaseClass - Found Element By {by.toString()}
2023-09-29 21:23:52,155 [main] INFO  base.BaseClass - Trying to find Element By {by.toString()})
2023-09-29 21:23:52,178 [main] INFO  base.BaseClass - Found Element By {by.toString()}
2023-09-29 21:23:52,707 [main] INFO  base.BaseClass - Trying to find Element By {by.toString()})
2023-09-29 21:23:52,732 [main] INFO  base.BaseClass - Found Element By {by.toString()}
2023-09-29 21:23:53,251 [main] INFO  base.BaseClass - Trying to find Element By {by.toString()})
2023-09-29 21:23:53,280 [main] INFO  base.BaseClass - Found Element By {by.toString()}
2023-09-29 21:23:53,815 [main] INFO  base.BaseClass - Trying to find Element By {by.toString()})
2023-09-29 21:23:53,839 [main] INFO  base.BaseClass - Found Element By {by.toString()}
2023-09-29 21:23:54,365 [main] INFO  base.BaseClass - Trying to find Element By {by.toString()})
2023-09-29 21:23:54,384 [main] INFO  base.BaseClass - Found Element By {by.toString()}
2023-09-29 21:23:54,914 [main] INFO  base.BaseClass - Trying to find Element By {by.toString()})
2023-09-29 21:23:54,941 [main] INFO  base.BaseClass - Found Element By {by.toString()}
2023-09-29 21:23:55,461 [main] INFO  base.BaseClass - Trying to find Element By {by.toString()})
2023-09-29 21:23:55,479 [main] INFO  base.BaseClass - Found Element By {by.toString()}
2023-09-29 21:23:55,998 [main] INFO  base.BaseClass - Trying to find Element By {by.toString()})
2023-09-29 21:23:56,020 [main] INFO  base.BaseClass - Found Element By {by.toString()}
2023-09-29 21:23:56,545 [main] INFO  base.BaseClass - Trying to find Element By {by.toString()})
2023-09-29 21:23:56,574 [main] INFO  base.BaseClass - Found Element By {by.toString()}
2023-09-29 21:23:57,093 [main] INFO  base.BaseClass - Trying to find Element By {by.toString()})
2023-09-29 21:23:57,118 [main] INFO  base.BaseClass - Found Element By {by.toString()}
2023-09-29 21:23:57,640 [main] INFO  base.BaseClass - Trying to find Element By {by.toString()})
2023-09-29 21:23:57,662 [main] INFO  base.BaseClass - Found Element By {by.toString()}
2023-09-29 21:23:58,192 [main] INFO  base.BaseClass - Trying to find Element By {by.toString()})
2023-09-29 21:23:58,216 [main] INFO  base.BaseClass - Found Element By {by.toString()}
2023-09-29 21:23:58,739 [main] INFO  base.BaseClass - Trying to find Element By {by.toString()})
2023-09-29 21:23:58,767 [main] INFO  base.BaseClass - Found Element By {by.toString()}
2023-09-29 21:23:59,292 [main] INFO  base.BaseClass - Trying to find Element By {by.toString()})
2023-09-29 21:23:59,315 [main] INFO  base.BaseClass - Found Element By {by.toString()}
2023-09-29 21:23:59,839 [main] INFO  base.BaseClass - Trying to find Element By {by.toString()})
2023-09-29 21:23:59,862 [main] INFO  base.BaseClass - Found Element By {by.toString()}
2023-09-29 21:24:00,387 [main] INFO  base.BaseClass - Trying to find Element By {by.toString()})
2023-09-29 21:24:00,410 [main] INFO  base.BaseClass - Found Element By {by.toString()}
2023-09-29 21:24:00,945 [main] INFO  base.BaseClass - Trying to find Element By {by.toString()})
2023-09-29 21:24:00,973 [main] INFO  base.BaseClass - Found Element By {by.toString()}
2023-09-29 21:24:01,508 [main] INFO  base.BaseClass - Trying to find Element By {by.toString()})
2023-09-29 21:24:01,527 [main] INFO  base.BaseClass - Found Element By {by.toString()}
2023-09-29 21:24:02,043 [main] INFO  base.BaseClass - Trying to find Element By {by.toString()})
2023-09-29 21:24:02,068 [main] INFO  base.BaseClass - Found Element By {by.toString()}
2023-09-29 21:24:02,604 [main] INFO  base.BaseClass - Trying to find Element By {by.toString()})
2023-09-29 21:24:02,629 [main] INFO  base.BaseClass - Found Element By {by.toString()}
2023-09-29 21:24:03,152 [main] INFO  base.BaseClass - Trying to find Element By {by.toString()})
2023-09-29 21:24:03,181 [main] INFO  base.BaseClass - Found Element By {by.toString()}
2023-09-29 21:24:03,713 [main] INFO  base.BaseClass - Trying to find Element By {by.toString()})
2023-09-29 21:24:03,738 [main] INFO  base.BaseClass - Found Element By {by.toString()}
2023-09-29 21:24:04,251 [main] INFO  base.BaseClass - Trying to find Element By {by.toString()})
2023-09-29 21:24:04,276 [main] INFO  base.BaseClass - Found Element By {by.toString()}
TimeoutException occurred: Expected condition failed: waiting for helper.WaitUtility$3@26f204a4 (tried for 60 second(s) with 500 milliseconds interval)
Build info: version: '3.141.59', revision: 'e82be7d358', time: '2018-11-14T08:17:03'
System info: host: 'DPLAP166', ip: '137.237.2.110', os.name: 'Windows 10', os.arch: 'amd64', os.version: '10.0', java.version: '19.0.1'
Driver info: org.openqa.selenium.support.events.EventFiringWebDriver
Capabilities {acceptInsecureCerts: false, browserName: chrome, browserVersion: 117.0.5938.132, chrome: {chromedriverVersion: 117.0.5938.92 (67649b10b92b..., userDataDir: C:\Users\dP-PL\AppData\Loca...}, fedcm:accounts: true, goog:chromeOptions: {debuggerAddress: localhost:53490}, javascriptEnabled: true, networkConnectionEnabled: false, pageLoadStrategy: normal, platform: WINDOWS, platformName: WINDOWS, proxy: Proxy(), setWindowRect: true, strictFileInteractability: false, timeouts: {implicit: 0, pageLoad: 300000, script: 30000}, unhandledPromptBehavior: dismiss and notify, webauthn:extension:credBlob: true, webauthn:extension:largeBlob: true, webauthn:extension:minPinLength: true, webauthn:extension:prf: true, webauthn:virtualAuthenticators: true}
Session ID: 56d42ac2ed049fb5aefa376e3a0b9cf8
2023-09-29 21:24:04,300 [main] ERROR XGLT_15177_Test - Element did not become visible within the specified time: Expected condition failed: waiting for helper.WaitUtility$3@26f204a4 (tried for 60 second(s) with 500 milliseconds interval)
Build info: version: '3.141.59', revision: 'e82be7d358', time: '2018-11-14T08:17:03'
System info: host: 'DPLAP166', ip: '137.237.2.110', os.name: 'Windows 10', os.arch: 'amd64', os.version: '10.0', java.version: '19.0.1'
Driver info: org.openqa.selenium.support.events.EventFiringWebDriver
Capabilities {acceptInsecureCerts: false, browserName: chrome, browserVersion: 117.0.5938.132, chrome: {chromedriverVersion: 117.0.5938.92 (67649b10b92b..., userDataDir: C:\Users\dP-PL\AppData\Loca...}, fedcm:accounts: true, goog:chromeOptions: {debuggerAddress: localhost:53490}, javascriptEnabled: true, networkConnectionEnabled: false, pageLoadStrategy: normal, platform: WINDOWS, platformName: WINDOWS, proxy: Proxy(), setWindowRect: true, strictFileInteractability: false, timeouts: {implicit: 0, pageLoad: 300000, script: 30000}, unhandledPromptBehavior: dismiss and notify, webauthn:extension:credBlob: true, webauthn:extension:largeBlob: true, webauthn:extension:minPinLength: true, webauthn:extension:prf: true, webauthn:virtualAuthenticators: true}
Session ID: 56d42ac2ed049fb5aefa376e3a0b9cf8
2023-09-29 21:24:04,301 [main] INFO  base.BaseClass - Trying to find Element By {by.toString()})
2023-09-29 21:24:04,326 [main] INFO  base.BaseClass - Found Element By {by.toString()}
2023-09-29 21:24:04,348 [main] INFO  base.BaseClass - Trying to find Element By {by.toString()})
2023-09-29 21:24:04,365 [main] INFO  base.BaseClass - Found Element By {by.toString()}
Mc count 117
2023-09-29 21:24:04,586 [main] INFO  base.BaseClass - Trying to find Element By {by.toString()})
TimeoutException occurred: Expected condition failed: waiting for helper.WaitUtility$4@3bc6c10f (tried for 50 second(s) with 500 milliseconds interval)
2023-09-29 21:24:54,604 [main] ERROR XGLT_15177_Test - Element did not become visible within the specified time: Expected condition failed: waiting for helper.WaitUtility$4@3bc6c10f (tried for 50 second(s) with 500 milliseconds interval)
2023-09-29 21:24:54,605 [main] INFO  base.BaseClass - Trying to find Element By {by.toString()})
2023-09-29 21:24:54,624 [main] INFO  base.BaseClass - Found Element By {by.toString()}
2023-09-29 21:24:54,624 [main] INFO  base.BaseClass - Trying to click on: {element.toString()}
2023-09-29 21:24:54,799 [main] INFO  base.BaseClass - Clicked on: {element.toString()}
2023-09-29 21:24:54,799 [main] INFO  base.BaseClass - Trying to find Element By {by.toString()})
2023-09-29 21:24:54,810 [main] INFO  base.BaseClass - Found Element By {by.toString()}
2023-09-29 21:24:55,332 [main] INFO  base.BaseClass - Trying to find Element By {by.toString()})
2023-09-29 21:24:55,363 [main] INFO  base.BaseClass - Found Element By {by.toString()}
2023-09-29 21:24:55,882 [main] INFO  base.BaseClass - Trying to find Element By {by.toString()})
2023-09-29 21:24:55,909 [main] INFO  base.BaseClass - Found Element By {by.toString()}
2023-09-29 21:24:55,935 [main] INFO  base.BaseClass - Trying to find Element By {by.toString()})
2023-09-29 21:24:55,962 [main] INFO  base.BaseClass - Found Element By {by.toString()}
2023-09-29 21:24:55,986 [main] INFO  base.BaseClass - Trying to find Element By {by.toString()})
2023-09-29 21:24:56,002 [main] INFO  base.BaseClass - Found Element By {by.toString()}
Actual page count 
NextfourDaysPA failed!
]]></system-out>
  </testcase>
  <testcase name="NextfourDaysPB" classname="XGLT_6688_Test" time="300.832">
    <failure message="no such element: Unable to locate element: {&quot;method&quot;:&quot;xpath&quot;,&quot;selector&quot;:&quot;//div[contains(@ng-click,&apos;PendingBuild&apos;)]/div[@class=&apos;ng-binding&apos;]&quot;}&#10;  (Session info: chrome=117.0.5938.132)&#10;For documentation on this error, please visit: https://www.seleniumhq.org/exceptions/no_such_element.html&#10;Build info: version: &apos;3.141.59&apos;, revision: &apos;e82be7d358&apos;, time: &apos;2018-11-14T08:17:03&apos;&#10;System info: host: &apos;DPLAP166&apos;, ip: &apos;137.237.2.110&apos;, os.name: &apos;Windows 10&apos;, os.arch: &apos;amd64&apos;, os.version: &apos;10.0&apos;, java.version: &apos;19.0.1&apos;&#10;Driver info: org.openqa.selenium.chrome.ChromeDriver&#10;Capabilities {acceptInsecureCerts: false, browserName: chrome, browserVersion: 117.0.5938.132, chrome: {chromedriverVersion: 117.0.5938.92 (67649b10b92b..., userDataDir: C:\Users\dP-PL\AppData\Loca...}, fedcm:accounts: true, goog:chromeOptions: {debuggerAddress: localhost:53490}, javascriptEnabled: true, networkConnectionEnabled: false, pageLoadStrategy: normal, platform: WINDOWS, platformName: WINDOWS, proxy: Proxy(), setWindowRect: true, strictFileInteractability: false, timeouts: {implicit: 0, pageLoad: 300000, script: 30000}, unhandledPromptBehavior: dismiss and notify, webauthn:extension:credBlob: true, webauthn:extension:largeBlob: true, webauthn:extension:minPinLength: true, webauthn:extension:prf: true, webauthn:virtualAuthenticators: true}&#10;Session ID: 56d42ac2ed049fb5aefa376e3a0b9cf8&#10;*** Element info: {Using=xpath, value=//div[contains(@ng-click,&apos;PendingBuild&apos;)]/div[@class=&apos;ng-binding&apos;]}" type="org.openqa.selenium.NoSuchElementException"><![CDATA[org.openqa.selenium.NoSuchElementException: 
no such element: Unable to locate element: {"method":"xpath","selector":"//div[contains(@ng-click,'PendingBuild')]/div[@class='ng-binding']"}
  (Session info: chrome=117.0.5938.132)
For documentation on this error, please visit: https://www.seleniumhq.org/exceptions/no_such_element.html
Build info: version: '3.141.59', revision: 'e82be7d358', time: '2018-11-14T08:17:03'
System info: host: 'DPLAP166', ip: '137.237.2.110', os.name: 'Windows 10', os.arch: 'amd64', os.version: '10.0', java.version: '19.0.1'
Driver info: org.openqa.selenium.chrome.ChromeDriver
Capabilities {acceptInsecureCerts: false, browserName: chrome, browserVersion: 117.0.5938.132, chrome: {chromedriverVersion: 117.0.5938.92 (67649b10b92b..., userDataDir: C:\Users\dP-PL\AppData\Loca...}, fedcm:accounts: true, goog:chromeOptions: {debuggerAddress: localhost:53490}, javascriptEnabled: true, networkConnectionEnabled: false, pageLoadStrategy: normal, platform: WINDOWS, platformName: WINDOWS, proxy: Proxy(), setWindowRect: true, strictFileInteractability: false, timeouts: {implicit: 0, pageLoad: 300000, script: 30000}, unhandledPromptBehavior: dismiss and notify, webauthn:extension:credBlob: true, webauthn:extension:largeBlob: true, webauthn:extension:minPinLength: true, webauthn:extension:prf: true, webauthn:virtualAuthenticators: true}
Session ID: 56d42ac2ed049fb5aefa376e3a0b9cf8
*** Element info: {Using=xpath, value=//div[contains(@ng-click,'PendingBuild')]/div[@class='ng-binding']}
	at java.base/jdk.internal.reflect.DirectConstructorHandleAccessor.newInstance(DirectConstructorHandleAccessor.java:67)
	at java.base/java.lang.reflect.Constructor.newInstanceWithCaller(Constructor.java:500)
	at java.base/java.lang.reflect.Constructor.newInstance(Constructor.java:484)
	at org.openqa.selenium.remote.http.W3CHttpResponseCodec.createException(W3CHttpResponseCodec.java:187)
	at org.openqa.selenium.remote.http.W3CHttpResponseCodec.decode(W3CHttpResponseCodec.java:122)
	at org.openqa.selenium.remote.http.W3CHttpResponseCodec.decode(W3CHttpResponseCodec.java:49)
	at org.openqa.selenium.remote.HttpCommandExecutor.execute(HttpCommandExecutor.java:158)
	at org.openqa.selenium.remote.service.DriverCommandExecutor.execute(DriverCommandExecutor.java:83)
	at org.openqa.selenium.remote.RemoteWebDriver.execute(RemoteWebDriver.java:552)
	at org.openqa.selenium.remote.RemoteWebDriver.findElement(RemoteWebDriver.java:323)
	at org.openqa.selenium.remote.RemoteWebDriver.findElementByXPath(RemoteWebDriver.java:428)
	at org.openqa.selenium.By$ByXPath.findElement(By.java:353)
	at org.openqa.selenium.remote.RemoteWebDriver.findElement(RemoteWebDriver.java:315)
	at java.base/jdk.internal.reflect.DirectMethodHandleAccessor.invoke(DirectMethodHandleAccessor.java:104)
	at java.base/java.lang.reflect.Method.invoke(Method.java:578)
	at org.openqa.selenium.support.events.EventFiringWebDriver.lambda$new$1(EventFiringWebDriver.java:105)
	at jdk.proxy2/jdk.proxy2.$Proxy24.findElement(Unknown Source)
	at org.openqa.selenium.support.events.EventFiringWebDriver.findElement(EventFiringWebDriver.java:194)
	at org.openqa.selenium.support.pagefactory.DefaultElementLocator.findElement(DefaultElementLocator.java:69)
	at org.openqa.selenium.support.pagefactory.internal.LocatingElementHandler.invoke(LocatingElementHandler.java:38)
	at jdk.proxy2/jdk.proxy2.$Proxy27.getText(Unknown Source)
	at pages.NetworkInstancePage.getmcpendingbuildcount(NetworkInstancePage.java:165)
	at pages.NetworkInstancePage.verifypendingbuildcount(NetworkInstancePage.java:180)
	at XGLT_6688_Test.NextfourDaysPB(XGLT_6688_Test.java:83)
	at java.base/jdk.internal.reflect.DirectMethodHandleAccessor.invoke(DirectMethodHandleAccessor.java:104)
	at java.base/java.lang.reflect.Method.invoke(Method.java:578)
	at org.testng.internal.invokers.MethodInvocationHelper.invokeMethod(MethodInvocationHelper.java:139)
	at org.testng.internal.invokers.TestInvoker.invokeMethod(TestInvoker.java:677)
	at org.testng.internal.invokers.TestInvoker.invokeTestMethod(TestInvoker.java:221)
	at org.testng.internal.invokers.MethodRunner.runInSequence(MethodRunner.java:50)
	at org.testng.internal.invokers.TestInvoker$MethodInvocationAgent.invoke(TestInvoker.java:962)
	at org.testng.internal.invokers.TestInvoker.invokeTestMethods(TestInvoker.java:194)
	at org.testng.internal.invokers.TestMethodWorker.invokeTestMethods(TestMethodWorker.java:148)
	at org.testng.internal.invokers.TestMethodWorker.run(TestMethodWorker.java:128)
	at java.base/java.util.ArrayList.forEach(ArrayList.java:1511)
	at org.testng.TestRunner.privateRun(TestRunner.java:806)
	at org.testng.TestRunner.run(TestRunner.java:601)
	at org.testng.SuiteRunner.runTest(SuiteRunner.java:433)
	at org.testng.SuiteRunner.runSequentially(SuiteRunner.java:427)
	at org.testng.SuiteRunner.privateRun(SuiteRunner.java:387)
	at org.testng.SuiteRunner.run(SuiteRunner.java:330)
	at org.testng.SuiteRunnerWorker.runSuite(SuiteRunnerWorker.java:52)
	at org.testng.SuiteRunnerWorker.run(SuiteRunnerWorker.java:95)
	at org.testng.TestNG.runSuitesSequentially(TestNG.java:1256)
	at org.testng.TestNG.runSuitesLocally(TestNG.java:1176)
	at org.testng.TestNG.runSuites(TestNG.java:1099)
	at org.testng.TestNG.run(TestNG.java:1067)
	at org.apache.maven.surefire.testng.TestNGExecutor.run(TestNGExecutor.java:324)
	at org.apache.maven.surefire.testng.TestNGXmlTestSuite.execute(TestNGXmlTestSuite.java:74)
	at org.apache.maven.surefire.testng.TestNGProvider.invoke(TestNGProvider.java:123)
	at org.apache.maven.surefire.booter.ForkedBooter.runSuitesInProcess(ForkedBooter.java:456)
	at org.apache.maven.surefire.booter.ForkedBooter.execute(ForkedBooter.java:169)
	at org.apache.maven.surefire.booter.ForkedBooter.run(ForkedBooter.java:595)
	at org.apache.maven.surefire.booter.ForkedBooter.main(ForkedBooter.java:581)
]]></failure>
    <system-out><![CDATA[Before method Test name: About_network_test
NextfourDaysPB started!
2023-09-29 21:24:56,434 [main] INFO  base.BaseClass - Trying to find Element By {by.toString()})
2023-09-29 21:24:56,477 [main] INFO  base.BaseClass - Found Element By {by.toString()}
2023-09-29 21:24:56,494 [main] INFO  base.BaseClass - Trying to click on: {element.toString()}
2023-09-29 21:24:56,536 [main] INFO  base.BaseClass - Clicked on: {element.toString()}
2023-09-29 21:24:56,536 [main] INFO  base.BaseClass - Trying to find Element By {by.toString()})
2023-09-29 21:24:56,559 [main] INFO  base.BaseClass - Found Element By {by.toString()}
2023-09-29 21:24:56,577 [main] INFO  base.BaseClass - Trying to click on: {element.toString()}
2023-09-29 21:24:56,657 [main] INFO  base.BaseClass - Clicked on: {element.toString()}
2023-09-29 21:24:56,658 [main] INFO  base.BaseClass - Trying to find Element By {by.toString()})
TimeoutException occurred: Expected condition failed: waiting for helper.WaitUtility$1@418d1c03 (tried for 40 second(s) with 500 milliseconds interval)
2023-09-29 21:25:46,721 [main] ERROR XGLT_15177_Test - Element did not become visible within the specified time: Expected condition failed: waiting for helper.WaitUtility$1@418d1c03 (tried for 40 second(s) with 500 milliseconds interval)
2023-09-29 21:25:46,721 [main] INFO  base.BaseClass - Trying to find Element By {by.toString()})
2023-09-29 21:26:37,300 [main] INFO  base.BaseClass - Trying to find Element By {by.toString()})
TimeoutException occurred: Expected condition failed: waiting for helper.WaitUtility$1@24cbf894 (tried for 60 second(s) with 500 milliseconds interval)
2023-09-29 21:27:27,366 [main] ERROR XGLT_15177_Test - Element did not become visible within the specified time: Expected condition failed: waiting for helper.WaitUtility$1@24cbf894 (tried for 60 second(s) with 500 milliseconds interval)
2023-09-29 21:27:27,367 [main] INFO  base.BaseClass - Trying to find Element By {by.toString()})
2023-09-29 21:28:17,936 [main] INFO  base.BaseClass - Trying to find Element By {by.toString()})
TimeoutException occurred: Expected condition failed: waiting for helper.WaitUtility$3@5981f2c6 (tried for 60 second(s) with 500 milliseconds interval)
2023-09-29 21:29:08,023 [main] ERROR XGLT_15177_Test - Element did not become visible within the specified time: Expected condition failed: waiting for helper.WaitUtility$3@5981f2c6 (tried for 60 second(s) with 500 milliseconds interval)
2023-09-29 21:29:08,023 [main] INFO  base.BaseClass - Trying to find Element By {by.toString()})
NextfourDaysPB failed!
]]></system-out>
  </testcase>
  <testcase name="CustomDatePA" classname="XGLT_6688_Test" time="50.756">
    <failure message="element not interactable&#10;  (Session info: chrome=117.0.5938.132)&#10;Build info: version: &apos;3.141.59&apos;, revision: &apos;e82be7d358&apos;, time: &apos;2018-11-14T08:17:03&apos;&#10;System info: host: &apos;DPLAP166&apos;, ip: &apos;137.237.2.110&apos;, os.name: &apos;Windows 10&apos;, os.arch: &apos;amd64&apos;, os.version: &apos;10.0&apos;, java.version: &apos;19.0.1&apos;&#10;Driver info: org.openqa.selenium.chrome.ChromeDriver&#10;Capabilities {acceptInsecureCerts: false, browserName: chrome, browserVersion: 117.0.5938.132, chrome: {chromedriverVersion: 117.0.5938.92 (67649b10b92b..., userDataDir: C:\Users\dP-PL\AppData\Loca...}, fedcm:accounts: true, goog:chromeOptions: {debuggerAddress: localhost:53490}, javascriptEnabled: true, networkConnectionEnabled: false, pageLoadStrategy: normal, platform: WINDOWS, platformName: WINDOWS, proxy: Proxy(), setWindowRect: true, strictFileInteractability: false, timeouts: {implicit: 0, pageLoad: 300000, script: 30000}, unhandledPromptBehavior: dismiss and notify, webauthn:extension:credBlob: true, webauthn:extension:largeBlob: true, webauthn:extension:minPinLength: true, webauthn:extension:prf: true, webauthn:virtualAuthenticators: true}&#10;Session ID: 56d42ac2ed049fb5aefa376e3a0b9cf8" type="org.openqa.selenium.ElementNotInteractableException"><![CDATA[org.openqa.selenium.ElementNotInteractableException: 
element not interactable
  (Session info: chrome=117.0.5938.132)
Build info: version: '3.141.59', revision: 'e82be7d358', time: '2018-11-14T08:17:03'
System info: host: 'DPLAP166', ip: '137.237.2.110', os.name: 'Windows 10', os.arch: 'amd64', os.version: '10.0', java.version: '19.0.1'
Driver info: org.openqa.selenium.chrome.ChromeDriver
Capabilities {acceptInsecureCerts: false, browserName: chrome, browserVersion: 117.0.5938.132, chrome: {chromedriverVersion: 117.0.5938.92 (67649b10b92b..., userDataDir: C:\Users\dP-PL\AppData\Loca...}, fedcm:accounts: true, goog:chromeOptions: {debuggerAddress: localhost:53490}, javascriptEnabled: true, networkConnectionEnabled: false, pageLoadStrategy: normal, platform: WINDOWS, platformName: WINDOWS, proxy: Proxy(), setWindowRect: true, strictFileInteractability: false, timeouts: {implicit: 0, pageLoad: 300000, script: 30000}, unhandledPromptBehavior: dismiss and notify, webauthn:extension:credBlob: true, webauthn:extension:largeBlob: true, webauthn:extension:minPinLength: true, webauthn:extension:prf: true, webauthn:virtualAuthenticators: true}
Session ID: 56d42ac2ed049fb5aefa376e3a0b9cf8
	at java.base/jdk.internal.reflect.DirectConstructorHandleAccessor.newInstance(DirectConstructorHandleAccessor.java:67)
	at java.base/java.lang.reflect.Constructor.newInstanceWithCaller(Constructor.java:500)
	at java.base/java.lang.reflect.Constructor.newInstance(Constructor.java:484)
	at org.openqa.selenium.remote.http.W3CHttpResponseCodec.createException(W3CHttpResponseCodec.java:187)
	at org.openqa.selenium.remote.http.W3CHttpResponseCodec.decode(W3CHttpResponseCodec.java:122)
	at org.openqa.selenium.remote.http.W3CHttpResponseCodec.decode(W3CHttpResponseCodec.java:49)
	at org.openqa.selenium.remote.HttpCommandExecutor.execute(HttpCommandExecutor.java:158)
	at org.openqa.selenium.remote.service.DriverCommandExecutor.execute(DriverCommandExecutor.java:83)
	at org.openqa.selenium.remote.RemoteWebDriver.execute(RemoteWebDriver.java:552)
	at org.openqa.selenium.remote.RemoteWebElement.execute(RemoteWebElement.java:285)
	at org.openqa.selenium.remote.RemoteWebElement.click(RemoteWebElement.java:84)
	at java.base/jdk.internal.reflect.DirectMethodHandleAccessor.invoke(DirectMethodHandleAccessor.java:104)
	at java.base/java.lang.reflect.Method.invoke(Method.java:578)
	at org.openqa.selenium.support.events.EventFiringWebDriver$EventFiringWebElement.lambda$new$0(EventFiringWebDriver.java:404)
	at jdk.proxy2/jdk.proxy2.$Proxy28.click(Unknown Source)
	at org.openqa.selenium.support.events.EventFiringWebDriver$EventFiringWebElement.click(EventFiringWebDriver.java:417)
	at java.base/jdk.internal.reflect.DirectMethodHandleAccessor.invoke(DirectMethodHandleAccessor.java:104)
	at java.base/java.lang.reflect.Method.invoke(Method.java:578)
	at org.openqa.selenium.support.pagefactory.internal.LocatingElementHandler.invoke(LocatingElementHandler.java:51)
	at jdk.proxy2/jdk.proxy2.$Proxy27.click(Unknown Source)
	at pages.NetworkInstancePage.selectDate(NetworkInstancePage.java:126)
	at XGLT_6688_Test.CustomDatePA(XGLT_6688_Test.java:96)
	at java.base/jdk.internal.reflect.DirectMethodHandleAccessor.invoke(DirectMethodHandleAccessor.java:104)
	at java.base/java.lang.reflect.Method.invoke(Method.java:578)
	at org.testng.internal.invokers.MethodInvocationHelper.invokeMethod(MethodInvocationHelper.java:139)
	at org.testng.internal.invokers.TestInvoker.invokeMethod(TestInvoker.java:677)
	at org.testng.internal.invokers.TestInvoker.invokeTestMethod(TestInvoker.java:221)
	at org.testng.internal.invokers.MethodRunner.runInSequence(MethodRunner.java:50)
	at org.testng.internal.invokers.TestInvoker$MethodInvocationAgent.invoke(TestInvoker.java:962)
	at org.testng.internal.invokers.TestInvoker.invokeTestMethods(TestInvoker.java:194)
	at org.testng.internal.invokers.TestMethodWorker.invokeTestMethods(TestMethodWorker.java:148)
	at org.testng.internal.invokers.TestMethodWorker.run(TestMethodWorker.java:128)
	at java.base/java.util.ArrayList.forEach(ArrayList.java:1511)
	at org.testng.TestRunner.privateRun(TestRunner.java:806)
	at org.testng.TestRunner.run(TestRunner.java:601)
	at org.testng.SuiteRunner.runTest(SuiteRunner.java:433)
	at org.testng.SuiteRunner.runSequentially(SuiteRunner.java:427)
	at org.testng.SuiteRunner.privateRun(SuiteRunner.java:387)
	at org.testng.SuiteRunner.run(SuiteRunner.java:330)
	at org.testng.SuiteRunnerWorker.runSuite(SuiteRunnerWorker.java:52)
	at org.testng.SuiteRunnerWorker.run(SuiteRunnerWorker.java:95)
	at org.testng.TestNG.runSuitesSequentially(TestNG.java:1256)
	at org.testng.TestNG.runSuitesLocally(TestNG.java:1176)
	at org.testng.TestNG.runSuites(TestNG.java:1099)
	at org.testng.TestNG.run(TestNG.java:1067)
	at org.apache.maven.surefire.testng.TestNGExecutor.run(TestNGExecutor.java:324)
	at org.apache.maven.surefire.testng.TestNGXmlTestSuite.execute(TestNGXmlTestSuite.java:74)
	at org.apache.maven.surefire.testng.TestNGProvider.invoke(TestNGProvider.java:123)
	at org.apache.maven.surefire.booter.ForkedBooter.runSuitesInProcess(ForkedBooter.java:456)
	at org.apache.maven.surefire.booter.ForkedBooter.execute(ForkedBooter.java:169)
	at org.apache.maven.surefire.booter.ForkedBooter.run(ForkedBooter.java:595)
	at org.apache.maven.surefire.booter.ForkedBooter.main(ForkedBooter.java:581)
]]></failure>
    <system-out><![CDATA[Before method Test name: About_network_test
CustomDatePA started!
2023-09-29 21:29:58,294 [main] INFO  base.BaseClass - Trying to find Element By {by.toString()})
2023-09-29 21:29:58,321 [main] INFO  base.BaseClass - Found Element By {by.toString()}
2023-09-29 21:29:58,385 [main] INFO  base.BaseClass - Trying to click on: {element.toString()}
2023-09-29 21:29:58,474 [main] INFO  base.BaseClass - Clicked on: {element.toString()}
2023-09-29 21:29:58,474 [main] INFO  base.BaseClass - Trying to find Element By {by.toString()})
2023-09-29 21:29:58,488 [main] INFO  base.BaseClass - Found Element By {by.toString()}
2023-09-29 21:29:58,505 [main] INFO  base.BaseClass - Trying to find Element By {by.toString()})
2023-09-29 21:29:58,519 [main] INFO  base.BaseClass - Found Element By {by.toString()}
2023-09-29 21:29:58,519 [main] INFO  base.BaseClass - Trying to click on: {element.toString()}
2023-09-29 21:29:58,568 [main] INFO  base.BaseClass - Clicked on: {element.toString()}
2023-09-29 21:29:58,568 [main] INFO  base.BaseClass - Trying to click on: {element.toString()}
2023-09-29 21:29:58,612 [main] INFO  base.BaseClass - Clicked on: {element.toString()}
2023-09-29 21:29:58,612 [main] INFO  base.BaseClass - Trying to find Element By {by.toString()})
2023-09-29 21:29:58,627 [main] INFO  base.BaseClass - Found Element By {by.toString()}
2023-09-29 21:29:58,627 [main] INFO  base.BaseClass - Trying to click on: {element.toString()}
2023-09-29 21:29:58,679 [main] INFO  base.BaseClass - Clicked on: {element.toString()}
2023-09-29 21:29:58,679 [main] INFO  base.BaseClass - Trying to find Element By {by.toString()})
2023-09-29 21:29:58,693 [main] INFO  base.BaseClass - Found Element By {by.toString()}
2023-09-29 21:29:58,694 [main] INFO  base.BaseClass - Trying to click on: {element.toString()}
2023-09-29 21:29:58,744 [main] INFO  base.BaseClass - Clicked on: {element.toString()}
2023-09-29 21:29:58,744 [main] INFO  base.BaseClass - Trying to find Element By {by.toString()})
2023-09-29 21:29:58,758 [main] INFO  base.BaseClass - Found Element By {by.toString()}
2023-09-29 21:29:58,758 [main] INFO  base.BaseClass - Trying to click on: {element.toString()}
CustomDatePA failed!
]]></system-out>
  </testcase>
  <testcase name="CustomDatePB" classname="XGLT_6688_Test" time="113.002">
    <failure message="expected [true] but found [false]" type="java.lang.AssertionError"><![CDATA[java.lang.AssertionError: expected [true] but found [false]
	at org.testng.Assert.fail(Assert.java:110)
	at org.testng.Assert.failNotEquals(Assert.java:1413)
	at org.testng.Assert.assertTrue(Assert.java:56)
	at org.testng.Assert.assertTrue(Assert.java:66)
	at XGLT_6688_Test.CustomDatePB(XGLT_6688_Test.java:110)
	at java.base/jdk.internal.reflect.DirectMethodHandleAccessor.invoke(DirectMethodHandleAccessor.java:104)
	at java.base/java.lang.reflect.Method.invoke(Method.java:578)
	at org.testng.internal.invokers.MethodInvocationHelper.invokeMethod(MethodInvocationHelper.java:139)
	at org.testng.internal.invokers.TestInvoker.invokeMethod(TestInvoker.java:677)
	at org.testng.internal.invokers.TestInvoker.invokeTestMethod(TestInvoker.java:221)
	at org.testng.internal.invokers.MethodRunner.runInSequence(MethodRunner.java:50)
	at org.testng.internal.invokers.TestInvoker$MethodInvocationAgent.invoke(TestInvoker.java:962)
	at org.testng.internal.invokers.TestInvoker.invokeTestMethods(TestInvoker.java:194)
	at org.testng.internal.invokers.TestMethodWorker.invokeTestMethods(TestMethodWorker.java:148)
	at org.testng.internal.invokers.TestMethodWorker.run(TestMethodWorker.java:128)
	at java.base/java.util.ArrayList.forEach(ArrayList.java:1511)
	at org.testng.TestRunner.privateRun(TestRunner.java:806)
	at org.testng.TestRunner.run(TestRunner.java:601)
	at org.testng.SuiteRunner.runTest(SuiteRunner.java:433)
	at org.testng.SuiteRunner.runSequentially(SuiteRunner.java:427)
	at org.testng.SuiteRunner.privateRun(SuiteRunner.java:387)
	at org.testng.SuiteRunner.run(SuiteRunner.java:330)
	at org.testng.SuiteRunnerWorker.runSuite(SuiteRunnerWorker.java:52)
	at org.testng.SuiteRunnerWorker.run(SuiteRunnerWorker.java:95)
	at org.testng.TestNG.runSuitesSequentially(TestNG.java:1256)
	at org.testng.TestNG.runSuitesLocally(TestNG.java:1176)
	at org.testng.TestNG.runSuites(TestNG.java:1099)
	at org.testng.TestNG.run(TestNG.java:1067)
	at org.apache.maven.surefire.testng.TestNGExecutor.run(TestNGExecutor.java:324)
	at org.apache.maven.surefire.testng.TestNGXmlTestSuite.execute(TestNGXmlTestSuite.java:74)
	at org.apache.maven.surefire.testng.TestNGProvider.invoke(TestNGProvider.java:123)
	at org.apache.maven.surefire.booter.ForkedBooter.runSuitesInProcess(ForkedBooter.java:456)
	at org.apache.maven.surefire.booter.ForkedBooter.execute(ForkedBooter.java:169)
	at org.apache.maven.surefire.booter.ForkedBooter.run(ForkedBooter.java:595)
	at org.apache.maven.surefire.booter.ForkedBooter.main(ForkedBooter.java:581)
]]></failure>
    <system-out><![CDATA[Before method Test name: About_network_test
CustomDatePB started!
2023-09-29 21:30:49,053 [main] INFO  base.BaseClass - Trying to find Element By {by.toString()})
2023-09-29 21:30:49,080 [main] INFO  base.BaseClass - Found Element By {by.toString()}
2023-09-29 21:30:49,081 [main] INFO  base.BaseClass - Trying to click on: {element.toString()}
2023-09-29 21:30:49,202 [main] INFO  base.BaseClass - Clicked on: {element.toString()}
2023-09-29 21:30:49,202 [main] INFO  base.BaseClass - Trying to find Element By {by.toString()})
2023-09-29 21:30:49,604 [main] INFO  base.BaseClass - Found Element By {by.toString()}
2023-09-29 21:30:49,655 [main] INFO  base.BaseClass - Trying to click on: {element.toString()}
2023-09-29 21:30:49,769 [main] INFO  base.BaseClass - Clicked on: {element.toString()}
2023-09-29 21:30:49,770 [main] INFO  base.BaseClass - Trying to find Element By {by.toString()})
2023-09-29 21:30:49,779 [main] INFO  base.BaseClass - Found Element By {by.toString()}
2023-09-29 21:30:49,796 [main] INFO  base.BaseClass - Trying to find Element By {by.toString()})
2023-09-29 21:30:49,805 [main] INFO  base.BaseClass - Found Element By {by.toString()}
2023-09-29 21:30:49,805 [main] INFO  base.BaseClass - Trying to click on: {element.toString()}
2023-09-29 21:30:49,861 [main] INFO  base.BaseClass - Clicked on: {element.toString()}
2023-09-29 21:30:49,861 [main] INFO  base.BaseClass - Trying to click on: {element.toString()}
2023-09-29 21:30:49,912 [main] INFO  base.BaseClass - Clicked on: {element.toString()}
2023-09-29 21:30:49,912 [main] INFO  base.BaseClass - Trying to find Element By {by.toString()})
2023-09-29 21:30:49,922 [main] INFO  base.BaseClass - Found Element By {by.toString()}
2023-09-29 21:30:49,922 [main] INFO  base.BaseClass - Trying to click on: {element.toString()}
2023-09-29 21:30:49,961 [main] INFO  base.BaseClass - Clicked on: {element.toString()}
2023-09-29 21:30:49,961 [main] INFO  base.BaseClass - Trying to find Element By {by.toString()})
2023-09-29 21:30:49,971 [main] INFO  base.BaseClass - Found Element By {by.toString()}
2023-09-29 21:30:49,971 [main] INFO  base.BaseClass - Trying to click on: {element.toString()}
2023-09-29 21:30:50,014 [main] INFO  base.BaseClass - Clicked on: {element.toString()}
2023-09-29 21:30:50,014 [main] INFO  base.BaseClass - Trying to find Element By {by.toString()})
2023-09-29 21:30:50,025 [main] INFO  base.BaseClass - Found Element By {by.toString()}
2023-09-29 21:30:50,025 [main] INFO  base.BaseClass - Trying to click on: {element.toString()}
2023-09-29 21:30:50,069 [main] INFO  base.BaseClass - Clicked on: {element.toString()}
2023-09-29 21:30:50,069 [main] INFO  base.BaseClass - Trying to find Element By {by.toString()})
2023-09-29 21:30:50,082 [main] INFO  base.BaseClass - Found Element By {by.toString()}
2023-09-29 21:30:50,602 [main] INFO  base.BaseClass - Trying to find Element By {by.toString()})
2023-09-29 21:30:50,633 [main] INFO  base.BaseClass - Found Element By {by.toString()}
2023-09-29 21:30:50,662 [main] INFO  base.BaseClass - Trying to find Element By {by.toString()})
2023-09-29 21:30:50,699 [main] INFO  base.BaseClass - Found Element By {by.toString()}
2023-09-29 21:30:51,216 [main] INFO  base.BaseClass - Trying to find Element By {by.toString()})
2023-09-29 21:30:51,239 [main] INFO  base.BaseClass - Found Element By {by.toString()}
2023-09-29 21:30:51,763 [main] INFO  base.BaseClass - Trying to find Element By {by.toString()})
2023-09-29 21:30:51,791 [main] INFO  base.BaseClass - Found Element By {by.toString()}
2023-09-29 21:30:52,312 [main] INFO  base.BaseClass - Trying to find Element By {by.toString()})
2023-09-29 21:30:52,338 [main] INFO  base.BaseClass - Found Element By {by.toString()}
2023-09-29 21:30:52,872 [main] INFO  base.BaseClass - Trying to find Element By {by.toString()})
2023-09-29 21:30:52,892 [main] INFO  base.BaseClass - Found Element By {by.toString()}
2023-09-29 21:30:53,420 [main] INFO  base.BaseClass - Trying to find Element By {by.toString()})
2023-09-29 21:30:53,446 [main] INFO  base.BaseClass - Found Element By {by.toString()}
2023-09-29 21:30:53,980 [main] INFO  base.BaseClass - Trying to find Element By {by.toString()})
2023-09-29 21:30:54,007 [main] INFO  base.BaseClass - Found Element By {by.toString()}
2023-09-29 21:30:54,532 [main] INFO  base.BaseClass - Trying to find Element By {by.toString()})
2023-09-29 21:30:54,557 [main] INFO  base.BaseClass - Found Element By {by.toString()}
2023-09-29 21:30:55,082 [main] INFO  base.BaseClass - Trying to find Element By {by.toString()})
2023-09-29 21:30:55,107 [main] INFO  base.BaseClass - Found Element By {by.toString()}
2023-09-29 21:30:55,631 [main] INFO  base.BaseClass - Trying to find Element By {by.toString()})
2023-09-29 21:30:55,654 [main] INFO  base.BaseClass - Found Element By {by.toString()}
2023-09-29 21:30:56,177 [main] INFO  base.BaseClass - Trying to find Element By {by.toString()})
2023-09-29 21:30:56,203 [main] INFO  base.BaseClass - Found Element By {by.toString()}
2023-09-29 21:30:56,729 [main] INFO  base.BaseClass - Trying to find Element By {by.toString()})
2023-09-29 21:30:56,753 [main] INFO  base.BaseClass - Found Element By {by.toString()}
2023-09-29 21:30:57,274 [main] INFO  base.BaseClass - Trying to find Element By {by.toString()})
2023-09-29 21:30:57,298 [main] INFO  base.BaseClass - Found Element By {by.toString()}
2023-09-29 21:30:57,822 [main] INFO  base.BaseClass - Trying to find Element By {by.toString()})
2023-09-29 21:30:57,848 [main] INFO  base.BaseClass - Found Element By {by.toString()}
2023-09-29 21:30:58,371 [main] INFO  base.BaseClass - Trying to find Element By {by.toString()})
2023-09-29 21:30:58,390 [main] INFO  base.BaseClass - Found Element By {by.toString()}
2023-09-29 21:30:58,906 [main] INFO  base.BaseClass - Trying to find Element By {by.toString()})
2023-09-29 21:30:58,926 [main] INFO  base.BaseClass - Found Element By {by.toString()}
2023-09-29 21:30:59,450 [main] INFO  base.BaseClass - Trying to find Element By {by.toString()})
2023-09-29 21:30:59,476 [main] INFO  base.BaseClass - Found Element By {by.toString()}
2023-09-29 21:31:00,011 [main] INFO  base.BaseClass - Trying to find Element By {by.toString()})
2023-09-29 21:31:00,033 [main] INFO  base.BaseClass - Found Element By {by.toString()}
2023-09-29 21:31:00,560 [main] INFO  base.BaseClass - Trying to find Element By {by.toString()})
2023-09-29 21:31:00,587 [main] INFO  base.BaseClass - Found Element By {by.toString()}
2023-09-29 21:31:01,126 [main] INFO  base.BaseClass - Trying to find Element By {by.toString()})
2023-09-29 21:31:01,144 [main] INFO  base.BaseClass - Found Element By {by.toString()}
2023-09-29 21:31:01,674 [main] INFO  base.BaseClass - Trying to find Element By {by.toString()})
2023-09-29 21:31:01,701 [main] INFO  base.BaseClass - Found Element By {by.toString()}
2023-09-29 21:31:02,236 [main] INFO  base.BaseClass - Trying to find Element By {by.toString()})
2023-09-29 21:31:02,261 [main] INFO  base.BaseClass - Found Element By {by.toString()}
2023-09-29 21:31:02,788 [main] INFO  base.BaseClass - Trying to find Element By {by.toString()})
2023-09-29 21:31:02,814 [main] INFO  base.BaseClass - Found Element By {by.toString()}
2023-09-29 21:31:03,339 [main] INFO  base.BaseClass - Trying to find Element By {by.toString()})
2023-09-29 21:31:03,363 [main] INFO  base.BaseClass - Found Element By {by.toString()}
2023-09-29 21:31:03,888 [main] INFO  base.BaseClass - Trying to find Element By {by.toString()})
2023-09-29 21:31:03,913 [main] INFO  base.BaseClass - Found Element By {by.toString()}
2023-09-29 21:31:04,438 [main] INFO  base.BaseClass - Trying to find Element By {by.toString()})
2023-09-29 21:31:04,455 [main] INFO  base.BaseClass - Found Element By {by.toString()}
2023-09-29 21:31:04,986 [main] INFO  base.BaseClass - Trying to find Element By {by.toString()})
2023-09-29 21:31:05,005 [main] INFO  base.BaseClass - Found Element By {by.toString()}
2023-09-29 21:31:05,523 [main] INFO  base.BaseClass - Trying to find Element By {by.toString()})
2023-09-29 21:31:05,548 [main] INFO  base.BaseClass - Found Element By {by.toString()}
2023-09-29 21:31:06,071 [main] INFO  base.BaseClass - Trying to find Element By {by.toString()})
2023-09-29 21:31:06,095 [main] INFO  base.BaseClass - Found Element By {by.toString()}
2023-09-29 21:31:06,621 [main] INFO  base.BaseClass - Trying to find Element By {by.toString()})
2023-09-29 21:31:06,641 [main] INFO  base.BaseClass - Found Element By {by.toString()}
2023-09-29 21:31:07,168 [main] INFO  base.BaseClass - Trying to find Element By {by.toString()})
2023-09-29 21:31:07,193 [main] INFO  base.BaseClass - Found Element By {by.toString()}
2023-09-29 21:31:07,720 [main] INFO  base.BaseClass - Trying to find Element By {by.toString()})
2023-09-29 21:31:07,746 [main] INFO  base.BaseClass - Found Element By {by.toString()}
2023-09-29 21:31:08,264 [main] INFO  base.BaseClass - Trying to find Element By {by.toString()})
2023-09-29 21:31:08,290 [main] INFO  base.BaseClass - Found Element By {by.toString()}
2023-09-29 21:31:08,825 [main] INFO  base.BaseClass - Trying to find Element By {by.toString()})
2023-09-29 21:31:08,847 [main] INFO  base.BaseClass - Found Element By {by.toString()}
2023-09-29 21:31:09,373 [main] INFO  base.BaseClass - Trying to find Element By {by.toString()})
2023-09-29 21:31:09,398 [main] INFO  base.BaseClass - Found Element By {by.toString()}
2023-09-29 21:31:09,924 [main] INFO  base.BaseClass - Trying to find Element By {by.toString()})
2023-09-29 21:31:09,949 [main] INFO  base.BaseClass - Found Element By {by.toString()}
2023-09-29 21:31:10,477 [main] INFO  base.BaseClass - Trying to find Element By {by.toString()})
2023-09-29 21:31:10,502 [main] INFO  base.BaseClass - Found Element By {by.toString()}
2023-09-29 21:31:11,024 [main] INFO  base.BaseClass - Trying to find Element By {by.toString()})
2023-09-29 21:31:11,049 [main] INFO  base.BaseClass - Found Element By {by.toString()}
2023-09-29 21:31:11,574 [main] INFO  base.BaseClass - Trying to find Element By {by.toString()})
2023-09-29 21:31:11,599 [main] INFO  base.BaseClass - Found Element By {by.toString()}
2023-09-29 21:31:12,137 [main] INFO  base.BaseClass - Trying to find Element By {by.toString()})
2023-09-29 21:31:12,164 [main] INFO  base.BaseClass - Found Element By {by.toString()}
2023-09-29 21:31:12,685 [main] INFO  base.BaseClass - Trying to find Element By {by.toString()})
2023-09-29 21:31:12,707 [main] INFO  base.BaseClass - Found Element By {by.toString()}
2023-09-29 21:31:13,234 [main] INFO  base.BaseClass - Trying to find Element By {by.toString()})
2023-09-29 21:31:13,259 [main] INFO  base.BaseClass - Found Element By {by.toString()}
2023-09-29 21:31:13,782 [main] INFO  base.BaseClass - Trying to find Element By {by.toString()})
2023-09-29 21:31:13,807 [main] INFO  base.BaseClass - Found Element By {by.toString()}
2023-09-29 21:31:14,329 [main] INFO  base.BaseClass - Trying to find Element By {by.toString()})
2023-09-29 21:31:14,353 [main] INFO  base.BaseClass - Found Element By {by.toString()}
2023-09-29 21:31:14,879 [main] INFO  base.BaseClass - Trying to find Element By {by.toString()})
2023-09-29 21:31:14,907 [main] INFO  base.BaseClass - Found Element By {by.toString()}
2023-09-29 21:31:15,443 [main] INFO  base.BaseClass - Trying to find Element By {by.toString()})
2023-09-29 21:31:15,468 [main] INFO  base.BaseClass - Found Element By {by.toString()}
2023-09-29 21:31:15,992 [main] INFO  base.BaseClass - Trying to find Element By {by.toString()})
2023-09-29 21:31:16,018 [main] INFO  base.BaseClass - Found Element By {by.toString()}
2023-09-29 21:31:16,542 [main] INFO  base.BaseClass - Trying to find Element By {by.toString()})
2023-09-29 21:31:16,565 [main] INFO  base.BaseClass - Found Element By {by.toString()}
2023-09-29 21:31:17,093 [main] INFO  base.BaseClass - Trying to find Element By {by.toString()})
2023-09-29 21:31:17,118 [main] INFO  base.BaseClass - Found Element By {by.toString()}
2023-09-29 21:31:17,644 [main] INFO  base.BaseClass - Trying to find Element By {by.toString()})
2023-09-29 21:31:17,668 [main] INFO  base.BaseClass - Found Element By {by.toString()}
2023-09-29 21:31:18,192 [main] INFO  base.BaseClass - Trying to find Element By {by.toString()})
2023-09-29 21:31:18,220 [main] INFO  base.BaseClass - Found Element By {by.toString()}
2023-09-29 21:31:18,744 [main] INFO  base.BaseClass - Trying to find Element By {by.toString()})
2023-09-29 21:31:18,769 [main] INFO  base.BaseClass - Found Element By {by.toString()}
2023-09-29 21:31:19,294 [main] INFO  base.BaseClass - Trying to find Element By {by.toString()})
2023-09-29 21:31:19,318 [main] INFO  base.BaseClass - Found Element By {by.toString()}
2023-09-29 21:31:19,843 [main] INFO  base.BaseClass - Trying to find Element By {by.toString()})
2023-09-29 21:31:20,683 [main] INFO  base.BaseClass - Found Element By {by.toString()}
2023-09-29 21:31:21,204 [main] INFO  base.BaseClass - Trying to find Element By {by.toString()})
2023-09-29 21:31:21,226 [main] INFO  base.BaseClass - Found Element By {by.toString()}
2023-09-29 21:31:21,753 [main] INFO  base.BaseClass - Trying to find Element By {by.toString()})
2023-09-29 21:31:21,770 [main] INFO  base.BaseClass - Found Element By {by.toString()}
2023-09-29 21:31:22,298 [main] INFO  base.BaseClass - Trying to find Element By {by.toString()})
2023-09-29 21:31:22,318 [main] INFO  base.BaseClass - Found Element By {by.toString()}
2023-09-29 21:31:22,846 [main] INFO  base.BaseClass - Trying to find Element By {by.toString()})
2023-09-29 21:31:22,873 [main] INFO  base.BaseClass - Found Element By {by.toString()}
2023-09-29 21:31:23,397 [main] INFO  base.BaseClass - Trying to find Element By {by.toString()})
2023-09-29 21:31:23,421 [main] INFO  base.BaseClass - Found Element By {by.toString()}
2023-09-29 21:31:23,951 [main] INFO  base.BaseClass - Trying to find Element By {by.toString()})
2023-09-29 21:31:23,976 [main] INFO  base.BaseClass - Found Element By {by.toString()}
2023-09-29 21:31:24,499 [main] INFO  base.BaseClass - Trying to find Element By {by.toString()})
2023-09-29 21:31:24,519 [main] INFO  base.BaseClass - Found Element By {by.toString()}
2023-09-29 21:31:25,032 [main] INFO  base.BaseClass - Trying to find Element By {by.toString()})
2023-09-29 21:31:25,058 [main] INFO  base.BaseClass - Found Element By {by.toString()}
2023-09-29 21:31:25,581 [main] INFO  base.BaseClass - Trying to find Element By {by.toString()})
2023-09-29 21:31:25,600 [main] INFO  base.BaseClass - Found Element By {by.toString()}
2023-09-29 21:31:26,127 [main] INFO  base.BaseClass - Trying to find Element By {by.toString()})
2023-09-29 21:31:26,152 [main] INFO  base.BaseClass - Found Element By {by.toString()}
2023-09-29 21:31:26,676 [main] INFO  base.BaseClass - Trying to find Element By {by.toString()})
2023-09-29 21:31:26,701 [main] INFO  base.BaseClass - Found Element By {by.toString()}
2023-09-29 21:31:27,222 [main] INFO  base.BaseClass - Trying to find Element By {by.toString()})
2023-09-29 21:31:27,249 [main] INFO  base.BaseClass - Found Element By {by.toString()}
2023-09-29 21:31:27,770 [main] INFO  base.BaseClass - Trying to find Element By {by.toString()})
2023-09-29 21:31:27,796 [main] INFO  base.BaseClass - Found Element By {by.toString()}
2023-09-29 21:31:28,333 [main] INFO  base.BaseClass - Trying to find Element By {by.toString()})
2023-09-29 21:31:28,359 [main] INFO  base.BaseClass - Found Element By {by.toString()}
2023-09-29 21:31:28,879 [main] INFO  base.BaseClass - Trying to find Element By {by.toString()})
2023-09-29 21:31:28,906 [main] INFO  base.BaseClass - Found Element By {by.toString()}
2023-09-29 21:31:29,427 [main] INFO  base.BaseClass - Trying to find Element By {by.toString()})
2023-09-29 21:31:29,441 [main] INFO  base.BaseClass - Found Element By {by.toString()}
2023-09-29 21:31:29,958 [main] INFO  base.BaseClass - Trying to find Element By {by.toString()})
2023-09-29 21:31:29,983 [main] INFO  base.BaseClass - Found Element By {by.toString()}
2023-09-29 21:31:30,510 [main] INFO  base.BaseClass - Trying to find Element By {by.toString()})
2023-09-29 21:31:30,536 [main] INFO  base.BaseClass - Found Element By {by.toString()}
2023-09-29 21:31:31,059 [main] INFO  base.BaseClass - Trying to find Element By {by.toString()})
2023-09-29 21:31:31,086 [main] INFO  base.BaseClass - Found Element By {by.toString()}
2023-09-29 21:31:31,612 [main] INFO  base.BaseClass - Trying to find Element By {by.toString()})
2023-09-29 21:31:31,635 [main] INFO  base.BaseClass - Found Element By {by.toString()}
2023-09-29 21:31:32,161 [main] INFO  base.BaseClass - Trying to find Element By {by.toString()})
2023-09-29 21:31:32,185 [main] INFO  base.BaseClass - Found Element By {by.toString()}
2023-09-29 21:31:32,707 [main] INFO  base.BaseClass - Trying to find Element By {by.toString()})
2023-09-29 21:31:32,726 [main] INFO  base.BaseClass - Found Element By {by.toString()}
2023-09-29 21:31:33,255 [main] INFO  base.BaseClass - Trying to find Element By {by.toString()})
2023-09-29 21:31:33,272 [main] INFO  base.BaseClass - Found Element By {by.toString()}
2023-09-29 21:31:33,790 [main] INFO  base.BaseClass - Trying to find Element By {by.toString()})
2023-09-29 21:31:33,812 [main] INFO  base.BaseClass - Found Element By {by.toString()}
2023-09-29 21:31:34,337 [main] INFO  base.BaseClass - Trying to find Element By {by.toString()})
2023-09-29 21:31:34,357 [main] INFO  base.BaseClass - Found Element By {by.toString()}
2023-09-29 21:31:34,884 [main] INFO  base.BaseClass - Trying to find Element By {by.toString()})
2023-09-29 21:31:34,909 [main] INFO  base.BaseClass - Found Element By {by.toString()}
2023-09-29 21:31:35,432 [main] INFO  base.BaseClass - Trying to find Element By {by.toString()})
2023-09-29 21:31:35,457 [main] INFO  base.BaseClass - Found Element By {by.toString()}
2023-09-29 21:31:35,986 [main] INFO  base.BaseClass - Trying to find Element By {by.toString()})
2023-09-29 21:31:36,009 [main] INFO  base.BaseClass - Found Element By {by.toString()}
2023-09-29 21:31:36,534 [main] INFO  base.BaseClass - Trying to find Element By {by.toString()})
2023-09-29 21:31:36,557 [main] INFO  base.BaseClass - Found Element By {by.toString()}
2023-09-29 21:31:37,083 [main] INFO  base.BaseClass - Trying to find Element By {by.toString()})
2023-09-29 21:31:37,108 [main] INFO  base.BaseClass - Found Element By {by.toString()}
2023-09-29 21:31:37,642 [main] INFO  base.BaseClass - Trying to find Element By {by.toString()})
2023-09-29 21:31:37,666 [main] INFO  base.BaseClass - Found Element By {by.toString()}
2023-09-29 21:31:38,192 [main] INFO  base.BaseClass - Trying to find Element By {by.toString()})
2023-09-29 21:31:38,218 [main] INFO  base.BaseClass - Found Element By {by.toString()}
2023-09-29 21:31:38,753 [main] INFO  base.BaseClass - Trying to find Element By {by.toString()})
2023-09-29 21:31:38,780 [main] INFO  base.BaseClass - Found Element By {by.toString()}
2023-09-29 21:31:39,303 [main] INFO  base.BaseClass - Trying to find Element By {by.toString()})
2023-09-29 21:31:39,331 [main] INFO  base.BaseClass - Found Element By {by.toString()}
2023-09-29 21:31:39,868 [main] INFO  base.BaseClass - Trying to find Element By {by.toString()})
2023-09-29 21:31:39,894 [main] INFO  base.BaseClass - Found Element By {by.toString()}
2023-09-29 21:31:40,421 [main] INFO  base.BaseClass - Trying to find Element By {by.toString()})
2023-09-29 21:31:40,440 [main] INFO  base.BaseClass - Found Element By {by.toString()}
2023-09-29 21:31:40,964 [main] INFO  base.BaseClass - Trying to find Element By {by.toString()})
2023-09-29 21:31:40,987 [main] INFO  base.BaseClass - Found Element By {by.toString()}
2023-09-29 21:31:41,512 [main] INFO  base.BaseClass - Trying to find Element By {by.toString()})
2023-09-29 21:31:41,535 [main] INFO  base.BaseClass - Found Element By {by.toString()}
2023-09-29 21:31:42,058 [main] INFO  base.BaseClass - Trying to find Element By {by.toString()})
2023-09-29 21:31:42,083 [main] INFO  base.BaseClass - Found Element By {by.toString()}
2023-09-29 21:31:42,605 [main] INFO  base.BaseClass - Trying to find Element By {by.toString()})
2023-09-29 21:31:42,629 [main] INFO  base.BaseClass - Found Element By {by.toString()}
2023-09-29 21:31:43,157 [main] INFO  base.BaseClass - Trying to find Element By {by.toString()})
2023-09-29 21:31:43,176 [main] INFO  base.BaseClass - Found Element By {by.toString()}
2023-09-29 21:31:43,694 [main] INFO  base.BaseClass - Trying to find Element By {by.toString()})
2023-09-29 21:31:43,748 [main] INFO  base.BaseClass - Found Element By {by.toString()}
2023-09-29 21:31:44,262 [main] INFO  base.BaseClass - Trying to find Element By {by.toString()})
2023-09-29 21:31:44,290 [main] INFO  base.BaseClass - Found Element By {by.toString()}
2023-09-29 21:31:44,810 [main] INFO  base.BaseClass - Trying to find Element By {by.toString()})
2023-09-29 21:31:44,833 [main] INFO  base.BaseClass - Found Element By {by.toString()}
2023-09-29 21:31:45,359 [main] INFO  base.BaseClass - Trying to find Element By {by.toString()})
2023-09-29 21:31:45,380 [main] INFO  base.BaseClass - Found Element By {by.toString()}
2023-09-29 21:31:45,912 [main] INFO  base.BaseClass - Trying to find Element By {by.toString()})
2023-09-29 21:31:45,935 [main] INFO  base.BaseClass - Found Element By {by.toString()}
2023-09-29 21:31:46,465 [main] INFO  base.BaseClass - Trying to find Element By {by.toString()})
2023-09-29 21:31:46,489 [main] INFO  base.BaseClass - Found Element By {by.toString()}
2023-09-29 21:31:47,012 [main] INFO  base.BaseClass - Trying to find Element By {by.toString()})
2023-09-29 21:31:47,036 [main] INFO  base.BaseClass - Found Element By {by.toString()}
2023-09-29 21:31:47,567 [main] INFO  base.BaseClass - Trying to find Element By {by.toString()})
2023-09-29 21:31:47,585 [main] INFO  base.BaseClass - Found Element By {by.toString()}
2023-09-29 21:31:48,115 [main] INFO  base.BaseClass - Trying to find Element By {by.toString()})
2023-09-29 21:31:48,140 [main] INFO  base.BaseClass - Found Element By {by.toString()}
2023-09-29 21:31:48,667 [main] INFO  base.BaseClass - Trying to find Element By {by.toString()})
2023-09-29 21:31:48,689 [main] INFO  base.BaseClass - Found Element By {by.toString()}
2023-09-29 21:31:49,212 [main] INFO  base.BaseClass - Trying to find Element By {by.toString()})
2023-09-29 21:31:49,237 [main] INFO  base.BaseClass - Found Element By {by.toString()}
2023-09-29 21:31:49,762 [main] INFO  base.BaseClass - Trying to find Element By {by.toString()})
2023-09-29 21:31:49,788 [main] INFO  base.BaseClass - Found Element By {by.toString()}
2023-09-29 21:31:50,311 [main] INFO  base.BaseClass - Trying to find Element By {by.toString()})
2023-09-29 21:31:50,332 [main] INFO  base.BaseClass - Found Element By {by.toString()}
2023-09-29 21:31:50,863 [main] INFO  base.BaseClass - Trying to find Element By {by.toString()})
2023-09-29 21:31:50,889 [main] INFO  base.BaseClass - Found Element By {by.toString()}
TimeoutException occurred: Expected condition failed: waiting for helper.WaitUtility$3@61c3d7ac (tried for 60 second(s) with 500 milliseconds interval)
Build info: version: '3.141.59', revision: 'e82be7d358', time: '2018-11-14T08:17:03'
System info: host: 'DPLAP166', ip: '137.237.2.110', os.name: 'Windows 10', os.arch: 'amd64', os.version: '10.0', java.version: '19.0.1'
Driver info: org.openqa.selenium.support.events.EventFiringWebDriver
Capabilities {acceptInsecureCerts: false, browserName: chrome, browserVersion: 117.0.5938.132, chrome: {chromedriverVersion: 117.0.5938.92 (67649b10b92b..., userDataDir: C:\Users\dP-PL\AppData\Loca...}, fedcm:accounts: true, goog:chromeOptions: {debuggerAddress: localhost:53490}, javascriptEnabled: true, networkConnectionEnabled: false, pageLoadStrategy: normal, platform: WINDOWS, platformName: WINDOWS, proxy: Proxy(), setWindowRect: true, strictFileInteractability: false, timeouts: {implicit: 0, pageLoad: 300000, script: 30000}, unhandledPromptBehavior: dismiss and notify, webauthn:extension:credBlob: true, webauthn:extension:largeBlob: true, webauthn:extension:minPinLength: true, webauthn:extension:prf: true, webauthn:virtualAuthenticators: true}
Session ID: 56d42ac2ed049fb5aefa376e3a0b9cf8
2023-09-29 21:31:50,909 [main] ERROR XGLT_15177_Test - Element did not become visible within the specified time: Expected condition failed: waiting for helper.WaitUtility$3@61c3d7ac (tried for 60 second(s) with 500 milliseconds interval)
Build info: version: '3.141.59', revision: 'e82be7d358', time: '2018-11-14T08:17:03'
System info: host: 'DPLAP166', ip: '137.237.2.110', os.name: 'Windows 10', os.arch: 'amd64', os.version: '10.0', java.version: '19.0.1'
Driver info: org.openqa.selenium.support.events.EventFiringWebDriver
Capabilities {acceptInsecureCerts: false, browserName: chrome, browserVersion: 117.0.5938.132, chrome: {chromedriverVersion: 117.0.5938.92 (67649b10b92b..., userDataDir: C:\Users\dP-PL\AppData\Loca...}, fedcm:accounts: true, goog:chromeOptions: {debuggerAddress: localhost:53490}, javascriptEnabled: true, networkConnectionEnabled: false, pageLoadStrategy: normal, platform: WINDOWS, platformName: WINDOWS, proxy: Proxy(), setWindowRect: true, strictFileInteractability: false, timeouts: {implicit: 0, pageLoad: 300000, script: 30000}, unhandledPromptBehavior: dismiss and notify, webauthn:extension:credBlob: true, webauthn:extension:largeBlob: true, webauthn:extension:minPinLength: true, webauthn:extension:prf: true, webauthn:virtualAuthenticators: true}
Session ID: 56d42ac2ed049fb5aefa376e3a0b9cf8
2023-09-29 21:31:50,909 [main] INFO  base.BaseClass - Trying to find Element By {by.toString()})
2023-09-29 21:31:50,932 [main] INFO  base.BaseClass - Found Element By {by.toString()}
2023-09-29 21:31:50,955 [main] INFO  base.BaseClass - Trying to find Element By {by.toString()})
2023-09-29 21:31:50,976 [main] INFO  base.BaseClass - Found Element By {by.toString()}
Mc count pending build 76
2023-09-29 21:31:51,335 [main] INFO  base.BaseClass - Trying to find Element By {by.toString()})
2023-09-29 21:31:51,363 [main] INFO  base.BaseClass - Found Element By {by.toString()}
2023-09-29 21:31:51,363 [main] INFO  base.BaseClass - Trying to click on: {element.toString()}
2023-09-29 21:31:51,558 [main] INFO  base.BaseClass - Clicked on: {element.toString()}
2023-09-29 21:31:51,558 [main] INFO  base.BaseClass - Trying to find Element By {by.toString()})
TimeoutException occurred: Expected condition failed: waiting for helper.WaitUtility$2@6a9ac8b (tried for 50 second(s) with 500 milliseconds interval)
2023-09-29 21:32:41,589 [main] ERROR XGLT_15177_Test - Element did not become visible within the specified time: Expected condition failed: waiting for helper.WaitUtility$2@6a9ac8b (tried for 50 second(s) with 500 milliseconds interval)
2023-09-29 21:32:41,589 [main] INFO  base.BaseClass - Trying to find Element By {by.toString()})
2023-09-29 21:32:41,619 [main] INFO  base.BaseClass - Found Element By {by.toString()}
2023-09-29 21:32:41,642 [main] INFO  base.BaseClass - Trying to find Element By {by.toString()})
2023-09-29 21:32:41,658 [main] INFO  base.BaseClass - Found Element By {by.toString()}
Actual page count pending build 
CustomDatePB failed!
]]></system-out>
  </testcase>
  <testcase name="MCsetUser" classname="XGLT_6992_Test" time="5.722">
    <system-out><![CDATA[2023-09-29 21:32:42,057 [main] INFO  base.BaseClass - Login to XGL
2023-09-29 21:32:42,057 [main] INFO  XGLT_15177_Test - Setting up browser
2023-09-29 21:32:45,764 [main] INFO  io.github.bonigarcia.wdm.WebDriverManager - Using chromedriver 117.0.5938.92 (resolved driver for Chrome 117)
2023-09-29 21:32:45,792 [main] INFO  io.github.bonigarcia.wdm.WebDriverManager - Exporting webdriver.chrome.driver as C:\Users\dP-PL\.cache\selenium\chromedriver\win64\117.0.5938.92\chromedriver.exe
2023-09-29 21:32:47,577 [main] INFO  base.BaseClass - Before navigating to {url}
2023-09-29 21:32:54,338 [main] INFO  base.BaseClass - Navigated to {url}
2023-09-29 21:32:54,341 [main] INFO  base.BaseClass - Trying to find Element By {by.toString()})
2023-09-29 21:32:54,359 [main] INFO  base.BaseClass - Found Element By {by.toString()}
2023-09-29 21:32:54,429 [main] INFO  base.BaseClass - Trying to find Element By {by.toString()})
2023-09-29 21:32:54,450 [main] INFO  base.BaseClass - Found Element By {by.toString()}
2023-09-29 21:32:54,564 [main] INFO  base.BaseClass - Trying to find Element By {by.toString()})
2023-09-29 21:32:54,582 [main] INFO  base.BaseClass - Found Element By {by.toString()}
2023-09-29 21:32:54,582 [main] INFO  base.BaseClass - Trying to click on: {element.toString()}
2023-09-29 21:32:54,625 [main] INFO  base.BaseClass - Clicked on: {element.toString()}
2023-09-29 21:32:54,625 [main] INFO  base.BaseClass - Trying to find Element By {by.toString()})
2023-09-29 21:33:04,628 [main] INFO  base.BaseClass - Found Element By {by.toString()}
2023-09-29 21:33:04,651 [main] INFO  base.BaseClass - Trying to find Element By {by.toString()})
NoSuchElementException occurred: no such element: Unable to locate element: {"method":"xpath","selector":"//div[@class='modal-content']/div/i[contains(@class,'close')]"}
  (Session info: chrome=117.0.5938.132)
For documentation on this error, please visit: https://www.seleniumhq.org/exceptions/no_such_element.html
Build info: version: '3.141.59', revision: 'e82be7d358', time: '2018-11-14T08:17:03'
System info: host: 'DPLAP166', ip: '137.237.2.110', os.name: 'Windows 10', os.arch: 'amd64', os.version: '10.0', java.version: '19.0.1'
Driver info: org.openqa.selenium.chrome.ChromeDriver
Capabilities {acceptInsecureCerts: false, browserName: chrome, browserVersion: 117.0.5938.132, chrome: {chromedriverVersion: 117.0.5938.92 (67649b10b92b..., userDataDir: C:\Users\dP-PL\AppData\Loca...}, fedcm:accounts: true, goog:chromeOptions: {debuggerAddress: localhost:53559}, javascriptEnabled: true, networkConnectionEnabled: false, pageLoadStrategy: normal, platform: WINDOWS, platformName: WINDOWS, proxy: Proxy(), setWindowRect: true, strictFileInteractability: false, timeouts: {implicit: 0, pageLoad: 300000, script: 30000}, unhandledPromptBehavior: dismiss and notify, webauthn:extension:credBlob: true, webauthn:extension:largeBlob: true, webauthn:extension:minPinLength: true, webauthn:extension:prf: true, webauthn:virtualAuthenticators: true}
Session ID: e876afc3a050948de8eeff2533500bb1
*** Element info: {Using=xpath, value=//div[@class='modal-content']/div/i[contains(@class,'close')]}
Before method Test name: About_network_test
MCsetUser started!
2023-09-29 21:33:54,670 [main] INFO  base.BaseClass - Trying to find Element By {by.toString()})
2023-09-29 21:33:54,703 [main] INFO  base.BaseClass - Found Element By {by.toString()}
2023-09-29 21:33:54,724 [main] INFO  base.BaseClass - Trying to find Element By {by.toString()})
2023-09-29 21:33:54,749 [main] INFO  base.BaseClass - Found Element By {by.toString()}
2023-09-29 21:33:54,803 [main] INFO  base.BaseClass - Trying to find Element By {by.toString()})
2023-09-29 21:33:54,812 [main] INFO  base.BaseClass - Found Element By {by.toString()}
2023-09-29 21:33:55,822 [main] INFO  base.BaseClass - Trying to find Element By {by.toString()})
2023-09-29 21:33:55,842 [main] INFO  base.BaseClass - Found Element By {by.toString()}
2023-09-29 21:33:55,856 [main] INFO  base.BaseClass - Trying to find Element By {by.toString()})
2023-09-29 21:33:55,869 [main] INFO  base.BaseClass - Found Element By {by.toString()}
2023-09-29 21:33:55,897 [main] INFO  base.BaseClass - Trying to find Element By {by.toString()})
2023-09-29 21:33:55,912 [main] INFO  base.BaseClass - Found Element By {by.toString()}
2023-09-29 21:33:55,912 [main] INFO  base.BaseClass - Trying to click on: {element.toString()}
2023-09-29 21:33:55,957 [main] INFO  base.BaseClass - Clicked on: {element.toString()}
2023-09-29 21:33:56,957 [main] INFO  base.BaseClass - Trying to find Element By {by.toString()})
2023-09-29 21:33:57,402 [main] INFO  base.BaseClass - Found Element By {by.toString()}
2023-09-29 21:33:57,410 [main] INFO  base.BaseClass - Trying to find Element By {by.toString()})
2023-09-29 21:33:57,420 [main] INFO  base.BaseClass - Found Element By {by.toString()}
2023-09-29 21:33:58,430 [main] INFO  base.BaseClass - Trying to find Element By {by.toString()})
2023-09-29 21:33:58,517 [main] INFO  base.BaseClass - Found Element By {by.toString()}
2023-09-29 21:33:58,618 [main] INFO  base.BaseClass - Trying to find Element By {by.toString()})
2023-09-29 21:33:58,700 [main] INFO  base.BaseClass - Found Element By {by.toString()}
2023-09-29 21:33:58,826 [main] INFO  base.BaseClass - Trying to find Element By {by.toString()})
2023-09-29 21:33:58,844 [main] INFO  base.BaseClass - Found Element By {by.toString()}
2023-09-29 21:33:58,844 [main] INFO  base.BaseClass - Trying to click on: {element.toString()}
2023-09-29 21:33:58,944 [main] INFO  base.BaseClass - Clicked on: {element.toString()}
2023-09-29 21:33:58,944 [main] INFO  base.BaseClass - Trying to find Element By {by.toString()})
2023-09-29 21:33:58,966 [main] INFO  base.BaseClass - Found Element By {by.toString()}
2023-09-29 21:33:59,078 [main] INFO  base.BaseClass - Trying to click on: {element.toString()}
2023-09-29 21:33:59,163 [main] INFO  base.BaseClass - Clicked on: {element.toString()}
2023-09-29 21:33:59,163 [main] INFO  base.BaseClass - Trying to find Element By {by.toString()})
2023-09-29 21:33:59,183 [main] INFO  base.BaseClass - Found Element By {by.toString()}
2023-09-29 21:33:59,183 [main] INFO  base.BaseClass - Trying to click on: {element.toString()}
2023-09-29 21:33:59,226 [main] INFO  base.BaseClass - Clicked on: {element.toString()}
2023-09-29 21:33:59,227 [main] INFO  base.BaseClass - Trying to find Element By {by.toString()})
2023-09-29 21:34:00,167 [main] INFO  base.BaseClass - Found Element By {by.toString()}
MCsetUser passed!
]]></system-out>
    <system-err><![CDATA[Starting ChromeDriver 117.0.5938.92 (67649b10b92bb182fba357831ef7dd6a1baa5648-refs/branch-heads/5938_62@{#14}) on port 43691
Only local connections are allowed.
Please see https://chromedriver.chromium.org/security-considerations for suggestions on keeping ChromeDriver safe.
ChromeDriver was started successfully.
Sept 29, 2023 9:32:47 PM org.openqa.selenium.remote.ProtocolHandshake createSession
INFO: Detected dialect: W3C
]]></system-err>
  </testcase>
  <testcase name="getMCUsercounts" classname="XGLT_6992_Test" time="7.668">
    <system-out><![CDATA[Before method Test name: About_network_test
getMCUsercounts started!
2023-09-29 21:34:00,420 [main] INFO  base.BaseClass - Trying to find Element By {by.toString()})
2023-09-29 21:34:00,434 [main] INFO  base.BaseClass - Found Element By {by.toString()}
2023-09-29 21:34:00,444 [main] INFO  base.BaseClass - Trying to find Element By {by.toString()})
2023-09-29 21:34:00,455 [main] INFO  base.BaseClass - Found Element By {by.toString()}
2023-09-29 21:34:00,464 [main] INFO  base.BaseClass - Trying to find Element By {by.toString()})
2023-09-29 21:34:00,478 [main] INFO  base.BaseClass - Found Element By {by.toString()}
2023-09-29 21:34:00,488 [main] INFO  base.BaseClass - Trying to find Element By {by.toString()})
2023-09-29 21:34:00,498 [main] INFO  base.BaseClass - Found Element By {by.toString()}
2023-09-29 21:34:00,508 [main] INFO  base.BaseClass - Trying to find Element By {by.toString()})
2023-09-29 21:34:00,536 [main] INFO  base.BaseClass - Found Element By {by.toString()}
2023-09-29 21:34:00,554 [main] INFO  base.BaseClass - Trying to find Element By {by.toString()})
2023-09-29 21:34:00,572 [main] INFO  base.BaseClass - Found Element By {by.toString()}
2023-09-29 21:34:00,586 [main] INFO  base.BaseClass - Trying to find Element By {by.toString()})
2023-09-29 21:34:00,611 [main] INFO  base.BaseClass - Found Element By {by.toString()}
2023-09-29 21:34:00,628 [main] INFO  base.BaseClass - Trying to find Element By {by.toString()})
2023-09-29 21:34:00,646 [main] INFO  base.BaseClass - Found Element By {by.toString()}
Database is connected successfully
Connection closed successfully.
DB count is 84
2023-09-29 21:34:07,569 [main] INFO  base.BaseClass - Trying to find Element By {by.toString()})
2023-09-29 21:34:07,611 [main] INFO  base.BaseClass - Found Element By {by.toString()}
2023-09-29 21:34:07,629 [main] INFO  base.BaseClass - Trying to find Element By {by.toString()})
2023-09-29 21:34:07,647 [main] INFO  base.BaseClass - Found Element By {by.toString()}
2023-09-29 21:34:07,665 [main] INFO  base.BaseClass - Trying to find Element By {by.toString()})
2023-09-29 21:34:07,679 [main] INFO  base.BaseClass - Found Element By {by.toString()}
2023-09-29 21:34:07,693 [main] INFO  base.BaseClass - Trying to find Element By {by.toString()})
2023-09-29 21:34:07,708 [main] INFO  base.BaseClass - Found Element By {by.toString()}
Value in DB 84and value on MC widget is 84
2023-09-29 21:34:07,721 [main] INFO  base.BaseClass - Trying to find Element By {by.toString()})
2023-09-29 21:34:07,738 [main] INFO  base.BaseClass - Found Element By {by.toString()}
2023-09-29 21:34:07,751 [main] INFO  base.BaseClass - Trying to find Element By {by.toString()})
2023-09-29 21:34:07,769 [main] INFO  base.BaseClass - Found Element By {by.toString()}
2023-09-29 21:34:07,786 [main] INFO  base.BaseClass - Trying to find Element By {by.toString()})
2023-09-29 21:34:07,802 [main] INFO  base.BaseClass - Found Element By {by.toString()}
2023-09-29 21:34:07,818 [main] INFO  base.BaseClass - Trying to find Element By {by.toString()})
2023-09-29 21:34:07,832 [main] INFO  base.BaseClass - Found Element By {by.toString()}
getMCUsercounts passed!
]]></system-out>
  </testcase>
  <testcase name="CreateNewSalesoffice" classname="XGLT_6749_Test" time="1.43">
    <system-out><![CDATA[2023-09-29 21:34:08,071 [main] INFO  base.BaseClass - Login to XGL
2023-09-29 21:34:08,071 [main] INFO  XGLT_15177_Test - Setting up browser
2023-09-29 21:34:08,095 [main] INFO  io.github.bonigarcia.wdm.WebDriverManager - Using chromedriver 117.0.5938.92 (resolved driver for Chrome 117)
2023-09-29 21:34:08,120 [main] INFO  io.github.bonigarcia.wdm.WebDriverManager - Exporting webdriver.chrome.driver as C:\Users\dP-PL\.cache\selenium\chromedriver\win64\117.0.5938.92\chromedriver.exe
2023-09-29 21:34:10,044 [main] INFO  base.BaseClass - Before navigating to {url}
2023-09-29 21:34:16,330 [main] INFO  base.BaseClass - Navigated to {url}
2023-09-29 21:34:16,400 [main] INFO  base.BaseClass - Trying to find Element By {by.toString()})
2023-09-29 21:34:16,439 [main] INFO  base.BaseClass - Found Element By {by.toString()}
2023-09-29 21:34:16,496 [main] INFO  base.BaseClass - Trying to find Element By {by.toString()})
2023-09-29 21:34:16,508 [main] INFO  base.BaseClass - Found Element By {by.toString()}
2023-09-29 21:34:16,570 [main] INFO  base.BaseClass - Trying to find Element By {by.toString()})
2023-09-29 21:34:16,589 [main] INFO  base.BaseClass - Found Element By {by.toString()}
2023-09-29 21:34:16,589 [main] INFO  base.BaseClass - Trying to click on: {element.toString()}
2023-09-29 21:34:16,628 [main] INFO  base.BaseClass - Clicked on: {element.toString()}
2023-09-29 21:34:16,628 [main] INFO  base.BaseClass - Trying to find Element By {by.toString()})
2023-09-29 21:34:29,145 [main] INFO  base.BaseClass - Found Element By {by.toString()}
2023-09-29 21:34:29,167 [main] INFO  base.BaseClass - Trying to find Element By {by.toString()})
NoSuchElementException occurred: no such element: Unable to locate element: {"method":"xpath","selector":"//div[@class='modal-content']/div/i[contains(@class,'close')]"}
  (Session info: chrome=117.0.5938.132)
For documentation on this error, please visit: https://www.seleniumhq.org/exceptions/no_such_element.html
Build info: version: '3.141.59', revision: 'e82be7d358', time: '2018-11-14T08:17:03'
System info: host: 'DPLAP166', ip: '137.237.2.110', os.name: 'Windows 10', os.arch: 'amd64', os.version: '10.0', java.version: '19.0.1'
Driver info: org.openqa.selenium.chrome.ChromeDriver
Capabilities {acceptInsecureCerts: false, browserName: chrome, browserVersion: 117.0.5938.132, chrome: {chromedriverVersion: 117.0.5938.92 (67649b10b92b..., userDataDir: C:\Users\dP-PL\AppData\Loca...}, fedcm:accounts: true, goog:chromeOptions: {debuggerAddress: localhost:53598}, javascriptEnabled: true, networkConnectionEnabled: false, pageLoadStrategy: normal, platform: WINDOWS, platformName: WINDOWS, proxy: Proxy(), setWindowRect: true, strictFileInteractability: false, timeouts: {implicit: 0, pageLoad: 300000, script: 30000}, unhandledPromptBehavior: dismiss and notify, webauthn:extension:credBlob: true, webauthn:extension:largeBlob: true, webauthn:extension:minPinLength: true, webauthn:extension:prf: true, webauthn:virtualAuthenticators: true}
Session ID: 4e4f0c0ee327043d638ff7acbd4cec9a
*** Element info: {Using=xpath, value=//div[@class='modal-content']/div/i[contains(@class,'close')]}
Before method Test name: About_network_test
CreateNewSalesoffice started!
2023-09-29 21:35:19,195 [main] INFO  base.BaseClass - Trying to find Element By {by.toString()})
2023-09-29 21:35:19,231 [main] INFO  base.BaseClass - Found Element By {by.toString()}
2023-09-29 21:35:19,231 [main] INFO  base.BaseClass - Trying to click on: {element.toString()}
2023-09-29 21:35:19,371 [main] INFO  base.BaseClass - Clicked on: {element.toString()}
2023-09-29 21:35:19,371 [main] INFO  base.BaseClass - Trying to find Element By {by.toString()})
2023-09-29 21:35:19,385 [main] INFO  base.BaseClass - Found Element By {by.toString()}
2023-09-29 21:35:19,385 [main] INFO  base.BaseClass - Trying to click on: {element.toString()}
2023-09-29 21:35:19,540 [main] INFO  base.BaseClass - Clicked on: {element.toString()}
2023-09-29 21:35:19,540 [main] INFO  base.BaseClass - Trying to find Element By {by.toString()})
2023-09-29 21:35:19,563 [main] INFO  base.BaseClass - Found Element By {by.toString()}
2023-09-29 21:35:19,578 [main] INFO  base.BaseClass - Trying to find Element By {by.toString()})
2023-09-29 21:35:19,591 [main] INFO  base.BaseClass - Found Element By {by.toString()}
2023-09-29 21:35:19,591 [main] INFO  base.BaseClass - Trying to click on: {element.toString()}
2023-09-29 21:35:19,672 [main] INFO  base.BaseClass - Clicked on: {element.toString()}
2023-09-29 21:35:19,672 [main] INFO  base.BaseClass - Trying to find Element By {by.toString()})
2023-09-29 21:35:19,686 [main] INFO  base.BaseClass - Found Element By {by.toString()}
2023-09-29 21:35:19,686 [main] INFO  base.BaseClass - Trying to click on: {element.toString()}
2023-09-29 21:35:19,775 [main] INFO  base.BaseClass - Clicked on: {element.toString()}
2023-09-29 21:35:19,775 [main] INFO  base.BaseClass - Trying to find Element By {by.toString()})
2023-09-29 21:35:19,788 [main] INFO  base.BaseClass - Found Element By {by.toString()}
2023-09-29 21:35:19,862 [main] INFO  base.BaseClass - Trying to find Element By {by.toString()})
2023-09-29 21:35:19,877 [main] INFO  base.BaseClass - Found Element By {by.toString()}
2023-09-29 21:35:20,019 [main] INFO  base.BaseClass - Trying to find Element By {by.toString()})
2023-09-29 21:35:20,047 [main] INFO  base.BaseClass - Found Element By {by.toString()}
2023-09-29 21:35:20,047 [main] INFO  base.BaseClass - Trying to click on: {element.toString()}
2023-09-29 21:35:20,102 [main] INFO  base.BaseClass - Clicked on: {element.toString()}
2023-09-29 21:35:20,104 [main] INFO  base.BaseClass - Trying to find Element By {by.toString()})
2023-09-29 21:35:20,118 [main] INFO  base.BaseClass - Found Element By {by.toString()}
2023-09-29 21:35:20,143 [main] INFO  base.BaseClass - Trying to find Element By {by.toString()})
2023-09-29 21:35:20,152 [main] INFO  base.BaseClass - Found Element By {by.toString()}
Writing on Excel file Finished ...
CreateNewSalesoffice passed!
]]></system-out>
    <system-err><![CDATA[Starting ChromeDriver 117.0.5938.92 (67649b10b92bb182fba357831ef7dd6a1baa5648-refs/branch-heads/5938_62@{#14}) on port 31025
Only local connections are allowed.
Please see https://chromedriver.chromium.org/security-considerations for suggestions on keeping ChromeDriver safe.
ChromeDriver was started successfully.
Sept 29, 2023 9:34:09 PM org.openqa.selenium.remote.ProtocolHandshake createSession
INFO: Detected dialect: W3C
]]></system-err>
  </testcase>
  <testcase name="CreateNewrevenuType" classname="XGLT_6150_Test" time="22.051">
    <system-out><![CDATA[2023-09-29 21:35:20,632 [main] INFO  base.BaseClass - Login to XGL
2023-09-29 21:35:20,633 [main] INFO  XGLT_15177_Test - Setting up browser
2023-09-29 21:35:20,654 [main] INFO  io.github.bonigarcia.wdm.WebDriverManager - Using chromedriver 117.0.5938.92 (resolved driver for Chrome 117)
2023-09-29 21:35:20,679 [main] INFO  io.github.bonigarcia.wdm.WebDriverManager - Exporting webdriver.chrome.driver as C:\Users\dP-PL\.cache\selenium\chromedriver\win64\117.0.5938.92\chromedriver.exe
2023-09-29 21:35:22,181 [main] INFO  base.BaseClass - Before navigating to {url}
2023-09-29 21:35:29,049 [main] INFO  base.BaseClass - Navigated to {url}
2023-09-29 21:35:29,054 [main] INFO  base.BaseClass - Trying to find Element By {by.toString()})
2023-09-29 21:35:29,079 [main] INFO  base.BaseClass - Found Element By {by.toString()}
2023-09-29 21:35:29,175 [main] INFO  base.BaseClass - Trying to find Element By {by.toString()})
2023-09-29 21:35:29,198 [main] INFO  base.BaseClass - Found Element By {by.toString()}
2023-09-29 21:35:29,335 [main] INFO  base.BaseClass - Trying to find Element By {by.toString()})
2023-09-29 21:35:29,363 [main] INFO  base.BaseClass - Found Element By {by.toString()}
2023-09-29 21:35:29,363 [main] INFO  base.BaseClass - Trying to click on: {element.toString()}
2023-09-29 21:35:29,406 [main] INFO  base.BaseClass - Clicked on: {element.toString()}
2023-09-29 21:35:29,406 [main] INFO  base.BaseClass - Trying to find Element By {by.toString()})
2023-09-29 21:35:36,995 [main] INFO  base.BaseClass - Found Element By {by.toString()}
2023-09-29 21:35:37,018 [main] INFO  base.BaseClass - Trying to find Element By {by.toString()})
NoSuchElementException occurred: no such element: Unable to locate element: {"method":"xpath","selector":"//div[@class='modal-content']/div/i[contains(@class,'close')]"}
  (Session info: chrome=117.0.5938.132)
For documentation on this error, please visit: https://www.seleniumhq.org/exceptions/no_such_element.html
Build info: version: '3.141.59', revision: 'e82be7d358', time: '2018-11-14T08:17:03'
System info: host: 'DPLAP166', ip: '137.237.2.110', os.name: 'Windows 10', os.arch: 'amd64', os.version: '10.0', java.version: '19.0.1'
Driver info: org.openqa.selenium.chrome.ChromeDriver
Capabilities {acceptInsecureCerts: false, browserName: chrome, browserVersion: 117.0.5938.132, chrome: {chromedriverVersion: 117.0.5938.92 (67649b10b92b..., userDataDir: C:\Users\dP-PL\AppData\Loca...}, fedcm:accounts: true, goog:chromeOptions: {debuggerAddress: localhost:53626}, javascriptEnabled: true, networkConnectionEnabled: false, pageLoadStrategy: normal, platform: WINDOWS, platformName: WINDOWS, proxy: Proxy(), setWindowRect: true, strictFileInteractability: false, timeouts: {implicit: 0, pageLoad: 300000, script: 30000}, unhandledPromptBehavior: dismiss and notify, webauthn:extension:credBlob: true, webauthn:extension:largeBlob: true, webauthn:extension:minPinLength: true, webauthn:extension:prf: true, webauthn:virtualAuthenticators: true}
Session ID: e9fa97d992d52119ad1caab1430768c5
*** Element info: {Using=xpath, value=//div[@class='modal-content']/div/i[contains(@class,'close')]}
Before method Test name: About_network_test
CreateNewrevenuType started!
2023-09-29 21:36:27,076 [main] INFO  base.BaseClass - Trying to find Element By {by.toString()})
2023-09-29 21:36:27,105 [main] INFO  base.BaseClass - Found Element By {by.toString()}
2023-09-29 21:36:27,105 [main] INFO  base.BaseClass - Trying to click on: {element.toString()}
2023-09-29 21:36:27,173 [main] INFO  base.BaseClass - Clicked on: {element.toString()}
2023-09-29 21:36:27,173 [main] INFO  base.BaseClass - Trying to find Element By {by.toString()})
2023-09-29 21:36:27,192 [main] INFO  base.BaseClass - Found Element By {by.toString()}
2023-09-29 21:36:27,192 [main] INFO  base.BaseClass - Trying to click on: {element.toString()}
2023-09-29 21:36:27,329 [main] INFO  base.BaseClass - Clicked on: {element.toString()}
2023-09-29 21:36:27,329 [main] INFO  base.BaseClass - Trying to find Element By {by.toString()})
2023-09-29 21:36:27,354 [main] INFO  base.BaseClass - Found Element By {by.toString()}
2023-09-29 21:36:27,370 [main] INFO  base.BaseClass - Trying to find Element By {by.toString()})
2023-09-29 21:36:27,387 [main] INFO  base.BaseClass - Found Element By {by.toString()}
2023-09-29 21:36:27,387 [main] INFO  base.BaseClass - Trying to click on: {element.toString()}
2023-09-29 21:36:27,472 [main] INFO  base.BaseClass - Clicked on: {element.toString()}
2023-09-29 21:36:27,474 [main] INFO  base.BaseClass - Trying to find Element By {by.toString()})
2023-09-29 21:36:27,490 [main] INFO  base.BaseClass - Found Element By {by.toString()}
2023-09-29 21:36:27,490 [main] INFO  base.BaseClass - Trying to click on: {element.toString()}
2023-09-29 21:36:27,563 [main] INFO  base.BaseClass - Clicked on: {element.toString()}
2023-09-29 21:36:27,563 [main] INFO  base.BaseClass - Trying to find Element By {by.toString()})
2023-09-29 21:36:27,579 [main] INFO  base.BaseClass - Found Element By {by.toString()}
2023-09-29 21:36:27,664 [main] INFO  base.BaseClass - Trying to find Element By {by.toString()})
2023-09-29 21:36:27,677 [main] INFO  base.BaseClass - Found Element By {by.toString()}
2023-09-29 21:36:27,767 [main] INFO  base.BaseClass - Trying to find Element By {by.toString()})
2023-09-29 21:36:27,782 [main] INFO  base.BaseClass - Found Element By {by.toString()}
2023-09-29 21:36:28,321 [main] INFO  base.BaseClass - Trying to find Element By {by.toString()})
2023-09-29 21:36:28,348 [main] INFO  base.BaseClass - Found Element By {by.toString()}
2023-09-29 21:36:28,896 [main] INFO  base.BaseClass - Trying to find Element By {by.toString()})
2023-09-29 21:36:28,921 [main] INFO  base.BaseClass - Found Element By {by.toString()}
2023-09-29 21:36:29,460 [main] INFO  base.BaseClass - Trying to find Element By {by.toString()})
2023-09-29 21:36:29,485 [main] INFO  base.BaseClass - Found Element By {by.toString()}
2023-09-29 21:36:30,021 [main] INFO  base.BaseClass - Trying to find Element By {by.toString()})
2023-09-29 21:36:30,045 [main] INFO  base.BaseClass - Found Element By {by.toString()}
2023-09-29 21:36:30,575 [main] INFO  base.BaseClass - Trying to find Element By {by.toString()})
2023-09-29 21:36:30,595 [main] INFO  base.BaseClass - Found Element By {by.toString()}
2023-09-29 21:36:31,128 [main] INFO  base.BaseClass - Trying to find Element By {by.toString()})
2023-09-29 21:36:31,149 [main] INFO  base.BaseClass - Found Element By {by.toString()}
2023-09-29 21:36:31,685 [main] INFO  base.BaseClass - Trying to find Element By {by.toString()})
2023-09-29 21:36:31,709 [main] INFO  base.BaseClass - Found Element By {by.toString()}
2023-09-29 21:36:32,242 [main] INFO  base.BaseClass - Trying to find Element By {by.toString()})
2023-09-29 21:36:32,267 [main] INFO  base.BaseClass - Found Element By {by.toString()}
2023-09-29 21:36:32,801 [main] INFO  base.BaseClass - Trying to find Element By {by.toString()})
2023-09-29 21:36:32,826 [main] INFO  base.BaseClass - Found Element By {by.toString()}
2023-09-29 21:36:33,358 [main] INFO  base.BaseClass - Trying to find Element By {by.toString()})
2023-09-29 21:36:33,379 [main] INFO  base.BaseClass - Found Element By {by.toString()}
2023-09-29 21:36:33,917 [main] INFO  base.BaseClass - Trying to find Element By {by.toString()})
2023-09-29 21:36:33,941 [main] INFO  base.BaseClass - Found Element By {by.toString()}
2023-09-29 21:36:34,473 [main] INFO  base.BaseClass - Trying to find Element By {by.toString()})
2023-09-29 21:36:34,490 [main] INFO  base.BaseClass - Found Element By {by.toString()}
2023-09-29 21:36:35,021 [main] INFO  base.BaseClass - Trying to find Element By {by.toString()})
2023-09-29 21:36:35,047 [main] INFO  base.BaseClass - Found Element By {by.toString()}
2023-09-29 21:36:35,575 [main] INFO  base.BaseClass - Trying to find Element By {by.toString()})
2023-09-29 21:36:35,599 [main] INFO  base.BaseClass - Found Element By {by.toString()}
2023-09-29 21:36:36,133 [main] INFO  base.BaseClass - Trying to find Element By {by.toString()})
2023-09-29 21:36:36,161 [main] INFO  base.BaseClass - Found Element By {by.toString()}
2023-09-29 21:36:36,702 [main] INFO  base.BaseClass - Trying to find Element By {by.toString()})
2023-09-29 21:36:36,728 [main] INFO  base.BaseClass - Found Element By {by.toString()}
2023-09-29 21:36:37,270 [main] INFO  base.BaseClass - Trying to find Element By {by.toString()})
2023-09-29 21:36:37,292 [main] INFO  base.BaseClass - Found Element By {by.toString()}
2023-09-29 21:36:37,824 [main] INFO  base.BaseClass - Trying to find Element By {by.toString()})
2023-09-29 21:36:37,848 [main] INFO  base.BaseClass - Found Element By {by.toString()}
2023-09-29 21:36:38,385 [main] INFO  base.BaseClass - Trying to find Element By {by.toString()})
2023-09-29 21:36:38,411 [main] INFO  base.BaseClass - Found Element By {by.toString()}
2023-09-29 21:36:38,948 [main] INFO  base.BaseClass - Trying to find Element By {by.toString()})
2023-09-29 21:36:38,976 [main] INFO  base.BaseClass - Found Element By {by.toString()}
2023-09-29 21:36:39,516 [main] INFO  base.BaseClass - Trying to find Element By {by.toString()})
2023-09-29 21:36:39,536 [main] INFO  base.BaseClass - Found Element By {by.toString()}
2023-09-29 21:36:40,065 [main] INFO  base.BaseClass - Trying to find Element By {by.toString()})
2023-09-29 21:36:40,083 [main] INFO  base.BaseClass - Found Element By {by.toString()}
2023-09-29 21:36:40,614 [main] INFO  base.BaseClass - Trying to find Element By {by.toString()})
2023-09-29 21:36:40,641 [main] INFO  base.BaseClass - Found Element By {by.toString()}
2023-09-29 21:36:41,177 [main] INFO  base.BaseClass - Trying to find Element By {by.toString()})
2023-09-29 21:36:41,202 [main] INFO  base.BaseClass - Found Element By {by.toString()}
2023-09-29 21:36:41,730 [main] INFO  base.BaseClass - Trying to find Element By {by.toString()})
2023-09-29 21:36:41,754 [main] INFO  base.BaseClass - Found Element By {by.toString()}
2023-09-29 21:36:42,285 [main] INFO  base.BaseClass - Trying to find Element By {by.toString()})
2023-09-29 21:36:42,309 [main] INFO  base.BaseClass - Found Element By {by.toString()}
2023-09-29 21:36:42,844 [main] INFO  base.BaseClass - Trying to find Element By {by.toString()})
2023-09-29 21:36:42,868 [main] INFO  base.BaseClass - Found Element By {by.toString()}
2023-09-29 21:36:43,403 [main] INFO  base.BaseClass - Trying to find Element By {by.toString()})
2023-09-29 21:36:43,427 [main] INFO  base.BaseClass - Found Element By {by.toString()}
2023-09-29 21:36:43,959 [main] INFO  base.BaseClass - Trying to find Element By {by.toString()})
2023-09-29 21:36:43,979 [main] INFO  base.BaseClass - Found Element By {by.toString()}
2023-09-29 21:36:44,511 [main] INFO  base.BaseClass - Trying to find Element By {by.toString()})
2023-09-29 21:36:44,528 [main] INFO  base.BaseClass - Found Element By {by.toString()}
2023-09-29 21:36:45,059 [main] INFO  base.BaseClass - Trying to find Element By {by.toString()})
2023-09-29 21:36:45,081 [main] INFO  base.BaseClass - Found Element By {by.toString()}
2023-09-29 21:36:45,613 [main] INFO  base.BaseClass - Trying to find Element By {by.toString()})
2023-09-29 21:36:45,636 [main] INFO  base.BaseClass - Found Element By {by.toString()}
2023-09-29 21:36:46,170 [main] INFO  base.BaseClass - Trying to find Element By {by.toString()})
2023-09-29 21:36:46,192 [main] INFO  base.BaseClass - Found Element By {by.toString()}
2023-09-29 21:36:46,726 [main] INFO  base.BaseClass - Trying to find Element By {by.toString()})
2023-09-29 21:36:46,752 [main] INFO  base.BaseClass - Found Element By {by.toString()}
2023-09-29 21:36:47,277 [main] INFO  base.BaseClass - Trying to find Element By {by.toString()})
2023-09-29 21:36:47,302 [main] INFO  base.BaseClass - Found Element By {by.toString()}
2023-09-29 21:36:47,834 [main] INFO  base.BaseClass - Trying to find Element By {by.toString()})
2023-09-29 21:36:47,860 [main] INFO  base.BaseClass - Found Element By {by.toString()}
TimeoutException occurred: Expected condition failed: waiting for helper.WaitUtility$4@4075c0d8 (tried for 20 second(s) with 500 milliseconds interval)
Build info: version: '3.141.59', revision: 'e82be7d358', time: '2018-11-14T08:17:03'
System info: host: 'DPLAP166', ip: '137.237.2.110', os.name: 'Windows 10', os.arch: 'amd64', os.version: '10.0', java.version: '19.0.1'
Driver info: org.openqa.selenium.support.events.EventFiringWebDriver
Capabilities {acceptInsecureCerts: false, browserName: chrome, browserVersion: 117.0.5938.132, chrome: {chromedriverVersion: 117.0.5938.92 (67649b10b92b..., userDataDir: C:\Users\dP-PL\AppData\Loca...}, fedcm:accounts: true, goog:chromeOptions: {debuggerAddress: localhost:53626}, javascriptEnabled: true, networkConnectionEnabled: false, pageLoadStrategy: normal, platform: WINDOWS, platformName: WINDOWS, proxy: Proxy(), setWindowRect: true, strictFileInteractability: false, timeouts: {implicit: 0, pageLoad: 300000, script: 30000}, unhandledPromptBehavior: dismiss and notify, webauthn:extension:credBlob: true, webauthn:extension:largeBlob: true, webauthn:extension:minPinLength: true, webauthn:extension:prf: true, webauthn:virtualAuthenticators: true}
Session ID: e9fa97d992d52119ad1caab1430768c5
2023-09-29 21:36:47,894 [main] ERROR XGLT_15177_Test - Element did not become visible within the specified time: Expected condition failed: waiting for helper.WaitUtility$4@4075c0d8 (tried for 20 second(s) with 500 milliseconds interval)
Build info: version: '3.141.59', revision: 'e82be7d358', time: '2018-11-14T08:17:03'
System info: host: 'DPLAP166', ip: '137.237.2.110', os.name: 'Windows 10', os.arch: 'amd64', os.version: '10.0', java.version: '19.0.1'
Driver info: org.openqa.selenium.support.events.EventFiringWebDriver
Capabilities {acceptInsecureCerts: false, browserName: chrome, browserVersion: 117.0.5938.132, chrome: {chromedriverVersion: 117.0.5938.92 (67649b10b92b..., userDataDir: C:\Users\dP-PL\AppData\Loca...}, fedcm:accounts: true, goog:chromeOptions: {debuggerAddress: localhost:53626}, javascriptEnabled: true, networkConnectionEnabled: false, pageLoadStrategy: normal, platform: WINDOWS, platformName: WINDOWS, proxy: Proxy(), setWindowRect: true, strictFileInteractability: false, timeouts: {implicit: 0, pageLoad: 300000, script: 30000}, unhandledPromptBehavior: dismiss and notify, webauthn:extension:credBlob: true, webauthn:extension:largeBlob: true, webauthn:extension:minPinLength: true, webauthn:extension:prf: true, webauthn:virtualAuthenticators: true}
Session ID: e9fa97d992d52119ad1caab1430768c5
2023-09-29 21:36:47,895 [Forwarding actions on session e9fa97d992d52119ad1caab1430768c5 to remote] INFO  base.BaseClass - Trying to find Element By {by.toString()})
2023-09-29 21:36:47,916 [Forwarding actions on session e9fa97d992d52119ad1caab1430768c5 to remote] INFO  base.BaseClass - Found Element By {by.toString()}
2023-09-29 21:36:48,066 [main] INFO  base.BaseClass - Trying to find Element By {by.toString()})
2023-09-29 21:36:48,092 [main] INFO  base.BaseClass - Found Element By {by.toString()}
2023-09-29 21:36:48,092 [main] INFO  base.BaseClass - Trying to click on: {element.toString()}
2023-09-29 21:36:48,207 [main] INFO  base.BaseClass - Clicked on: {element.toString()}
2023-09-29 21:36:48,207 [main] INFO  base.BaseClass - Trying to find Element By {by.toString()})
2023-09-29 21:36:48,223 [main] INFO  base.BaseClass - Found Element By {by.toString()}
2023-09-29 21:36:48,234 [main] INFO  base.BaseClass - Trying to click on: {element.toString()}
2023-09-29 21:36:48,271 [main] INFO  base.BaseClass - Clicked on: {element.toString()}
2023-09-29 21:36:48,271 [main] INFO  base.BaseClass - Trying to find Element By {by.toString()})
2023-09-29 21:36:48,295 [main] INFO  base.BaseClass - Found Element By {by.toString()}
2023-09-29 21:36:48,295 [main] INFO  base.BaseClass - Trying to click on: {element.toString()}
2023-09-29 21:36:48,344 [main] INFO  base.BaseClass - Clicked on: {element.toString()}
2023-09-29 21:36:48,346 [main] INFO  base.BaseClass - Trying to find Element By {by.toString()})
2023-09-29 21:36:48,370 [main] INFO  base.BaseClass - Found Element By {by.toString()}
2023-09-29 21:36:48,397 [main] INFO  base.BaseClass - Trying to find Element By {by.toString()})
2023-09-29 21:36:48,415 [main] INFO  base.BaseClass - Found Element By {by.toString()}
RT value is New Revenue Type
2023-09-29 21:36:48,431 [main] INFO  base.BaseClass - Trying to find Element By {by.toString()})
2023-09-29 21:36:48,444 [main] INFO  base.BaseClass - Found Element By {by.toString()}
Writing on Excel file Finished ...
CreateNewrevenuType passed!
]]></system-out>
    <system-err><![CDATA[Starting ChromeDriver 117.0.5938.92 (67649b10b92bb182fba357831ef7dd6a1baa5648-refs/branch-heads/5938_62@{#14}) on port 41323
Only local connections are allowed.
Please see https://chromedriver.chromium.org/security-considerations for suggestions on keeping ChromeDriver safe.
ChromeDriver was started successfully.
Sept 29, 2023 9:35:22 PM org.openqa.selenium.remote.ProtocolHandshake createSession
INFO: Detected dialect: W3C
]]></system-err>
  </testcase>
  <testcase name="CreateCommodityCode" classname="XGLT_6753_Test" time="22.194">
    <system-out><![CDATA[2023-09-29 21:36:49,131 [main] INFO  base.BaseClass - Login to XGL
2023-09-29 21:36:49,132 [main] INFO  XGLT_15177_Test - Setting up browser
2023-09-29 21:36:49,156 [main] INFO  io.github.bonigarcia.wdm.WebDriverManager - Using chromedriver 117.0.5938.92 (resolved driver for Chrome 117)
2023-09-29 21:36:49,179 [main] INFO  io.github.bonigarcia.wdm.WebDriverManager - Exporting webdriver.chrome.driver as C:\Users\dP-PL\.cache\selenium\chromedriver\win64\117.0.5938.92\chromedriver.exe
2023-09-29 21:36:50,791 [main] INFO  base.BaseClass - Before navigating to {url}
2023-09-29 21:36:57,758 [main] INFO  base.BaseClass - Navigated to {url}
2023-09-29 21:36:57,762 [main] INFO  base.BaseClass - Trying to find Element By {by.toString()})
2023-09-29 21:36:57,783 [main] INFO  base.BaseClass - Found Element By {by.toString()}
2023-09-29 21:36:57,862 [main] INFO  base.BaseClass - Trying to find Element By {by.toString()})
2023-09-29 21:36:57,878 [main] INFO  base.BaseClass - Found Element By {by.toString()}
2023-09-29 21:36:58,001 [main] INFO  base.BaseClass - Trying to find Element By {by.toString()})
2023-09-29 21:36:58,020 [main] INFO  base.BaseClass - Found Element By {by.toString()}
2023-09-29 21:36:58,020 [main] INFO  base.BaseClass - Trying to click on: {element.toString()}
2023-09-29 21:36:58,103 [main] INFO  base.BaseClass - Clicked on: {element.toString()}
2023-09-29 21:36:58,104 [main] INFO  base.BaseClass - Trying to find Element By {by.toString()})
2023-09-29 21:37:02,696 [main] INFO  base.BaseClass - Found Element By {by.toString()}
2023-09-29 21:37:02,721 [main] INFO  base.BaseClass - Trying to find Element By {by.toString()})
NoSuchElementException occurred: no such element: Unable to locate element: {"method":"xpath","selector":"//div[@class='modal-content']/div/i[contains(@class,'close')]"}
  (Session info: chrome=117.0.5938.132)
For documentation on this error, please visit: https://www.seleniumhq.org/exceptions/no_such_element.html
Build info: version: '3.141.59', revision: 'e82be7d358', time: '2018-11-14T08:17:03'
System info: host: 'DPLAP166', ip: '137.237.2.110', os.name: 'Windows 10', os.arch: 'amd64', os.version: '10.0', java.version: '19.0.1'
Driver info: org.openqa.selenium.chrome.ChromeDriver
Capabilities {acceptInsecureCerts: false, browserName: chrome, browserVersion: 117.0.5938.132, chrome: {chromedriverVersion: 117.0.5938.92 (67649b10b92b..., userDataDir: C:\Users\dP-PL\AppData\Loca...}, fedcm:accounts: true, goog:chromeOptions: {debuggerAddress: localhost:53653}, javascriptEnabled: true, networkConnectionEnabled: false, pageLoadStrategy: normal, platform: WINDOWS, platformName: WINDOWS, proxy: Proxy(), setWindowRect: true, strictFileInteractability: false, timeouts: {implicit: 0, pageLoad: 300000, script: 30000}, unhandledPromptBehavior: dismiss and notify, webauthn:extension:credBlob: true, webauthn:extension:largeBlob: true, webauthn:extension:minPinLength: true, webauthn:extension:prf: true, webauthn:virtualAuthenticators: true}
Session ID: 7b5072d19d47d6fcae21c4cbe899471d
*** Element info: {Using=xpath, value=//div[@class='modal-content']/div/i[contains(@class,'close')]}
Before method Test name: About_network_test
CreateCommodityCode started!
2023-09-29 21:37:52,743 [main] INFO  base.BaseClass - Trying to find Element By {by.toString()})
2023-09-29 21:37:52,766 [main] INFO  base.BaseClass - Found Element By {by.toString()}
2023-09-29 21:37:52,766 [main] INFO  base.BaseClass - Trying to click on: {element.toString()}
2023-09-29 21:37:52,850 [main] INFO  base.BaseClass - Clicked on: {element.toString()}
2023-09-29 21:37:52,851 [main] INFO  base.BaseClass - Trying to find Element By {by.toString()})
2023-09-29 21:37:52,872 [main] INFO  base.BaseClass - Found Element By {by.toString()}
2023-09-29 21:37:52,872 [main] INFO  base.BaseClass - Trying to click on: {element.toString()}
2023-09-29 21:37:53,014 [main] INFO  base.BaseClass - Clicked on: {element.toString()}
2023-09-29 21:37:53,014 [main] INFO  base.BaseClass - Trying to find Element By {by.toString()})
2023-09-29 21:37:53,039 [main] INFO  base.BaseClass - Found Element By {by.toString()}
2023-09-29 21:37:53,058 [main] INFO  base.BaseClass - Trying to find Element By {by.toString()})
2023-09-29 21:37:53,072 [main] INFO  base.BaseClass - Found Element By {by.toString()}
2023-09-29 21:37:53,072 [main] INFO  base.BaseClass - Trying to click on: {element.toString()}
2023-09-29 21:37:53,156 [main] INFO  base.BaseClass - Clicked on: {element.toString()}
2023-09-29 21:37:53,159 [main] INFO  base.BaseClass - Trying to find Element By {by.toString()})
2023-09-29 21:37:53,174 [main] INFO  base.BaseClass - Found Element By {by.toString()}
2023-09-29 21:37:53,174 [main] INFO  base.BaseClass - Trying to click on: {element.toString()}
2023-09-29 21:37:53,267 [main] INFO  base.BaseClass - Clicked on: {element.toString()}
2023-09-29 21:37:53,267 [main] INFO  base.BaseClass - Trying to find Element By {by.toString()})
2023-09-29 21:37:53,282 [main] INFO  base.BaseClass - Found Element By {by.toString()}
2023-09-29 21:37:53,356 [main] INFO  base.BaseClass - Trying to find Element By {by.toString()})
2023-09-29 21:37:53,379 [main] INFO  base.BaseClass - Found Element By {by.toString()}
2023-09-29 21:37:53,472 [main] INFO  base.BaseClass - Trying to find Element By {by.toString()})
2023-09-29 21:37:53,488 [main] INFO  base.BaseClass - Found Element By {by.toString()}
2023-09-29 21:37:53,488 [main] INFO  base.BaseClass - Trying to click on: {element.toString()}
2023-09-29 21:37:53,604 [main] INFO  base.BaseClass - Clicked on: {element.toString()}
2023-09-29 21:37:53,604 [main] INFO  base.BaseClass - Trying to find Element By {by.toString()})
2023-09-29 21:37:53,621 [main] INFO  base.BaseClass - Found Element By {by.toString()}
2023-09-29 21:37:54,147 [main] INFO  base.BaseClass - Trying to find Element By {by.toString()})
2023-09-29 21:37:54,171 [main] INFO  base.BaseClass - Found Element By {by.toString()}
2023-09-29 21:37:54,710 [main] INFO  base.BaseClass - Trying to find Element By {by.toString()})
2023-09-29 21:37:54,733 [main] INFO  base.BaseClass - Found Element By {by.toString()}
2023-09-29 21:37:55,272 [main] INFO  base.BaseClass - Trying to find Element By {by.toString()})
2023-09-29 21:37:55,294 [main] INFO  base.BaseClass - Found Element By {by.toString()}
2023-09-29 21:37:55,825 [main] INFO  base.BaseClass - Trying to find Element By {by.toString()})
2023-09-29 21:37:55,834 [main] INFO  base.BaseClass - Found Element By {by.toString()}
2023-09-29 21:37:56,347 [main] INFO  base.BaseClass - Trying to find Element By {by.toString()})
2023-09-29 21:37:56,370 [main] INFO  base.BaseClass - Found Element By {by.toString()}
2023-09-29 21:37:56,897 [main] INFO  base.BaseClass - Trying to find Element By {by.toString()})
2023-09-29 21:37:56,919 [main] INFO  base.BaseClass - Found Element By {by.toString()}
2023-09-29 21:37:57,448 [main] INFO  base.BaseClass - Trying to find Element By {by.toString()})
2023-09-29 21:37:57,474 [main] INFO  base.BaseClass - Found Element By {by.toString()}
2023-09-29 21:37:58,001 [main] INFO  base.BaseClass - Trying to find Element By {by.toString()})
2023-09-29 21:37:58,023 [main] INFO  base.BaseClass - Found Element By {by.toString()}
2023-09-29 21:37:58,553 [main] INFO  base.BaseClass - Trying to find Element By {by.toString()})
2023-09-29 21:37:58,568 [main] INFO  base.BaseClass - Found Element By {by.toString()}
2023-09-29 21:37:59,097 [main] INFO  base.BaseClass - Trying to find Element By {by.toString()})
2023-09-29 21:37:59,121 [main] INFO  base.BaseClass - Found Element By {by.toString()}
2023-09-29 21:37:59,654 [main] INFO  base.BaseClass - Trying to find Element By {by.toString()})
2023-09-29 21:37:59,664 [main] INFO  base.BaseClass - Found Element By {by.toString()}
2023-09-29 21:38:00,193 [main] INFO  base.BaseClass - Trying to find Element By {by.toString()})
2023-09-29 21:38:00,209 [main] INFO  base.BaseClass - Found Element By {by.toString()}
2023-09-29 21:38:00,753 [main] INFO  base.BaseClass - Trying to find Element By {by.toString()})
2023-09-29 21:38:00,764 [main] INFO  base.BaseClass - Found Element By {by.toString()}
2023-09-29 21:38:01,283 [main] INFO  base.BaseClass - Trying to find Element By {by.toString()})
2023-09-29 21:38:01,296 [main] INFO  base.BaseClass - Found Element By {by.toString()}
2023-09-29 21:38:01,816 [main] INFO  base.BaseClass - Trying to find Element By {by.toString()})
2023-09-29 21:38:01,844 [main] INFO  base.BaseClass - Found Element By {by.toString()}
2023-09-29 21:38:02,377 [main] INFO  base.BaseClass - Trying to find Element By {by.toString()})
2023-09-29 21:38:02,405 [main] INFO  base.BaseClass - Found Element By {by.toString()}
2023-09-29 21:38:02,939 [main] INFO  base.BaseClass - Trying to find Element By {by.toString()})
2023-09-29 21:38:02,962 [main] INFO  base.BaseClass - Found Element By {by.toString()}
2023-09-29 21:38:03,498 [main] INFO  base.BaseClass - Trying to find Element By {by.toString()})
2023-09-29 21:38:03,525 [main] INFO  base.BaseClass - Found Element By {by.toString()}
2023-09-29 21:38:04,059 [main] INFO  base.BaseClass - Trying to find Element By {by.toString()})
2023-09-29 21:38:04,084 [main] INFO  base.BaseClass - Found Element By {by.toString()}
2023-09-29 21:38:04,619 [main] INFO  base.BaseClass - Trying to find Element By {by.toString()})
2023-09-29 21:38:04,633 [main] INFO  base.BaseClass - Found Element By {by.toString()}
2023-09-29 21:38:05,149 [main] INFO  base.BaseClass - Trying to find Element By {by.toString()})
2023-09-29 21:38:05,176 [main] INFO  base.BaseClass - Found Element By {by.toString()}
2023-09-29 21:38:05,714 [main] INFO  base.BaseClass - Trying to find Element By {by.toString()})
2023-09-29 21:38:05,739 [main] INFO  base.BaseClass - Found Element By {by.toString()}
2023-09-29 21:38:06,266 [main] INFO  base.BaseClass - Trying to find Element By {by.toString()})
2023-09-29 21:38:06,292 [main] INFO  base.BaseClass - Found Element By {by.toString()}
2023-09-29 21:38:06,819 [main] INFO  base.BaseClass - Trying to find Element By {by.toString()})
2023-09-29 21:38:06,836 [main] INFO  base.BaseClass - Found Element By {by.toString()}
2023-09-29 21:38:07,367 [main] INFO  base.BaseClass - Trying to find Element By {by.toString()})
2023-09-29 21:38:07,391 [main] INFO  base.BaseClass - Found Element By {by.toString()}
2023-09-29 21:38:07,918 [main] INFO  base.BaseClass - Trying to find Element By {by.toString()})
2023-09-29 21:38:07,944 [main] INFO  base.BaseClass - Found Element By {by.toString()}
2023-09-29 21:38:08,470 [main] INFO  base.BaseClass - Trying to find Element By {by.toString()})
2023-09-29 21:38:08,492 [main] INFO  base.BaseClass - Found Element By {by.toString()}
2023-09-29 21:38:09,022 [main] INFO  base.BaseClass - Trying to find Element By {by.toString()})
2023-09-29 21:38:09,046 [main] INFO  base.BaseClass - Found Element By {by.toString()}
2023-09-29 21:38:09,582 [main] INFO  base.BaseClass - Trying to find Element By {by.toString()})
2023-09-29 21:38:09,606 [main] INFO  base.BaseClass - Found Element By {by.toString()}
2023-09-29 21:38:10,133 [main] INFO  base.BaseClass - Trying to find Element By {by.toString()})
2023-09-29 21:38:10,152 [main] INFO  base.BaseClass - Found Element By {by.toString()}
2023-09-29 21:38:10,682 [main] INFO  base.BaseClass - Trying to find Element By {by.toString()})
2023-09-29 21:38:10,707 [main] INFO  base.BaseClass - Found Element By {by.toString()}
2023-09-29 21:38:11,232 [main] INFO  base.BaseClass - Trying to find Element By {by.toString()})
2023-09-29 21:38:11,259 [main] INFO  base.BaseClass - Found Element By {by.toString()}
2023-09-29 21:38:11,789 [main] INFO  base.BaseClass - Trying to find Element By {by.toString()})
2023-09-29 21:38:11,813 [main] INFO  base.BaseClass - Found Element By {by.toString()}
2023-09-29 21:38:12,347 [main] INFO  base.BaseClass - Trying to find Element By {by.toString()})
2023-09-29 21:38:12,371 [main] INFO  base.BaseClass - Found Element By {by.toString()}
2023-09-29 21:38:12,903 [main] INFO  base.BaseClass - Trying to find Element By {by.toString()})
2023-09-29 21:38:12,927 [main] INFO  base.BaseClass - Found Element By {by.toString()}
2023-09-29 21:38:13,459 [main] INFO  base.BaseClass - Trying to find Element By {by.toString()})
2023-09-29 21:38:13,477 [main] INFO  base.BaseClass - Found Element By {by.toString()}
2023-09-29 21:38:14,017 [main] INFO  base.BaseClass - Trying to find Element By {by.toString()})
2023-09-29 21:38:14,035 [main] INFO  base.BaseClass - Found Element By {by.toString()}
TimeoutException occurred: Expected condition failed: waiting for helper.WaitUtility$4@542adcfa (tried for 20 second(s) with 500 milliseconds interval)
Build info: version: '3.141.59', revision: 'e82be7d358', time: '2018-11-14T08:17:03'
System info: host: 'DPLAP166', ip: '137.237.2.110', os.name: 'Windows 10', os.arch: 'amd64', os.version: '10.0', java.version: '19.0.1'
Driver info: org.openqa.selenium.support.events.EventFiringWebDriver
Capabilities {acceptInsecureCerts: false, browserName: chrome, browserVersion: 117.0.5938.132, chrome: {chromedriverVersion: 117.0.5938.92 (67649b10b92b..., userDataDir: C:\Users\dP-PL\AppData\Loca...}, fedcm:accounts: true, goog:chromeOptions: {debuggerAddress: localhost:53653}, javascriptEnabled: true, networkConnectionEnabled: false, pageLoadStrategy: normal, platform: WINDOWS, platformName: WINDOWS, proxy: Proxy(), setWindowRect: true, strictFileInteractability: false, timeouts: {implicit: 0, pageLoad: 300000, script: 30000}, unhandledPromptBehavior: dismiss and notify, webauthn:extension:credBlob: true, webauthn:extension:largeBlob: true, webauthn:extension:minPinLength: true, webauthn:extension:prf: true, webauthn:virtualAuthenticators: true}
Session ID: 7b5072d19d47d6fcae21c4cbe899471d
2023-09-29 21:38:14,060 [main] ERROR XGLT_15177_Test - Element did not become visible within the specified time: Expected condition failed: waiting for helper.WaitUtility$4@542adcfa (tried for 20 second(s) with 500 milliseconds interval)
Build info: version: '3.141.59', revision: 'e82be7d358', time: '2018-11-14T08:17:03'
System info: host: 'DPLAP166', ip: '137.237.2.110', os.name: 'Windows 10', os.arch: 'amd64', os.version: '10.0', java.version: '19.0.1'
Driver info: org.openqa.selenium.support.events.EventFiringWebDriver
Capabilities {acceptInsecureCerts: false, browserName: chrome, browserVersion: 117.0.5938.132, chrome: {chromedriverVersion: 117.0.5938.92 (67649b10b92b..., userDataDir: C:\Users\dP-PL\AppData\Loca...}, fedcm:accounts: true, goog:chromeOptions: {debuggerAddress: localhost:53653}, javascriptEnabled: true, networkConnectionEnabled: false, pageLoadStrategy: normal, platform: WINDOWS, platformName: WINDOWS, proxy: Proxy(), setWindowRect: true, strictFileInteractability: false, timeouts: {implicit: 0, pageLoad: 300000, script: 30000}, unhandledPromptBehavior: dismiss and notify, webauthn:extension:credBlob: true, webauthn:extension:largeBlob: true, webauthn:extension:minPinLength: true, webauthn:extension:prf: true, webauthn:virtualAuthenticators: true}
Session ID: 7b5072d19d47d6fcae21c4cbe899471d
2023-09-29 21:38:14,061 [Forwarding actions on session 7b5072d19d47d6fcae21c4cbe899471d to remote] INFO  base.BaseClass - Trying to find Element By {by.toString()})
2023-09-29 21:38:14,087 [Forwarding actions on session 7b5072d19d47d6fcae21c4cbe899471d to remote] INFO  base.BaseClass - Found Element By {by.toString()}
2023-09-29 21:38:14,222 [main] INFO  base.BaseClass - Trying to find Element By {by.toString()})
2023-09-29 21:38:14,248 [main] INFO  base.BaseClass - Found Element By {by.toString()}
2023-09-29 21:38:14,376 [main] INFO  base.BaseClass - Trying to find Element By {by.toString()})
2023-09-29 21:38:14,391 [main] INFO  base.BaseClass - Found Element By {by.toString()}
2023-09-29 21:38:14,497 [main] INFO  base.BaseClass - Trying to find Element By {by.toString()})
2023-09-29 21:38:14,510 [main] INFO  base.BaseClass - Found Element By {by.toString()}
2023-09-29 21:38:14,510 [main] INFO  base.BaseClass - Trying to click on: {element.toString()}
2023-09-29 21:38:14,571 [main] INFO  base.BaseClass - Clicked on: {element.toString()}
2023-09-29 21:38:14,571 [main] INFO  base.BaseClass - Trying to find Element By {by.toString()})
2023-09-29 21:38:14,584 [main] INFO  base.BaseClass - Found Element By {by.toString()}
2023-09-29 21:38:14,584 [main] INFO  base.BaseClass - Trying to click on: {element.toString()}
2023-09-29 21:38:14,626 [main] INFO  base.BaseClass - Clicked on: {element.toString()}
2023-09-29 21:38:14,626 [main] INFO  base.BaseClass - Trying to find Element By {by.toString()})
2023-09-29 21:38:14,642 [main] INFO  base.BaseClass - Found Element By {by.toString()}
2023-09-29 21:38:14,658 [main] INFO  base.BaseClass - Trying to find Element By {by.toString()})
2023-09-29 21:38:14,669 [main] INFO  base.BaseClass - Found Element By {by.toString()}
2023-09-29 21:38:14,669 [main] INFO  base.BaseClass - Trying to click on: {element.toString()}
2023-09-29 21:38:14,710 [main] INFO  base.BaseClass - Clicked on: {element.toString()}
2023-09-29 21:38:14,710 [main] INFO  base.BaseClass - Trying to find Element By {by.toString()})
2023-09-29 21:38:14,722 [main] INFO  base.BaseClass - Found Element By {by.toString()}
Writing on Excel file Finished ...
CreateCommodityCode passed!
]]></system-out>
    <system-err><![CDATA[Starting ChromeDriver 117.0.5938.92 (67649b10b92bb182fba357831ef7dd6a1baa5648-refs/branch-heads/5938_62@{#14}) on port 41347
Only local connections are allowed.
Please see https://chromedriver.chromium.org/security-considerations for suggestions on keeping ChromeDriver safe.
ChromeDriver was started successfully.
Sept 29, 2023 9:36:50 PM org.openqa.selenium.remote.ProtocolHandshake createSession
INFO: Detected dialect: W3C
]]></system-err>
  </testcase>
  <testcase name="CreateNewRetailUnit" classname="XGLT_6751_Test" time="2.706">
    <system-out><![CDATA[2023-09-29 21:38:14,938 [main] INFO  base.BaseClass - Login to XGL
2023-09-29 21:38:14,938 [main] INFO  XGLT_15177_Test - Setting up browser
2023-09-29 21:38:14,948 [main] INFO  io.github.bonigarcia.wdm.WebDriverManager - Using chromedriver 117.0.5938.92 (resolved driver for Chrome 117)
2023-09-29 21:38:14,962 [main] INFO  io.github.bonigarcia.wdm.WebDriverManager - Exporting webdriver.chrome.driver as C:\Users\dP-PL\.cache\selenium\chromedriver\win64\117.0.5938.92\chromedriver.exe
2023-09-29 21:38:16,440 [main] INFO  base.BaseClass - Before navigating to {url}
2023-09-29 21:38:24,638 [main] INFO  base.BaseClass - Navigated to {url}
2023-09-29 21:38:24,641 [main] INFO  base.BaseClass - Trying to find Element By {by.toString()})
2023-09-29 21:38:24,661 [main] INFO  base.BaseClass - Found Element By {by.toString()}
2023-09-29 21:38:24,738 [main] INFO  base.BaseClass - Trying to find Element By {by.toString()})
2023-09-29 21:38:24,763 [main] INFO  base.BaseClass - Found Element By {by.toString()}
2023-09-29 21:38:24,892 [main] INFO  base.BaseClass - Trying to find Element By {by.toString()})
2023-09-29 21:38:24,909 [main] INFO  base.BaseClass - Found Element By {by.toString()}
2023-09-29 21:38:24,909 [main] INFO  base.BaseClass - Trying to click on: {element.toString()}
2023-09-29 21:38:24,952 [main] INFO  base.BaseClass - Clicked on: {element.toString()}
2023-09-29 21:38:24,952 [main] INFO  base.BaseClass - Trying to find Element By {by.toString()})
2023-09-29 21:38:33,940 [main] INFO  base.BaseClass - Found Element By {by.toString()}
2023-09-29 21:38:33,965 [main] INFO  base.BaseClass - Trying to find Element By {by.toString()})
NoSuchElementException occurred: no such element: Unable to locate element: {"method":"xpath","selector":"//div[@class='modal-content']/div/i[contains(@class,'close')]"}
  (Session info: chrome=117.0.5938.132)
For documentation on this error, please visit: https://www.seleniumhq.org/exceptions/no_such_element.html
Build info: version: '3.141.59', revision: 'e82be7d358', time: '2018-11-14T08:17:03'
System info: host: 'DPLAP166', ip: '137.237.2.110', os.name: 'Windows 10', os.arch: 'amd64', os.version: '10.0', java.version: '19.0.1'
Driver info: org.openqa.selenium.chrome.ChromeDriver
Capabilities {acceptInsecureCerts: false, browserName: chrome, browserVersion: 117.0.5938.132, chrome: {chromedriverVersion: 117.0.5938.92 (67649b10b92b..., userDataDir: C:\Users\dP-PL\AppData\Loca...}, fedcm:accounts: true, goog:chromeOptions: {debuggerAddress: localhost:53682}, javascriptEnabled: true, networkConnectionEnabled: false, pageLoadStrategy: normal, platform: WINDOWS, platformName: WINDOWS, proxy: Proxy(), setWindowRect: true, strictFileInteractability: false, timeouts: {implicit: 0, pageLoad: 300000, script: 30000}, unhandledPromptBehavior: dismiss and notify, webauthn:extension:credBlob: true, webauthn:extension:largeBlob: true, webauthn:extension:minPinLength: true, webauthn:extension:prf: true, webauthn:virtualAuthenticators: true}
Session ID: 4b6f59cd86d7654d65a484a407bba8f2
*** Element info: {Using=xpath, value=//div[@class='modal-content']/div/i[contains(@class,'close')]}
Before method Test name: About_network_test
CreateNewRetailUnit started!
2023-09-29 21:39:24,027 [main] INFO  base.BaseClass - Trying to find Element By {by.toString()})
2023-09-29 21:39:24,054 [main] INFO  base.BaseClass - Found Element By {by.toString()}
2023-09-29 21:39:24,054 [main] INFO  base.BaseClass - Trying to click on: {element.toString()}
2023-09-29 21:39:24,147 [main] INFO  base.BaseClass - Clicked on: {element.toString()}
2023-09-29 21:39:24,147 [main] INFO  base.BaseClass - Trying to find Element By {by.toString()})
2023-09-29 21:39:24,171 [main] INFO  base.BaseClass - Found Element By {by.toString()}
2023-09-29 21:39:24,172 [main] INFO  base.BaseClass - Trying to click on: {element.toString()}
2023-09-29 21:39:24,305 [main] INFO  base.BaseClass - Clicked on: {element.toString()}
2023-09-29 21:39:24,306 [main] INFO  base.BaseClass - Trying to find Element By {by.toString()})
2023-09-29 21:39:24,331 [main] INFO  base.BaseClass - Found Element By {by.toString()}
2023-09-29 21:39:24,347 [main] INFO  base.BaseClass - Trying to find Element By {by.toString()})
2023-09-29 21:39:24,361 [main] INFO  base.BaseClass - Found Element By {by.toString()}
2023-09-29 21:39:24,361 [main] INFO  base.BaseClass - Trying to click on: {element.toString()}
2023-09-29 21:39:24,436 [main] INFO  base.BaseClass - Clicked on: {element.toString()}
2023-09-29 21:39:24,438 [main] INFO  base.BaseClass - Trying to find Element By {by.toString()})
2023-09-29 21:39:24,453 [main] INFO  base.BaseClass - Found Element By {by.toString()}
2023-09-29 21:39:24,453 [main] INFO  base.BaseClass - Trying to click on: {element.toString()}
2023-09-29 21:39:24,550 [main] INFO  base.BaseClass - Clicked on: {element.toString()}
2023-09-29 21:39:24,550 [main] INFO  base.BaseClass - Trying to find Element By {by.toString()})
2023-09-29 21:39:24,563 [main] INFO  base.BaseClass - Found Element By {by.toString()}
2023-09-29 21:39:24,640 [main] INFO  base.BaseClass - Trying to find Element By {by.toString()})
2023-09-29 21:39:24,659 [main] INFO  base.BaseClass - Found Element By {by.toString()}
2023-09-29 21:39:24,745 [main] INFO  base.BaseClass - Trying to find Element By {by.toString()})
2023-09-29 21:39:24,757 [main] INFO  base.BaseClass - Found Element By {by.toString()}
2023-09-29 21:39:24,852 [main] INFO  base.BaseClass - Trying to find Element By {by.toString()})
2023-09-29 21:39:24,868 [main] INFO  base.BaseClass - Found Element By {by.toString()}
2023-09-29 21:39:24,868 [main] INFO  base.BaseClass - Trying to click on: {element.toString()}
2023-09-29 21:39:24,942 [main] INFO  base.BaseClass - Clicked on: {element.toString()}
2023-09-29 21:39:24,942 [main] INFO  base.BaseClass - Trying to find Element By {by.toString()})
2023-09-29 21:39:25,452 [main] INFO  base.BaseClass - Found Element By {by.toString()}
2023-09-29 21:39:25,453 [main] INFO  base.BaseClass - Trying to click on: {element.toString()}
2023-09-29 21:39:25,497 [main] INFO  base.BaseClass - Clicked on: {element.toString()}
2023-09-29 21:39:25,497 [main] INFO  base.BaseClass - Trying to find Element By {by.toString()})
2023-09-29 21:39:25,512 [main] INFO  base.BaseClass - Found Element By {by.toString()}
2023-09-29 21:39:25,534 [Forwarding actions on session 4b6f59cd86d7654d65a484a407bba8f2 to remote] INFO  base.BaseClass - Trying to find Element By {by.toString()})
2023-09-29 21:39:25,544 [Forwarding actions on session 4b6f59cd86d7654d65a484a407bba8f2 to remote] INFO  base.BaseClass - Found Element By {by.toString()}
2023-09-29 21:39:25,677 [main] INFO  base.BaseClass - Trying to find Element By {by.toString()})
2023-09-29 21:39:25,706 [main] INFO  base.BaseClass - Found Element By {by.toString()}
2023-09-29 21:39:25,707 [main] INFO  base.BaseClass - Trying to click on: {element.toString()}
2023-09-29 21:39:25,797 [main] INFO  base.BaseClass - Clicked on: {element.toString()}
2023-09-29 21:39:25,798 [Forwarding actions on session 4b6f59cd86d7654d65a484a407bba8f2 to remote] INFO  base.BaseClass - Trying to find Element By {by.toString()})
2023-09-29 21:39:25,818 [Forwarding actions on session 4b6f59cd86d7654d65a484a407bba8f2 to remote] INFO  base.BaseClass - Found Element By {by.toString()}
2023-09-29 21:39:25,956 [main] INFO  base.BaseClass - Trying to find Element By {by.toString()})
2023-09-29 21:39:25,974 [main] INFO  base.BaseClass - Found Element By {by.toString()}
2023-09-29 21:39:25,975 [main] INFO  base.BaseClass - Trying to click on: {element.toString()}
2023-09-29 21:39:26,043 [main] INFO  base.BaseClass - Clicked on: {element.toString()}
2023-09-29 21:39:26,043 [main] INFO  base.BaseClass - Trying to find Element By {by.toString()})
2023-09-29 21:39:26,060 [main] INFO  base.BaseClass - Found Element By {by.toString()}
2023-09-29 21:39:26,099 [main] INFO  base.BaseClass - Trying to find Element By {by.toString()})
2023-09-29 21:39:26,116 [main] INFO  base.BaseClass - Found Element By {by.toString()}
2023-09-29 21:39:26,117 [main] INFO  base.BaseClass - Trying to click on: {element.toString()}
2023-09-29 21:39:26,186 [main] INFO  base.BaseClass - Clicked on: {element.toString()}
2023-09-29 21:39:26,187 [main] INFO  base.BaseClass - Trying to find Element By {by.toString()})
2023-09-29 21:39:26,206 [main] INFO  base.BaseClass - Found Element By {by.toString()}
RO is New Retail Unit
2023-09-29 21:39:26,219 [main] INFO  base.BaseClass - Trying to find Element By {by.toString()})
2023-09-29 21:39:26,238 [main] INFO  base.BaseClass - Found Element By {by.toString()}
Writing on Excel file Finished ...
CreateNewRetailUnit passed!
]]></system-out>
    <system-err><![CDATA[Starting ChromeDriver 117.0.5938.92 (67649b10b92bb182fba357831ef7dd6a1baa5648-refs/branch-heads/5938_62@{#14}) on port 11686
Only local connections are allowed.
Please see https://chromedriver.chromium.org/security-considerations for suggestions on keeping ChromeDriver safe.
ChromeDriver was started successfully.
Sept 29, 2023 9:38:16 PM org.openqa.selenium.remote.ProtocolHandshake createSession
INFO: Detected dialect: W3C
]]></system-err>
  </testcase>
  <testcase name="CreateNewHardRegion" classname="XGLT_6752_Test" time="4.078">
    <system-out><![CDATA[2023-09-29 21:39:26,737 [main] INFO  base.BaseClass - Login to XGL
2023-09-29 21:39:26,737 [main] INFO  XGLT_15177_Test - Setting up browser
2023-09-29 21:39:26,759 [main] INFO  io.github.bonigarcia.wdm.WebDriverManager - Using chromedriver 117.0.5938.92 (resolved driver for Chrome 117)
2023-09-29 21:39:26,786 [main] INFO  io.github.bonigarcia.wdm.WebDriverManager - Exporting webdriver.chrome.driver as C:\Users\dP-PL\.cache\selenium\chromedriver\win64\117.0.5938.92\chromedriver.exe
2023-09-29 21:39:29,194 [main] INFO  base.BaseClass - Before navigating to {url}
2023-09-29 21:39:39,216 [main] INFO  base.BaseClass - Navigated to {url}
2023-09-29 21:39:39,219 [main] INFO  base.BaseClass - Trying to find Element By {by.toString()})
2023-09-29 21:39:39,241 [main] INFO  base.BaseClass - Found Element By {by.toString()}
2023-09-29 21:39:39,296 [main] INFO  base.BaseClass - Trying to find Element By {by.toString()})
2023-09-29 21:39:39,319 [main] INFO  base.BaseClass - Found Element By {by.toString()}
2023-09-29 21:39:39,432 [main] INFO  base.BaseClass - Trying to find Element By {by.toString()})
2023-09-29 21:39:39,446 [main] INFO  base.BaseClass - Found Element By {by.toString()}
2023-09-29 21:39:39,446 [main] INFO  base.BaseClass - Trying to click on: {element.toString()}
2023-09-29 21:39:39,495 [main] INFO  base.BaseClass - Clicked on: {element.toString()}
2023-09-29 21:39:39,495 [main] INFO  base.BaseClass - Trying to find Element By {by.toString()})
2023-09-29 21:39:49,687 [main] INFO  base.BaseClass - Found Element By {by.toString()}
2023-09-29 21:39:49,709 [main] INFO  base.BaseClass - Trying to find Element By {by.toString()})
NoSuchElementException occurred: no such element: Unable to locate element: {"method":"xpath","selector":"//div[@class='modal-content']/div/i[contains(@class,'close')]"}
  (Session info: chrome=117.0.5938.132)
For documentation on this error, please visit: https://www.seleniumhq.org/exceptions/no_such_element.html
Build info: version: '3.141.59', revision: 'e82be7d358', time: '2018-11-14T08:17:03'
System info: host: 'DPLAP166', ip: '137.237.2.110', os.name: 'Windows 10', os.arch: 'amd64', os.version: '10.0', java.version: '19.0.1'
Driver info: org.openqa.selenium.chrome.ChromeDriver
Capabilities {acceptInsecureCerts: false, browserName: chrome, browserVersion: 117.0.5938.132, chrome: {chromedriverVersion: 117.0.5938.92 (67649b10b92b..., userDataDir: C:\Users\dP-PL\AppData\Loca...}, fedcm:accounts: true, goog:chromeOptions: {debuggerAddress: localhost:53714}, javascriptEnabled: true, networkConnectionEnabled: false, pageLoadStrategy: normal, platform: WINDOWS, platformName: WINDOWS, proxy: Proxy(), setWindowRect: true, strictFileInteractability: false, timeouts: {implicit: 0, pageLoad: 300000, script: 30000}, unhandledPromptBehavior: dismiss and notify, webauthn:extension:credBlob: true, webauthn:extension:largeBlob: true, webauthn:extension:minPinLength: true, webauthn:extension:prf: true, webauthn:virtualAuthenticators: true}
Session ID: d941b375d76c80c5b1e00a761314694f
*** Element info: {Using=xpath, value=//div[@class='modal-content']/div/i[contains(@class,'close')]}
Before method Test name: About_network_test
CreateNewHardRegion started!
2023-09-29 21:40:39,823 [main] INFO  base.BaseClass - Trying to find Element By {by.toString()})
2023-09-29 21:40:39,848 [main] INFO  base.BaseClass - Found Element By {by.toString()}
2023-09-29 21:40:39,848 [main] INFO  base.BaseClass - Trying to click on: {element.toString()}
2023-09-29 21:40:39,942 [main] INFO  base.BaseClass - Clicked on: {element.toString()}
2023-09-29 21:40:39,943 [main] INFO  base.BaseClass - Trying to find Element By {by.toString()})
2023-09-29 21:40:39,955 [main] INFO  base.BaseClass - Found Element By {by.toString()}
2023-09-29 21:40:39,955 [main] INFO  base.BaseClass - Trying to click on: {element.toString()}
2023-09-29 21:40:40,091 [main] INFO  base.BaseClass - Clicked on: {element.toString()}
2023-09-29 21:40:40,091 [main] INFO  base.BaseClass - Trying to find Element By {by.toString()})
2023-09-29 21:40:40,116 [main] INFO  base.BaseClass - Found Element By {by.toString()}
2023-09-29 21:40:40,130 [main] INFO  base.BaseClass - Trying to find Element By {by.toString()})
2023-09-29 21:40:40,152 [main] INFO  base.BaseClass - Found Element By {by.toString()}
2023-09-29 21:40:40,153 [main] INFO  base.BaseClass - Trying to click on: {element.toString()}
2023-09-29 21:40:40,237 [main] INFO  base.BaseClass - Clicked on: {element.toString()}
2023-09-29 21:40:40,241 [main] INFO  base.BaseClass - Trying to find Element By {by.toString()})
2023-09-29 21:40:40,256 [main] INFO  base.BaseClass - Found Element By {by.toString()}
2023-09-29 21:40:40,256 [main] INFO  base.BaseClass - Trying to click on: {element.toString()}
2023-09-29 21:40:40,384 [main] INFO  base.BaseClass - Clicked on: {element.toString()}
2023-09-29 21:40:40,384 [main] INFO  base.BaseClass - Trying to find Element By {by.toString()})
2023-09-29 21:40:40,398 [main] INFO  base.BaseClass - Found Element By {by.toString()}
2023-09-29 21:40:40,398 [main] INFO  base.BaseClass - Trying to click on: {element.toString()}
2023-09-29 21:40:40,447 [main] INFO  base.BaseClass - Clicked on: {element.toString()}
2023-09-29 21:40:40,447 [main] INFO  base.BaseClass - Trying to find Element By {by.toString()})
2023-09-29 21:40:40,462 [main] INFO  base.BaseClass - Found Element By {by.toString()}
2023-09-29 21:40:40,538 [main] INFO  base.BaseClass - Trying to find Element By {by.toString()})
2023-09-29 21:40:40,566 [main] INFO  base.BaseClass - Found Element By {by.toString()}
2023-09-29 21:40:40,643 [main] INFO  base.BaseClass - Trying to find Element By {by.toString()})
2023-09-29 21:40:40,668 [main] INFO  base.BaseClass - Found Element By {by.toString()}
2023-09-29 21:40:40,741 [main] INFO  base.BaseClass - Trying to find Element By {by.toString()})
2023-09-29 21:40:40,754 [main] INFO  base.BaseClass - Found Element By {by.toString()}
2023-09-29 21:40:40,956 [main] INFO  base.BaseClass - Trying to find Element By {by.toString()})
2023-09-29 21:40:40,971 [main] INFO  base.BaseClass - Found Element By {by.toString()}
2023-09-29 21:40:40,983 [main] INFO  base.BaseClass - Trying to find Element By {by.toString()})
2023-09-29 21:40:40,996 [main] INFO  base.BaseClass - Found Element By {by.toString()}
2023-09-29 21:40:41,009 [main] INFO  base.BaseClass - Trying to find Element By {by.toString()})
2023-09-29 21:40:41,024 [main] INFO  base.BaseClass - Found Element By {by.toString()}
2023-09-29 21:40:41,066 [main] INFO  base.BaseClass - Trying to find Element By {by.toString()})
2023-09-29 21:40:41,082 [main] INFO  base.BaseClass - Found Element By {by.toString()}
2023-09-29 21:40:41,102 [main] INFO  base.BaseClass - Trying to find Element By {by.toString()})
2023-09-29 21:40:41,118 [main] INFO  base.BaseClass - Found Element By {by.toString()}
2023-09-29 21:40:41,118 [main] INFO  base.BaseClass - Trying to click on: {element.toString()}
2023-09-29 21:40:41,225 [main] INFO  base.BaseClass - Clicked on: {element.toString()}
2023-09-29 21:40:41,225 [main] INFO  base.BaseClass - Trying to find Element By {by.toString()})
2023-09-29 21:40:41,472 [main] INFO  base.BaseClass - Found Element By {by.toString()}
In ele selection
2023-09-29 21:40:41,983 [main] INFO  base.BaseClass - Trying to click on: {element.toString()}
2023-09-29 21:40:42,074 [main] INFO  base.BaseClass - Clicked on: {element.toString()}
2023-09-29 21:40:42,076 [main] INFO  base.BaseClass - Trying to find Element By {by.toString()})
2023-09-29 21:40:42,089 [main] INFO  base.BaseClass - Found Element By {by.toString()}
2023-09-29 21:40:42,089 [main] INFO  base.BaseClass - Trying to click on: {element.toString()}
2023-09-29 21:40:42,130 [main] INFO  base.BaseClass - Clicked on: {element.toString()}
2023-09-29 21:40:42,130 [Forwarding actions on session d941b375d76c80c5b1e00a761314694f to remote] INFO  base.BaseClass - Trying to find Element By {by.toString()})
2023-09-29 21:40:42,143 [Forwarding actions on session d941b375d76c80c5b1e00a761314694f to remote] INFO  base.BaseClass - Found Element By {by.toString()}
2023-09-29 21:40:42,275 [main] INFO  base.BaseClass - Trying to find Element By {by.toString()})
2023-09-29 21:40:42,293 [main] INFO  base.BaseClass - Found Element By {by.toString()}
2023-09-29 21:40:43,308 [main] INFO  base.BaseClass - Trying to find Element By {by.toString()})
2023-09-29 21:40:43,337 [main] INFO  base.BaseClass - Found Element By {by.toString()}
2023-09-29 21:40:43,354 [main] INFO  base.BaseClass - Trying to find Element By {by.toString()})
2023-09-29 21:40:43,367 [main] INFO  base.BaseClass - Found Element By {by.toString()}
2023-09-29 21:40:43,379 [main] INFO  base.BaseClass - Trying to find Element By {by.toString()})
2023-09-29 21:40:43,395 [main] INFO  base.BaseClass - Found Element By {by.toString()}
RO is New Region
2023-09-29 21:40:43,405 [main] INFO  base.BaseClass - Trying to find Element By {by.toString()})
2023-09-29 21:40:43,422 [main] INFO  base.BaseClass - Found Element By {by.toString()}
Writing on Excel file Finished ...
CreateNewHardRegion passed!
]]></system-out>
    <system-err><![CDATA[Starting ChromeDriver 117.0.5938.92 (67649b10b92bb182fba357831ef7dd6a1baa5648-refs/branch-heads/5938_62@{#14}) on port 3673
Only local connections are allowed.
Please see https://chromedriver.chromium.org/security-considerations for suggestions on keeping ChromeDriver safe.
ChromeDriver was started successfully.
Sept 29, 2023 9:39:28 PM org.openqa.selenium.remote.ProtocolHandshake createSession
INFO: Detected dialect: W3C
]]></system-err>
  </testcase>
  <testcase name="CreateNewSoftRegion" classname="XGLT_6752_Test" time="3.754">
    <system-out><![CDATA[Before method Test name: About_network_test
CreateNewSoftRegion started!
2023-09-29 21:40:43,905 [main] INFO  base.BaseClass - Trying to find Element By {by.toString()})
2023-09-29 21:40:43,926 [main] INFO  base.BaseClass - Found Element By {by.toString()}
2023-09-29 21:40:43,926 [main] INFO  base.BaseClass - Trying to click on: {element.toString()}
2023-09-29 21:40:43,982 [main] INFO  base.BaseClass - Clicked on: {element.toString()}
2023-09-29 21:40:43,983 [main] INFO  base.BaseClass - Trying to find Element By {by.toString()})
2023-09-29 21:40:43,999 [main] INFO  base.BaseClass - Found Element By {by.toString()}
2023-09-29 21:40:44,000 [main] INFO  base.BaseClass - Trying to click on: {element.toString()}
2023-09-29 21:40:44,085 [main] INFO  base.BaseClass - Clicked on: {element.toString()}
2023-09-29 21:40:44,085 [main] INFO  base.BaseClass - Trying to find Element By {by.toString()})
2023-09-29 21:40:44,103 [main] INFO  base.BaseClass - Found Element By {by.toString()}
2023-09-29 21:40:44,118 [main] INFO  base.BaseClass - Trying to find Element By {by.toString()})
2023-09-29 21:40:44,130 [main] INFO  base.BaseClass - Found Element By {by.toString()}
2023-09-29 21:40:44,130 [main] INFO  base.BaseClass - Trying to click on: {element.toString()}
2023-09-29 21:40:44,230 [main] INFO  base.BaseClass - Clicked on: {element.toString()}
2023-09-29 21:40:44,233 [main] INFO  base.BaseClass - Trying to find Element By {by.toString()})
2023-09-29 21:40:44,247 [main] INFO  base.BaseClass - Found Element By {by.toString()}
2023-09-29 21:40:44,247 [main] INFO  base.BaseClass - Trying to click on: {element.toString()}
2023-09-29 21:40:44,382 [main] INFO  base.BaseClass - Clicked on: {element.toString()}
2023-09-29 21:40:44,382 [main] INFO  base.BaseClass - Trying to find Element By {by.toString()})
2023-09-29 21:40:44,409 [main] INFO  base.BaseClass - Found Element By {by.toString()}
2023-09-29 21:40:44,409 [main] INFO  base.BaseClass - Trying to click on: {element.toString()}
2023-09-29 21:40:44,453 [main] INFO  base.BaseClass - Clicked on: {element.toString()}
2023-09-29 21:40:44,453 [main] INFO  base.BaseClass - Trying to find Element By {by.toString()})
2023-09-29 21:40:44,473 [main] INFO  base.BaseClass - Found Element By {by.toString()}
2023-09-29 21:40:44,611 [main] INFO  base.BaseClass - Trying to find Element By {by.toString()})
2023-09-29 21:40:44,629 [main] INFO  base.BaseClass - Found Element By {by.toString()}
2023-09-29 21:40:44,733 [main] INFO  base.BaseClass - Trying to find Element By {by.toString()})
2023-09-29 21:40:44,744 [main] INFO  base.BaseClass - Found Element By {by.toString()}
2023-09-29 21:40:44,994 [main] INFO  base.BaseClass - Trying to find Element By {by.toString()})
2023-09-29 21:40:45,015 [main] INFO  base.BaseClass - Found Element By {by.toString()}
2023-09-29 21:40:45,030 [main] INFO  base.BaseClass - Trying to find Element By {by.toString()})
2023-09-29 21:40:45,043 [main] INFO  base.BaseClass - Found Element By {by.toString()}
2023-09-29 21:40:45,055 [main] INFO  base.BaseClass - Trying to find Element By {by.toString()})
2023-09-29 21:40:45,069 [main] INFO  base.BaseClass - Found Element By {by.toString()}
2023-09-29 21:40:45,107 [main] INFO  base.BaseClass - Trying to find Element By {by.toString()})
2023-09-29 21:40:45,121 [main] INFO  base.BaseClass - Found Element By {by.toString()}
2023-09-29 21:40:45,145 [main] INFO  base.BaseClass - Trying to find Element By {by.toString()})
2023-09-29 21:40:45,161 [main] INFO  base.BaseClass - Found Element By {by.toString()}
2023-09-29 21:40:45,161 [main] INFO  base.BaseClass - Trying to click on: {element.toString()}
2023-09-29 21:40:45,227 [main] INFO  base.BaseClass - Clicked on: {element.toString()}
2023-09-29 21:40:45,227 [main] INFO  base.BaseClass - Trying to find Element By {by.toString()})
2023-09-29 21:40:45,459 [main] INFO  base.BaseClass - Found Element By {by.toString()}
In ele selection
2023-09-29 21:40:45,989 [main] INFO  base.BaseClass - Trying to click on: {element.toString()}
2023-09-29 21:40:46,051 [main] INFO  base.BaseClass - Clicked on: {element.toString()}
2023-09-29 21:40:46,054 [main] INFO  base.BaseClass - Trying to find Element By {by.toString()})
2023-09-29 21:40:46,065 [main] INFO  base.BaseClass - Found Element By {by.toString()}
2023-09-29 21:40:46,065 [main] INFO  base.BaseClass - Trying to click on: {element.toString()}
2023-09-29 21:40:46,106 [main] INFO  base.BaseClass - Clicked on: {element.toString()}
2023-09-29 21:40:46,107 [Forwarding actions on session d941b375d76c80c5b1e00a761314694f to remote] INFO  base.BaseClass - Trying to find Element By {by.toString()})
2023-09-29 21:40:46,117 [Forwarding actions on session d941b375d76c80c5b1e00a761314694f to remote] INFO  base.BaseClass - Found Element By {by.toString()}
2023-09-29 21:40:46,233 [main] INFO  base.BaseClass - Trying to find Element By {by.toString()})
2023-09-29 21:40:46,251 [main] INFO  base.BaseClass - Found Element By {by.toString()}
2023-09-29 21:40:47,269 [main] INFO  base.BaseClass - Trying to find Element By {by.toString()})
2023-09-29 21:40:47,289 [main] INFO  base.BaseClass - Found Element By {by.toString()}
2023-09-29 21:40:47,305 [main] INFO  base.BaseClass - Trying to find Element By {by.toString()})
2023-09-29 21:40:47,318 [main] INFO  base.BaseClass - Found Element By {by.toString()}
2023-09-29 21:40:47,330 [main] INFO  base.BaseClass - Trying to find Element By {by.toString()})
2023-09-29 21:40:47,342 [main] INFO  base.BaseClass - Found Element By {by.toString()}
RO is New Region
2023-09-29 21:40:47,359 [main] INFO  base.BaseClass - Trying to find Element By {by.toString()})
2023-09-29 21:40:47,373 [main] INFO  base.BaseClass - Found Element By {by.toString()}
Writing on Excel file Finished ...
CreateNewSoftRegion passed!
]]></system-out>
  </testcase>
</testsuite>